[0.006s] Invoking command in '/media/snow/Heavy_Duty/ros2_package/src/camera_mananger/build/camera_mananger': CMAKE_PREFIX_PATH=/opt/ros/humble /usr/bin/cmake --build /media/snow/Heavy_Duty/ros2_package/src/camera_mananger/build/camera_mananger -- -j4 -l4
[0.036s] [35m[1mConsolidate compiler generated dependencies of target listener[0m
[0.044s] [ 75%] Built target publisher
[0.044s] [ 75%] [32mBuilding CXX object CMakeFiles/listener.dir/src/camera_simulator.cpp.o[0m
[0.373s] In file included from [01m[K/media/snow/Heavy_Duty/ros2_package/src/camera_mananger/src/camera_simulator.cpp:7[m[K:
[0.373s] [01m[K/opt/ros/humble/include/image_transport/image_transport/image_transport.h:32:89:[m[K [01;36m[Knote: [m[Kâ€˜[01m[K#pragma message: Warning: This header is deprecated. Use 'image_transport.hpp' instead[m[Kâ€™
[0.373s]    32 | #pragma message ("Warning: This header is deprecated. Use 'image_transport.hpp' instead"[01;36m[K)[m[K
[0.373s]       |                                                                                         [01;36m[K^[m[K
[1.591s] [01m[K/media/snow/Heavy_Duty/ros2_package/src/camera_mananger/src/camera_simulator.cpp:[m[K In constructor â€˜[01m[KFrameMangSub::FrameMangSub()[m[Kâ€™:
[1.591s] [01m[K/media/snow/Heavy_Duty/ros2_package/src/camera_mananger/src/camera_simulator.cpp:34:42:[m[K [01;35m[Kwarning: [m[Kunused variable â€˜[01m[Kentry[m[Kâ€™ [[01;35m[K]8;;https://gcc.gnu.org/onlinedocs/gcc/Warning-Options.html#index-Wunused-variable-Wunused-variable]8;;[m[K]
[1.591s]    34 |                         for (const auto &[01;35m[Kentry[m[K : fs::directory_iterator(drive)){
[1.591s]       |                                          [01;35m[K^~~~~[m[K
[1.596s] [01m[K/media/snow/Heavy_Duty/ros2_package/src/camera_mananger/src/camera_simulator.cpp:[m[K In member function â€˜[01m[Kvoid FrameMangSub::topic_callback(const Image&)[m[Kâ€™:
[1.597s] [01m[K/media/snow/Heavy_Duty/ros2_package/src/camera_mananger/src/camera_simulator.cpp:115:63:[m[K [01;35m[Kwarning: [m[Ktaking the address of a label is non-standard [[01;35m[K]8;;https://gcc.gnu.org/onlinedocs/gcc/Warning-Options.html#index-Wpedantic-Wpedantic]8;;[m[K]
[1.597s]   115 |                         std::string time_format( std::ctime(&&[01;35m[Kt[m[K) )
[1.597s]       |                                                               [01;35m[K^[m[K
[1.597s] [01m[K/media/snow/Heavy_Duty/ros2_package/src/camera_mananger/src/camera_simulator.cpp:115:61:[m[K [01;31m[Kerror: [m[Kinvalid conversion from â€˜[01m[Kvoid*[m[Kâ€™ to â€˜[01m[Kconst time_t*[m[Kâ€™ {aka â€˜[01m[Kconst long int*[m[Kâ€™} [[01;31m[K]8;;https://gcc.gnu.org/onlinedocs/gcc/Warning-Options.html#index-fpermissive-fpermissive]8;;[m[K]
[1.597s]   115 |                         std::string time_format( std::ctime([01;31m[K&&t[m[K) )
[1.597s]       |                                                             [01;31m[K^~~[m[K
[1.597s]       |                                                             [01;31m[K|[m[K
[1.597s]       |                                                             [01;31m[Kvoid*[m[K
[1.597s] In file included from [01m[K/usr/include/pthread.h:23[m[K,
[1.597s]                  from [01m[K/usr/include/aarch64-linux-gnu/c++/11/bits/gthr-default.h:35[m[K,
[1.597s]                  from [01m[K/usr/include/aarch64-linux-gnu/c++/11/bits/gthr.h:148[m[K,
[1.597s]                  from [01m[K/usr/include/c++/11/ext/atomicity.h:35[m[K,
[1.597s]                  from [01m[K/usr/include/c++/11/bits/shared_ptr_base.h:61[m[K,
[1.597s]                  from [01m[K/usr/include/c++/11/bits/shared_ptr.h:53[m[K,
[1.597s]                  from [01m[K/usr/include/c++/11/memory:77[m[K,
[1.597s]                  from [01m[K/media/snow/Heavy_Duty/ros2_package/src/camera_mananger/src/camera_simulator.cpp:1[m[K:
[1.597s] [01m[K/usr/include/time.h:183:35:[m[K [01;36m[Knote: [m[K  initializing argument 1 of â€˜[01m[Kchar* ctime(const time_t*)[m[Kâ€™
[1.597s]   183 | extern char *ctime ([01;36m[Kconst time_t *__timer[m[K) __THROW;
[1.597s]       |                     [01;36m[K~~~~~~~~~~~~~~^~~~~~~[m[K
[1.597s] [01m[K/media/snow/Heavy_Duty/ros2_package/src/camera_mananger/src/camera_simulator.cpp:116:25:[m[K [01;31m[Kerror: [m[Kexpected â€˜[01m[K,[m[Kâ€™ or â€˜[01m[K;[m[Kâ€™ before â€˜[01m[Kcurrent_file[m[Kâ€™
[1.597s]   116 |                         [01;31m[Kcurrent_file[m[K << time_format.substr(0, time_format.length() - 1) << ": " << result << std::endl;
[1.597s]       |                         [01;31m[K^~~~~~~~~~~~[m[K
[1.597s] [01m[K/media/snow/Heavy_Duty/ros2_package/src/camera_mananger/src/camera_simulator.cpp:115:63:[m[K [01;31m[Kerror: [m[Klabel â€˜[01m[Kt[m[Kâ€™ used but not defined
[1.597s]   115 |                         std::string time_format( std::ctime(&&[01;31m[Kt[m[K) )
[1.597s]       |                                                               [01;31m[K^[m[K
[2.644s] gmake[2]: *** [CMakeFiles/listener.dir/build.make:76: CMakeFiles/listener.dir/src/camera_simulator.cpp.o] Error 1
[2.644s] gmake[1]: *** [CMakeFiles/Makefile2:139: CMakeFiles/listener.dir/all] Error 2
[2.644s] gmake: *** [Makefile:146: all] Error 2
[2.646s] Invoked command in '/media/snow/Heavy_Duty/ros2_package/src/camera_mananger/build/camera_mananger' returned '2': CMAKE_PREFIX_PATH=/opt/ros/humble /usr/bin/cmake --build /media/snow/Heavy_Duty/ros2_package/src/camera_mananger/build/camera_mananger -- -j4 -l4
