[35m[1mConsolidate compiler generated dependencies of target twist_mux[0m
[ 33%] Built target twist_marker
[ 50%] [32mBuilding CXX object CMakeFiles/twist_mux.dir/src/twist_mux.cpp.o[0m
[ 66%] [32mBuilding CXX object CMakeFiles/twist_mux.dir/src/twist_mux_diagnostics.cpp.o[0m
In file included from [01m[K/home/agxorin1/autonomousvehiclelab/isaac_ros-dev/src/twist_mux/include/twist_mux/twist_mux_diagnostics_status.hpp:39[m[K,
                 from [01m[K/home/agxorin1/autonomousvehiclelab/isaac_ros-dev/src/twist_mux/include/twist_mux/twist_mux_diagnostics.hpp:38[m[K,
                 from [01m[K/home/agxorin1/autonomousvehiclelab/isaac_ros-dev/src/twist_mux/src/twist_mux_diagnostics.cpp:35[m[K:
[01m[K/home/agxorin1/autonomousvehiclelab/isaac_ros-dev/src/twist_mux/include/twist_mux/topic_handle.hpp:[m[K In member function â€˜[01m[Kvoid twist_mux::LockTopicHandle::callback(std_msgs::msg::Bool_<std::allocator<void> >::ConstSharedPtr)[m[Kâ€™:
[01m[K/home/agxorin1/autonomousvehiclelab/isaac_ros-dev/src/twist_mux/include/twist_mux/topic_handle.hpp:235:15:[m[K [01;31m[Kerror: [m[Kno match for â€˜[01m[Koperator<<[m[Kâ€™ (operand types are â€˜[01m[Kstd::ostream[m[Kâ€™ {aka â€˜[01m[Kstd::basic_ostream<char>[m[Kâ€™} and â€˜[01m[Krclcpp::Time[m[Kâ€™)
  235 |     [32m[Kstd::cout[m[K [01;31m[K<<[m[K [34m[Kmux_->now()[m[K << std::endl;
      |     [32m[K~~~~~~~~~[m[K [01;31m[K^~[m[K [34m[K~~~~~~~~~~~[m[K
      |          [32m[K|[m[K                [34m[K|[m[K
      |          [32m[K|[m[K                [34m[Krclcpp::Time[m[K
      |          [32m[Kstd::ostream {aka std::basic_ostream<char>}[m[K
In file included from [01m[K/usr/include/c++/11/iostream:39[m[K,
                 from [01m[K/opt/ros/humble/include/rclcpp/rclcpp/executor.hpp:22[m[K,
                 from [01m[K/opt/ros/humble/include/rclcpp/rclcpp/executors/multi_threaded_executor.hpp:25[m[K,
                 from [01m[K/opt/ros/humble/include/rclcpp/rclcpp/executors.hpp:21[m[K,
                 from [01m[K/opt/ros/humble/include/rclcpp/rclcpp/rclcpp.hpp:155[m[K,
                 from [01m[K/home/agxorin1/autonomousvehiclelab/isaac_ros-dev/src/twist_mux/include/twist_mux/twist_mux.hpp:38[m[K,
                 from [01m[K/home/agxorin1/autonomousvehiclelab/isaac_ros-dev/src/twist_mux/include/twist_mux/twist_mux_diagnostics_status.hpp:38[m[K,
                 from [01m[K/home/agxorin1/autonomousvehiclelab/isaac_ros-dev/src/twist_mux/include/twist_mux/twist_mux_diagnostics.hpp:38[m[K,
                 from [01m[K/home/agxorin1/autonomousvehiclelab/isaac_ros-dev/src/twist_mux/src/twist_mux_diagnostics.cpp:35[m[K:
[01m[K/usr/include/c++/11/ostream:108:7:[m[K [01;36m[Knote: [m[Kcandidate: â€˜[01m[Kstd::basic_ostream<_CharT, _Traits>::__ostream_type& std::basic_ostream<_CharT, _Traits>::operator<<(std::basic_ostream<_CharT, _Traits>::__ostream_type& (*)(std::basic_ostream<_CharT, _Traits>::__ostream_type&)) [with _CharT = char; _Traits = std::char_traits<char>; std::basic_ostream<_CharT, _Traits>::__ostream_type = std::basic_ostream<char>][m[Kâ€™
  108 |       [01;36m[Koperator[m[K<<(__ostream_type& (*__pf)(__ostream_type&))
      |       [01;36m[K^~~~~~~~[m[K
[01m[K/usr/include/c++/11/ostream:108:36:[m[K [01;36m[Knote: [m[K  no known conversion for argument 1 from â€˜[01m[Krclcpp::Time[m[Kâ€™ to â€˜[01m[Kstd::basic_ostream<char>::__ostream_type& (*)(std::basic_ostream<char>::__ostream_type&)[m[Kâ€™ {aka â€˜[01m[Kstd::basic_ostream<char>& (*)(std::basic_ostream<char>&)[m[Kâ€™}
  108 |       operator<<([01;36m[K__ostream_type& (*__pf)(__ostream_type&)[m[K)
      |                  [01;36m[K~~~~~~~~~~~~~~~~~~^~~~~~~~~~~~~~~~~~~~~~[m[K
[01m[K/usr/include/c++/11/ostream:117:7:[m[K [01;36m[Knote: [m[Kcandidate: â€˜[01m[Kstd::basic_ostream<_CharT, _Traits>::__ostream_type& std::basic_ostream<_CharT, _Traits>::operator<<(std::basic_ostream<_CharT, _Traits>::__ios_type& (*)(std::basic_ostream<_CharT, _Traits>::__ios_type&)) [with _CharT = char; _Traits = std::char_traits<char>; std::basic_ostream<_CharT, _Traits>::__ostream_type = std::basic_ostream<char>; std::basic_ostream<_CharT, _Traits>::__ios_type = std::basic_ios<char>][m[Kâ€™
  117 |       [01;36m[Koperator[m[K<<(__ios_type& (*__pf)(__ios_type&))
      |       [01;36m[K^~~~~~~~[m[K
[01m[K/usr/include/c++/11/ostream:117:32:[m[K [01;36m[Knote: [m[K  no known conversion for argument 1 from â€˜[01m[Krclcpp::Time[m[Kâ€™ to â€˜[01m[Kstd::basic_ostream<char>::__ios_type& (*)(std::basic_ostream<char>::__ios_type&)[m[Kâ€™ {aka â€˜[01m[Kstd::basic_ios<char>& (*)(std::basic_ios<char>&)[m[Kâ€™}
  117 |       operator<<([01;36m[K__ios_type& (*__pf)(__ios_type&)[m[K)
      |                  [01;36m[K~~~~~~~~~~~~~~^~~~~~~~~~~~~~~~~~[m[K
[01m[K/usr/include/c++/11/ostream:127:7:[m[K [01;36m[Knote: [m[Kcandidate: â€˜[01m[Kstd::basic_ostream<_CharT, _Traits>::__ostream_type& std::basic_ostream<_CharT, _Traits>::operator<<(std::ios_base& (*)(std::ios_base&)) [with _CharT = char; _Traits = std::char_traits<char>; std::basic_ostream<_CharT, _Traits>::__ostream_type = std::basic_ostream<char>][m[Kâ€™
  127 |       [01;36m[Koperator[m[K<<(ios_base& (*__pf) (ios_base&))
      |       [01;36m[K^~~~~~~~[m[K
[01m[K/usr/include/c++/11/ostream:127:30:[m[K [01;36m[Knote: [m[K  no known conversion for argument 1 from â€˜[01m[Krclcpp::Time[m[Kâ€™ to â€˜[01m[Kstd::ios_base& (*)(std::ios_base&)[m[Kâ€™
  127 |       operator<<([01;36m[Kios_base& (*__pf) (ios_base&)[m[K)
      |                  [01;36m[K~~~~~~~~~~~~^~~~~~~~~~~~~~~~~[m[K
[01m[K/usr/include/c++/11/ostream:166:7:[m[K [01;36m[Knote: [m[Kcandidate: â€˜[01m[Kstd::basic_ostream<_CharT, _Traits>::__ostream_type& std::basic_ostream<_CharT, _Traits>::operator<<(long int) [with _CharT = char; _Traits = std::char_traits<char>; std::basic_ostream<_CharT, _Traits>::__ostream_type = std::basic_ostream<char>][m[Kâ€™
  166 |       [01;36m[Koperator[m[K<<(long __n)
      |       [01;36m[K^~~~~~~~[m[K
[01m[K/usr/include/c++/11/ostream:166:23:[m[K [01;36m[Knote: [m[K  no known conversion for argument 1 from â€˜[01m[Krclcpp::Time[m[Kâ€™ to â€˜[01m[Klong int[m[Kâ€™
  166 |       operator<<([01;36m[Klong __n[m[K)
      |                  [01;36m[K~~~~~^~~[m[K
[01m[K/usr/include/c++/11/ostream:170:7:[m[K [01;36m[Knote: [m[Kcandidate: â€˜[01m[Kstd::basic_ostream<_CharT, _Traits>::__ostream_type& std::basic_ostream<_CharT, _Traits>::operator<<(long unsigned int) [with _CharT = char; _Traits = std::char_traits<char>; std::basic_ostream<_CharT, _Traits>::__ostream_type = std::basic_ostream<char>][m[Kâ€™
  170 |       [01;36m[Koperator[m[K<<(unsigned long __n)
      |       [01;36m[K^~~~~~~~[m[K
[01m[K/usr/include/c++/11/ostream:170:32:[m[K [01;36m[Knote: [m[K  no known conversion for argument 1 from â€˜[01m[Krclcpp::Time[m[Kâ€™ to â€˜[01m[Klong unsigned int[m[Kâ€™
  170 |       operator<<([01;36m[Kunsigned long __n[m[K)
      |                  [01;36m[K~~~~~~~~~~~~~~^~~[m[K
[01m[K/usr/include/c++/11/ostream:174:7:[m[K [01;36m[Knote: [m[Kcandidate: â€˜[01m[Kstd::basic_ostream<_CharT, _Traits>::__ostream_type& std::basic_ostream<_CharT, _Traits>::operator<<(bool) [with _CharT = char; _Traits = std::char_traits<char>; std::basic_ostream<_CharT, _Traits>::__ostream_type = std::basic_ostream<char>][m[Kâ€™
  174 |       [01;36m[Koperator[m[K<<(bool __n)
      |       [01;36m[K^~~~~~~~[m[K
[01m[K/usr/include/c++/11/ostream:174:23:[m[K [01;36m[Knote: [m[K  no known conversion for argument 1 from â€˜[01m[Krclcpp::Time[m[Kâ€™ to â€˜[01m[Kbool[m[Kâ€™
  174 |       operator<<([01;36m[Kbool __n[m[K)
      |                  [01;36m[K~~~~~^~~[m[K
In file included from [01m[K/usr/include/c++/11/ostream:829[m[K,
                 from [01m[K/usr/include/c++/11/iostream:39[m[K,
                 from [01m[K/opt/ros/humble/include/rclcpp/rclcpp/executor.hpp:22[m[K,
                 from [01m[K/opt/ros/humble/include/rclcpp/rclcpp/executors/multi_threaded_executor.hpp:25[m[K,
                 from [01m[K/opt/ros/humble/include/rclcpp/rclcpp/executors.hpp:21[m[K,
                 from [01m[K/opt/ros/humble/include/rclcpp/rclcpp/rclcpp.hpp:155[m[K,
                 from [01m[K/home/agxorin1/autonomousvehiclelab/isaac_ros-dev/src/twist_mux/include/twist_mux/twist_mux.hpp:38[m[K,
                 from [01m[K/home/agxorin1/autonomousvehiclelab/isaac_ros-dev/src/twist_mux/include/twist_mux/twist_mux_diagnostics_status.hpp:38[m[K,
                 from [01m[K/home/agxorin1/autonomousvehiclelab/isaac_ros-dev/src/twist_mux/include/twist_mux/twist_mux_diagnostics.hpp:38[m[K,
                 from [01m[K/home/agxorin1/autonomousvehiclelab/isaac_ros-dev/src/twist_mux/src/twist_mux_diagnostics.cpp:35[m[K:
[01m[K/usr/include/c++/11/bits/ostream.tcc:91:5:[m[K [01;36m[Knote: [m[Kcandidate: â€˜[01m[Kstd::basic_ostream<_Ch, _Tr>& std::basic_ostream<_CharT, _Traits>::operator<<(short int) [with _CharT = char; _Traits = std::char_traits<char>][m[Kâ€™
   91 |     [01;36m[Kbasic_ostream<_CharT, _Traits>[m[K::
      |     [01;36m[K^~~~~~~~~~~~~~~~~~~~~~~~~~~~~~[m[K
[01m[K/usr/include/c++/11/bits/ostream.tcc:92:22:[m[K [01;36m[Knote: [m[K  no known conversion for argument 1 from â€˜[01m[Krclcpp::Time[m[Kâ€™ to â€˜[01m[Kshort int[m[Kâ€™
   92 |     operator<<([01;36m[Kshort __n[m[K)
      |                [01;36m[K~~~~~~^~~[m[K
In file included from [01m[K/usr/include/c++/11/iostream:39[m[K,
                 from [01m[K/opt/ros/humble/include/rclcpp/rclcpp/executor.hpp:22[m[K,
                 from [01m[K/opt/ros/humble/include/rclcpp/rclcpp/executors/multi_threaded_executor.hpp:25[m[K,
                 from [01m[K/opt/ros/humble/include/rclcpp/rclcpp/executors.hpp:21[m[K,
                 from [01m[K/opt/ros/humble/include/rclcpp/rclcpp/rclcpp.hpp:155[m[K,
                 from [01m[K/home/agxorin1/autonomousvehiclelab/isaac_ros-dev/src/twist_mux/include/twist_mux/twist_mux.hpp:38[m[K,
                 from [01m[K/home/agxorin1/autonomousvehiclelab/isaac_ros-dev/src/twist_mux/include/twist_mux/twist_mux_diagnostics_status.hpp:38[m[K,
                 from [01m[K/home/agxorin1/autonomousvehiclelab/isaac_ros-dev/src/twist_mux/include/twist_mux/twist_mux_diagnostics.hpp:38[m[K,
                 from [01m[K/home/agxorin1/autonomousvehiclelab/isaac_ros-dev/src/twist_mux/src/twist_mux_diagnostics.cpp:35[m[K:
[01m[K/usr/include/c++/11/ostream:181:7:[m[K [01;36m[Knote: [m[Kcandidate: â€˜[01m[Kstd::basic_ostream<_CharT, _Traits>::__ostream_type& std::basic_ostream<_CharT, _Traits>::operator<<(short unsigned int) [with _CharT = char; _Traits = std::char_traits<char>; std::basic_ostream<_CharT, _Traits>::__ostream_type = std::basic_ostream<char>][m[Kâ€™
  181 |       [01;36m[Koperator[m[K<<(unsigned short __n)
      |       [01;36m[K^~~~~~~~[m[K
[01m[K/usr/include/c++/11/ostream:181:33:[m[K [01;36m[Knote: [m[K  no known conversion for argument 1 from â€˜[01m[Krclcpp::Time[m[Kâ€™ to â€˜[01m[Kshort unsigned int[m[Kâ€™
  181 |       operator<<([01;36m[Kunsigned short __n[m[K)
      |                  [01;36m[K~~~~~~~~~~~~~~~^~~[m[K
In file included from [01m[K/usr/include/c++/11/ostream:829[m[K,
                 from [01m[K/usr/include/c++/11/iostream:39[m[K,
                 from [01m[K/opt/ros/humble/include/rclcpp/rclcpp/executor.hpp:22[m[K,
                 from [01m[K/opt/ros/humble/include/rclcpp/rclcpp/executors/multi_threaded_executor.hpp:25[m[K,
                 from [01m[K/opt/ros/humble/include/rclcpp/rclcpp/executors.hpp:21[m[K,
                 from [01m[K/opt/ros/humble/include/rclcpp/rclcpp/rclcpp.hpp:155[m[K,
                 from [01m[K/home/agxorin1/autonomousvehiclelab/isaac_ros-dev/src/twist_mux/include/twist_mux/twist_mux.hpp:38[m[K,
                 from [01m[K/home/agxorin1/autonomousvehiclelab/isaac_ros-dev/src/twist_mux/include/twist_mux/twist_mux_diagnostics_status.hpp:38[m[K,
                 from [01m[K/home/agxorin1/autonomousvehiclelab/isaac_ros-dev/src/twist_mux/include/twist_mux/twist_mux_diagnostics.hpp:38[m[K,
                 from [01m[K/home/agxorin1/autonomousvehiclelab/isaac_ros-dev/src/twist_mux/src/twist_mux_diagnostics.cpp:35[m[K:
[01m[K/usr/include/c++/11/bits/ostream.tcc:105:5:[m[K [01;36m[Knote: [m[Kcandidate: â€˜[01m[Kstd::basic_ostream<_Ch, _Tr>& std::basic_ostream<_CharT, _Traits>::operator<<(int) [with _CharT = char; _Traits = std::char_traits<char>][m[Kâ€™
  105 |     [01;36m[Kbasic_ostream<_CharT, _Traits>[m[K::
      |     [01;36m[K^~~~~~~~~~~~~~~~~~~~~~~~~~~~~~[m[K
[01m[K/usr/include/c++/11/bits/ostream.tcc:106:20:[m[K [01;36m[Knote: [m[K  no known conversion for argument 1 from â€˜[01m[Krclcpp::Time[m[Kâ€™ to â€˜[01m[Kint[m[Kâ€™
  106 |     operator<<([01;36m[Kint __n[m[K)
      |                [01;36m[K~~~~^~~[m[K
In file included from [01m[K/usr/include/c++/11/iostream:39[m[K,
                 from [01m[K/opt/ros/humble/include/rclcpp/rclcpp/executor.hpp:22[m[K,
                 from [01m[K/opt/ros/humble/include/rclcpp/rclcpp/executors/multi_threaded_executor.hpp:25[m[K,
                 from [01m[K/opt/ros/humble/include/rclcpp/rclcpp/executors.hpp:21[m[K,
                 from [01m[K/opt/ros/humble/include/rclcpp/rclcpp/rclcpp.hpp:155[m[K,
                 from [01m[K/home/agxorin1/autonomousvehiclelab/isaac_ros-dev/src/twist_mux/include/twist_mux/twist_mux.hpp:38[m[K,
                 from [01m[K/home/agxorin1/autonomousvehiclelab/isaac_ros-dev/src/twist_mux/include/twist_mux/twist_mux_diagnostics_status.hpp:38[m[K,
                 from [01m[K/home/agxorin1/autonomousvehiclelab/isaac_ros-dev/src/twist_mux/include/twist_mux/twist_mux_diagnostics.hpp:38[m[K,
                 from [01m[K/home/agxorin1/autonomousvehiclelab/isaac_ros-dev/src/twist_mux/src/twist_mux_diagnostics.cpp:35[m[K:
[01m[K/usr/include/c++/11/ostream:192:7:[m[K [01;36m[Knote: [m[Kcandidate: â€˜[01m[Kstd::basic_ostream<_CharT, _Traits>::__ostream_type& std::basic_ostream<_CharT, _Traits>::operator<<(unsigned int) [with _CharT = char; _Traits = std::char_traits<char>; std::basic_ostream<_CharT, _Traits>::__ostream_type = std::basic_ostream<char>][m[Kâ€™
  192 |       [01;36m[Koperator[m[K<<(unsigned int __n)
      |       [01;36m[K^~~~~~~~[m[K
[01m[K/usr/include/c++/11/ostream:192:31:[m[K [01;36m[Knote: [m[K  no known conversion for argument 1 from â€˜[01m[Krclcpp::Time[m[Kâ€™ to â€˜[01m[Kunsigned int[m[Kâ€™
  192 |       operator<<([01;36m[Kunsigned int __n[m[K)
      |                  [01;36m[K~~~~~~~~~~~~~^~~[m[K
[01m[K/usr/include/c++/11/ostream:201:7:[m[K [01;36m[Knote: [m[Kcandidate: â€˜[01m[Kstd::basic_ostream<_CharT, _Traits>::__ostream_type& std::basic_ostream<_CharT, _Traits>::operator<<(long long int) [with _CharT = char; _Traits = std::char_traits<char>; std::basic_ostream<_CharT, _Traits>::__ostream_type = std::basic_ostream<char>][m[Kâ€™
  201 |       [01;36m[Koperator[m[K<<(long long __n)
      |       [01;36m[K^~~~~~~~[m[K
[01m[K/usr/include/c++/11/ostream:201:28:[m[K [01;36m[Knote: [m[K  no known conversion for argument 1 from â€˜[01m[Krclcpp::Time[m[Kâ€™ to â€˜[01m[Klong long int[m[Kâ€™
  201 |       operator<<([01;36m[Klong long __n[m[K)
      |                  [01;36m[K~~~~~~~~~~^~~[m[K
[01m[K/usr/include/c++/11/ostream:205:7:[m[K [01;36m[Knote: [m[Kcandidate: â€˜[01m[Kstd::basic_ostream<_CharT, _Traits>::__ostream_type& std::basic_ostream<_CharT, _Traits>::operator<<(long long unsigned int) [with _CharT = char; _Traits = std::char_traits<char>; std::basic_ostream<_CharT, _Traits>::__ostream_type = std::basic_ostream<char>][m[Kâ€™
  205 |       [01;36m[Koperator[m[K<<(unsigned long long __n)
      |       [01;36m[K^~~~~~~~[m[K
[01m[K/usr/include/c++/11/ostream:205:37:[m[K [01;36m[Knote: [m[K  no known conversion for argument 1 from â€˜[01m[Krclcpp::Time[m[Kâ€™ to â€˜[01m[Klong long unsigned int[m[Kâ€™
  205 |       operator<<([01;36m[Kunsigned long long __n[m[K)
      |                  [01;36m[K~~~~~~~~~~~~~~~~~~~^~~[m[K
[01m[K/usr/include/c++/11/ostream:220:7:[m[K [01;36m[Knote: [m[Kcandidate: â€˜[01m[Kstd::basic_ostream<_CharT, _Traits>::__ostream_type& std::basic_ostream<_CharT, _Traits>::operator<<(double) [with _CharT = char; _Traits = std::char_traits<char>; std::basic_ostream<_CharT, _Traits>::__ostream_type = std::basic_ostream<char>][m[Kâ€™
  220 |       [01;36m[Koperator[m[K<<(double __f)
      |       [01;36m[K^~~~~~~~[m[K
[01m[K/usr/include/c++/11/ostream:220:25:[m[K [01;36m[Knote: [m[K  no known conversion for argument 1 from â€˜[01m[Krclcpp::Time[m[Kâ€™ to â€˜[01m[Kdouble[m[Kâ€™
  220 |       operator<<([01;36m[Kdouble __f[m[K)
      |                  [01;36m[K~~~~~~~^~~[m[K
[01m[K/usr/include/c++/11/ostream:224:7:[m[K [01;36m[Knote: [m[Kcandidate: â€˜[01m[Kstd::basic_ostream<_CharT, _Traits>::__ostream_type& std::basic_ostream<_CharT, _Traits>::operator<<(float) [with _CharT = char; _Traits = std::char_traits<char>; std::basic_ostream<_CharT, _Traits>::__ostream_type = std::basic_ostream<char>][m[Kâ€™
  224 |       [01;36m[Koperator[m[K<<(float __f)
      |       [01;36m[K^~~~~~~~[m[K
[01m[K/usr/include/c++/11/ostream:224:24:[m[K [01;36m[Knote: [m[K  no known conversion for argument 1 from â€˜[01m[Krclcpp::Time[m[Kâ€™ to â€˜[01m[Kfloat[m[Kâ€™
  224 |       operator<<([01;36m[Kfloat __f[m[K)
      |                  [01;36m[K~~~~~~^~~[m[K
[01m[K/usr/include/c++/11/ostream:232:7:[m[K [01;36m[Knote: [m[Kcandidate: â€˜[01m[Kstd::basic_ostream<_CharT, _Traits>::__ostream_type& std::basic_ostream<_CharT, _Traits>::operator<<(long double) [with _CharT = char; _Traits = std::char_traits<char>; std::basic_ostream<_CharT, _Traits>::__ostream_type = std::basic_ostream<char>][m[Kâ€™
  232 |       [01;36m[Koperator[m[K<<(long double __f)
      |       [01;36m[K^~~~~~~~[m[K
[01m[K/usr/include/c++/11/ostream:232:30:[m[K [01;36m[Knote: [m[K  no known conversion for argument 1 from â€˜[01m[Krclcpp::Time[m[Kâ€™ to â€˜[01m[Klong double[m[Kâ€™
  232 |       operator<<([01;36m[Klong double __f[m[K)
      |                  [01;36m[K~~~~~~~~~~~~^~~[m[K
[01m[K/usr/include/c++/11/ostream:245:7:[m[K [01;36m[Knote: [m[Kcandidate: â€˜[01m[Kstd::basic_ostream<_CharT, _Traits>::__ostream_type& std::basic_ostream<_CharT, _Traits>::operator<<(const void*) [with _CharT = char; _Traits = std::char_traits<char>; std::basic_ostream<_CharT, _Traits>::__ostream_type = std::basic_ostream<char>][m[Kâ€™
  245 |       [01;36m[Koperator[m[K<<(const void* __p)
      |       [01;36m[K^~~~~~~~[m[K
[01m[K/usr/include/c++/11/ostream:245:30:[m[K [01;36m[Knote: [m[K  no known conversion for argument 1 from â€˜[01m[Krclcpp::Time[m[Kâ€™ to â€˜[01m[Kconst void*[m[Kâ€™
  245 |       operator<<([01;36m[Kconst void* __p[m[K)
      |                  [01;36m[K~~~~~~~~~~~~^~~[m[K
[01m[K/usr/include/c++/11/ostream:250:7:[m[K [01;36m[Knote: [m[Kcandidate: â€˜[01m[Kstd::basic_ostream<_CharT, _Traits>::__ostream_type& std::basic_ostream<_CharT, _Traits>::operator<<(std::nullptr_t) [with _CharT = char; _Traits = std::char_traits<char>; std::basic_ostream<_CharT, _Traits>::__ostream_type = std::basic_ostream<char>; std::nullptr_t = std::nullptr_t][m[Kâ€™
  250 |       [01;36m[Koperator[m[K<<(nullptr_t)
      |       [01;36m[K^~~~~~~~[m[K
[01m[K/usr/include/c++/11/ostream:250:18:[m[K [01;36m[Knote: [m[K  no known conversion for argument 1 from â€˜[01m[Krclcpp::Time[m[Kâ€™ to â€˜[01m[Kstd::nullptr_t[m[Kâ€™
  250 |       operator<<([01;36m[Knullptr_t[m[K)
      |                  [01;36m[K^~~~~~~~~[m[K
In file included from [01m[K/usr/include/c++/11/ostream:829[m[K,
                 from [01m[K/usr/include/c++/11/iostream:39[m[K,
                 from [01m[K/opt/ros/humble/include/rclcpp/rclcpp/executor.hpp:22[m[K,
                 from [01m[K/opt/ros/humble/include/rclcpp/rclcpp/executors/multi_threaded_executor.hpp:25[m[K,
                 from [01m[K/opt/ros/humble/include/rclcpp/rclcpp/executors.hpp:21[m[K,
                 from [01m[K/opt/ros/humble/include/rclcpp/rclcpp/rclcpp.hpp:155[m[K,
                 from [01m[K/home/agxorin1/autonomousvehiclelab/isaac_ros-dev/src/twist_mux/include/twist_mux/twist_mux.hpp:38[m[K,
                 from [01m[K/home/agxorin1/autonomousvehiclelab/isaac_ros-dev/src/twist_mux/include/twist_mux/twist_mux_diagnostics_status.hpp:38[m[K,
                 from [01m[K/home/agxorin1/autonomousvehiclelab/isaac_ros-dev/src/twist_mux/include/twist_mux/twist_mux_diagnostics.hpp:38[m[K,
                 from [01m[K/home/agxorin1/autonomousvehiclelab/isaac_ros-dev/src/twist_mux/src/twist_mux_diagnostics.cpp:35[m[K:
[01m[K/usr/include/c++/11/bits/ostream.tcc:119:5:[m[K [01;36m[Knote: [m[Kcandidate: â€˜[01m[Kstd::basic_ostream<_Ch, _Tr>& std::basic_ostream<_CharT, _Traits>::operator<<(std::basic_ostream<_CharT, _Traits>::__streambuf_type*) [with _CharT = char; _Traits = std::char_traits<char>; std::basic_ostream<_CharT, _Traits>::__streambuf_type = std::basic_streambuf<char>][m[Kâ€™
  119 |     [01;36m[Kbasic_ostream<_CharT, _Traits>[m[K::
      |     [01;36m[K^~~~~~~~~~~~~~~~~~~~~~~~~~~~~~[m[K
[01m[K/usr/include/c++/11/bits/ostream.tcc:120:34:[m[K [01;36m[Knote: [m[K  no known conversion for argument 1 from â€˜[01m[Krclcpp::Time[m[Kâ€™ to â€˜[01m[Kstd::basic_ostream<char>::__streambuf_type*[m[Kâ€™ {aka â€˜[01m[Kstd::basic_streambuf<char>*[m[Kâ€™}
  120 |     operator<<([01;36m[K__streambuf_type* __sbin[m[K)
      |                [01;36m[K~~~~~~~~~~~~~~~~~~^~~~~~[m[K
In file included from [01m[K/usr/include/c++/11/memory:77[m[K,
                 from [01m[K/opt/ros/humble/include/rclcpp/rclcpp/rclcpp.hpp:153[m[K,
                 from [01m[K/home/agxorin1/autonomousvehiclelab/isaac_ros-dev/src/twist_mux/include/twist_mux/twist_mux.hpp:38[m[K,
                 from [01m[K/home/agxorin1/autonomousvehiclelab/isaac_ros-dev/src/twist_mux/include/twist_mux/twist_mux_diagnostics_status.hpp:38[m[K,
                 from [01m[K/home/agxorin1/autonomousvehiclelab/isaac_ros-dev/src/twist_mux/include/twist_mux/twist_mux_diagnostics.hpp:38[m[K,
                 from [01m[K/home/agxorin1/autonomousvehiclelab/isaac_ros-dev/src/twist_mux/src/twist_mux_diagnostics.cpp:35[m[K:
[01m[K/usr/include/c++/11/bits/shared_ptr.h:70:5:[m[K [01;36m[Knote: [m[Kcandidate: â€˜[01m[Ktemplate<class _Ch, class _Tr, class _Tp, __gnu_cxx::_Lock_policy _Lp> std::basic_ostream<_Ch, _Tr>& std::operator<<(std::basic_ostream<_Ch, _Tr>&, const std::__shared_ptr<_Tp, _Lp>&)[m[Kâ€™
   70 |     [01;36m[Koperator[m[K<<(std::basic_ostream<_Ch, _Tr>& __os,
      |     [01;36m[K^~~~~~~~[m[K
[01m[K/usr/include/c++/11/bits/shared_ptr.h:70:5:[m[K [01;36m[Knote: [m[K  template argument deduction/substitution failed:
In file included from [01m[K/home/agxorin1/autonomousvehiclelab/isaac_ros-dev/src/twist_mux/include/twist_mux/twist_mux_diagnostics_status.hpp:39[m[K,
                 from [01m[K/home/agxorin1/autonomousvehiclelab/isaac_ros-dev/src/twist_mux/include/twist_mux/twist_mux_diagnostics.hpp:38[m[K,
                 from [01m[K/home/agxorin1/autonomousvehiclelab/isaac_ros-dev/src/twist_mux/src/twist_mux_diagnostics.cpp:35[m[K:
[01m[K/home/agxorin1/autonomousvehiclelab/isaac_ros-dev/src/twist_mux/include/twist_mux/topic_handle.hpp:235:28:[m[K [01;36m[Knote: [m[K  â€˜[01m[Krclcpp::Time[m[Kâ€™ is not derived from â€˜[01m[Kconst std::__shared_ptr<_Tp, _Lp>[m[Kâ€™
  235 |     std::cout << mux_->now([01;36m[K)[m[K << std::endl;
      |                            [01;36m[K^[m[K
In file included from [01m[K/usr/include/c++/11/bits/basic_string.h:48[m[K,
                 from [01m[K/usr/include/c++/11/string:55[m[K,
                 from [01m[K/usr/include/c++/11/stdexcept:39[m[K,
                 from [01m[K/usr/include/c++/11/system_error:41[m[K,
                 from [01m[K/usr/include/c++/11/mutex:42[m[K,
                 from [01m[K/usr/include/c++/11/future:38[m[K,
                 from [01m[K/opt/ros/humble/include/rclcpp/rclcpp/executors.hpp:18[m[K,
                 from [01m[K/opt/ros/humble/include/rclcpp/rclcpp/rclcpp.hpp:155[m[K,
                 from [01m[K/home/agxorin1/autonomousvehiclelab/isaac_ros-dev/src/twist_mux/include/twist_mux/twist_mux.hpp:38[m[K,
                 from [01m[K/home/agxorin1/autonomousvehiclelab/isaac_ros-dev/src/twist_mux/include/twist_mux/twist_mux_diagnostics_status.hpp:38[m[K,
                 from [01m[K/home/agxorin1/autonomousvehiclelab/isaac_ros-dev/src/twist_mux/include/twist_mux/twist_mux_diagnostics.hpp:38[m[K,
                 from [01m[K/home/agxorin1/autonomousvehiclelab/isaac_ros-dev/src/twist_mux/src/twist_mux_diagnostics.cpp:35[m[K:
[01m[K/usr/include/c++/11/string_view:667:5:[m[K [01;36m[Knote: [m[Kcandidate: â€˜[01m[Ktemplate<class _CharT, class _Traits> std::basic_ostream<_Ch, _Tr>& std::operator<<(std::basic_ostream<_Ch, _Tr>&, std::basic_string_view<_CharT, _Traits>)[m[Kâ€™
  667 |     [01;36m[Koperator[m[K<<(basic_ostream<_CharT, _Traits>& __os,
      |     [01;36m[K^~~~~~~~[m[K
[01m[K/usr/include/c++/11/string_view:667:5:[m[K [01;36m[Knote: [m[K  template argument deduction/substitution failed:
In file included from [01m[K/home/agxorin1/autonomousvehiclelab/isaac_ros-dev/src/twist_mux/include/twist_mux/twist_mux_diagnostics_status.hpp:39[m[K,
                 from [01m[K/home/agxorin1/autonomousvehiclelab/isaac_ros-dev/src/twist_mux/include/twist_mux/twist_mux_diagnostics.hpp:38[m[K,
                 from [01m[K/home/agxorin1/autonomousvehiclelab/isaac_ros-dev/src/twist_mux/src/twist_mux_diagnostics.cpp:35[m[K:
[01m[K/home/agxorin1/autonomousvehiclelab/isaac_ros-dev/src/twist_mux/include/twist_mux/topic_handle.hpp:235:28:[m[K [01;36m[Knote: [m[K  â€˜[01m[Krclcpp::Time[m[Kâ€™ is not derived from â€˜[01m[Kstd::basic_string_view<_CharT, _Traits>[m[Kâ€™
  235 |     std::cout << mux_->now([01;36m[K)[m[K << std::endl;
      |                            [01;36m[K^[m[K
In file included from [01m[K/usr/include/c++/11/string:55[m[K,
                 from [01m[K/usr/include/c++/11/stdexcept:39[m[K,
                 from [01m[K/usr/include/c++/11/system_error:41[m[K,
                 from [01m[K/usr/include/c++/11/mutex:42[m[K,
                 from [01m[K/usr/include/c++/11/future:38[m[K,
                 from [01m[K/opt/ros/humble/include/rclcpp/rclcpp/executors.hpp:18[m[K,
                 from [01m[K/opt/ros/humble/include/rclcpp/rclcpp/rclcpp.hpp:155[m[K,
                 from [01m[K/home/agxorin1/autonomousvehiclelab/isaac_ros-dev/src/twist_mux/include/twist_mux/twist_mux.hpp:38[m[K,
                 from [01m[K/home/agxorin1/autonomousvehiclelab/isaac_ros-dev/src/twist_mux/include/twist_mux/twist_mux_diagnostics_status.hpp:38[m[K,
                 from [01m[K/home/agxorin1/autonomousvehiclelab/isaac_ros-dev/src/twist_mux/include/twist_mux/twist_mux_diagnostics.hpp:38[m[K,
                 from [01m[K/home/agxorin1/autonomousvehiclelab/isaac_ros-dev/src/twist_mux/src/twist_mux_diagnostics.cpp:35[m[K:
[01m[K/usr/include/c++/11/bits/basic_string.h:6531:5:[m[K [01;36m[Knote: [m[Kcandidate: â€˜[01m[Ktemplate<class _CharT, class _Traits, class _Alloc> std::basic_ostream<_Ch, _Tr>& std::operator<<(std::basic_ostream<_Ch, _Tr>&, const std::__cxx11::basic_string<_CharT, _Traits, _Allocator>&)[m[Kâ€™
 6531 |     [01;36m[Koperator[m[K<<(basic_ostream<_CharT, _Traits>& __os,
      |     [01;36m[K^~~~~~~~[m[K
[01m[K/usr/include/c++/11/bits/basic_string.h:6531:5:[m[K [01;36m[Knote: [m[K  template argument deduction/substitution failed:
In file included from [01m[K/home/agxorin1/autonomousvehiclelab/isaac_ros-dev/src/twist_mux/include/twist_mux/twist_mux_diagnostics_status.hpp:39[m[K,
                 from [01m[K/home/agxorin1/autonomousvehiclelab/isaac_ros-dev/src/twist_mux/include/twist_mux/twist_mux_diagnostics.hpp:38[m[K,
                 from [01m[K/home/agxorin1/autonomousvehiclelab/isaac_ros-dev/src/twist_mux/src/twist_mux_diagnostics.cpp:35[m[K:
[01m[K/home/agxorin1/autonomousvehiclelab/isaac_ros-dev/src/twist_mux/include/twist_mux/topic_handle.hpp:235:28:[m[K [01;36m[Knote: [m[K  â€˜[01m[Krclcpp::Time[m[Kâ€™ is not derived from â€˜[01m[Kconst std::__cxx11::basic_string<_CharT, _Traits, _Allocator>[m[Kâ€™
  235 |     std::cout << mux_->now([01;36m[K)[m[K << std::endl;
      |                            [01;36m[K^[m[K
In file included from [01m[K/usr/include/c++/11/mutex:42[m[K,
                 from [01m[K/usr/include/c++/11/future:38[m[K,
                 from [01m[K/opt/ros/humble/include/rclcpp/rclcpp/executors.hpp:18[m[K,
                 from [01m[K/opt/ros/humble/include/rclcpp/rclcpp/rclcpp.hpp:155[m[K,
                 from [01m[K/home/agxorin1/autonomousvehiclelab/isaac_ros-dev/src/twist_mux/include/twist_mux/twist_mux.hpp:38[m[K,
                 from [01m[K/home/agxorin1/autonomousvehiclelab/isaac_ros-dev/src/twist_mux/include/twist_mux/twist_mux_diagnostics_status.hpp:38[m[K,
                 from [01m[K/home/agxorin1/autonomousvehiclelab/isaac_ros-dev/src/twist_mux/include/twist_mux/twist_mux_diagnostics.hpp:38[m[K,
                 from [01m[K/home/agxorin1/autonomousvehiclelab/isaac_ros-dev/src/twist_mux/src/twist_mux_diagnostics.cpp:35[m[K:
[01m[K/usr/include/c++/11/system_error:279:5:[m[K [01;36m[Knote: [m[Kcandidate: â€˜[01m[Ktemplate<class _CharT, class _Traits> std::basic_ostream<_Ch, _Tr>& std::operator<<(std::basic_ostream<_Ch, _Tr>&, const std::error_code&)[m[Kâ€™
  279 |     [01;36m[Koperator[m[K<<(basic_ostream<_CharT, _Traits>& __os, const error_code& __e)
      |     [01;36m[K^~~~~~~~[m[K
[01m[K/usr/include/c++/11/system_error:279:5:[m[K [01;36m[Knote: [m[K  template argument deduction/substitution failed:
In file included from [01m[K/home/agxorin1/autonomousvehiclelab/isaac_ros-dev/src/twist_mux/include/twist_mux/twist_mux_diagnostics_status.hpp:39[m[K,
                 from [01m[K/home/agxorin1/autonomousvehiclelab/isaac_ros-dev/src/twist_mux/include/twist_mux/twist_mux_diagnostics.hpp:38[m[K,
                 from [01m[K/home/agxorin1/autonomousvehiclelab/isaac_ros-dev/src/twist_mux/src/twist_mux_diagnostics.cpp:35[m[K:
[01m[K/home/agxorin1/autonomousvehiclelab/isaac_ros-dev/src/twist_mux/include/twist_mux/topic_handle.hpp:235:27:[m[K [01;36m[Knote: [m[K  cannot convert â€˜[01m[Krclcpp::Node::now() const()[m[Kâ€™ (type â€˜[01m[Krclcpp::Time[m[Kâ€™) to type â€˜[01m[Kconst std::error_code&[m[Kâ€™
  235 |     std::cout << [01;36m[Kmux_->now()[m[K << std::endl;
      |                  [01;36m[K~~~~~~~~~^~[m[K
In file included from [01m[K/opt/ros/humble/include/rclcpp/rclcpp/executors/multi_threaded_executor.hpp:22[m[K,
                 from [01m[K/opt/ros/humble/include/rclcpp/rclcpp/executors.hpp:21[m[K,
                 from [01m[K/opt/ros/humble/include/rclcpp/rclcpp/rclcpp.hpp:155[m[K,
                 from [01m[K/home/agxorin1/autonomousvehiclelab/isaac_ros-dev/src/twist_mux/include/twist_mux/twist_mux.hpp:38[m[K,
                 from [01m[K/home/agxorin1/autonomousvehiclelab/isaac_ros-dev/src/twist_mux/include/twist_mux/twist_mux_diagnostics_status.hpp:38[m[K,
                 from [01m[K/home/agxorin1/autonomousvehiclelab/isaac_ros-dev/src/twist_mux/include/twist_mux/twist_mux_diagnostics.hpp:38[m[K,
                 from [01m[K/home/agxorin1/autonomousvehiclelab/isaac_ros-dev/src/twist_mux/src/twist_mux_diagnostics.cpp:35[m[K:
[01m[K/usr/include/c++/11/thread:92:5:[m[K [01;36m[Knote: [m[Kcandidate: â€˜[01m[Ktemplate<class _CharT, class _Traits> std::basic_ostream<_Ch, _Tr>& std::operator<<(std::basic_ostream<_Ch, _Tr>&, std::thread::id)[m[Kâ€™
   92 |     [01;36m[Koperator[m[K<<(basic_ostream<_CharT, _Traits>& __out, thread::id __id)
      |     [01;36m[K^~~~~~~~[m[K
[01m[K/usr/include/c++/11/thread:92:5:[m[K [01;36m[Knote: [m[K  template argument deduction/substitution failed:
In file included from [01m[K/home/agxorin1/autonomousvehiclelab/isaac_ros-dev/src/twist_mux/include/twist_mux/twist_mux_diagnostics_status.hpp:39[m[K,
                 from [01m[K/home/agxorin1/autonomousvehiclelab/isaac_ros-dev/src/twist_mux/include/twist_mux/twist_mux_diagnostics.hpp:38[m[K,
                 from [01m[K/home/agxorin1/autonomousvehiclelab/isaac_ros-dev/src/twist_mux/src/twist_mux_diagnostics.cpp:35[m[K:
[01m[K/home/agxorin1/autonomousvehiclelab/isaac_ros-dev/src/twist_mux/include/twist_mux/topic_handle.hpp:235:27:[m[K [01;36m[Knote: [m[K  cannot convert â€˜[01m[Krclcpp::Node::now() const()[m[Kâ€™ (type â€˜[01m[Krclcpp::Time[m[Kâ€™) to type â€˜[01m[Kstd::thread::id[m[Kâ€™
  235 |     std::cout << [01;36m[Kmux_->now()[m[K << std::endl;
      |                  [01;36m[K~~~~~~~~~^~[m[K
In file included from [01m[K/usr/include/c++/11/iostream:39[m[K,
                 from [01m[K/opt/ros/humble/include/rclcpp/rclcpp/executor.hpp:22[m[K,
                 from [01m[K/opt/ros/humble/include/rclcpp/rclcpp/executors/multi_threaded_executor.hpp:25[m[K,
                 from [01m[K/opt/ros/humble/include/rclcpp/rclcpp/executors.hpp:21[m[K,
                 from [01m[K/opt/ros/humble/include/rclcpp/rclcpp/rclcpp.hpp:155[m[K,
                 from [01m[K/home/agxorin1/autonomousvehiclelab/isaac_ros-dev/src/twist_mux/include/twist_mux/twist_mux.hpp:38[m[K,
                 from [01m[K/home/agxorin1/autonomousvehiclelab/isaac_ros-dev/src/twist_mux/include/twist_mux/twist_mux_diagnostics_status.hpp:38[m[K,
                 from [01m[K/home/agxorin1/autonomousvehiclelab/isaac_ros-dev/src/twist_mux/include/twist_mux/twist_mux_diagnostics.hpp:38[m[K,
                 from [01m[K/home/agxorin1/autonomousvehiclelab/isaac_ros-dev/src/twist_mux/src/twist_mux_diagnostics.cpp:35[m[K:
[01m[K/usr/include/c++/11/ostream:513:5:[m[K [01;36m[Knote: [m[Kcandidate: â€˜[01m[Ktemplate<class _CharT, class _Traits> std::basic_ostream<_Ch, _Tr>& std::operator<<(std::basic_ostream<_Ch, _Tr>&, _CharT)[m[Kâ€™
  513 |     [01;36m[Koperator[m[K<<(basic_ostream<_CharT, _Traits>& __out, _CharT __c)
      |     [01;36m[K^~~~~~~~[m[K
[01m[K/usr/include/c++/11/ostream:513:5:[m[K [01;36m[Knote: [m[K  template argument deduction/substitution failed:
In file included from [01m[K/home/agxorin1/autonomousvehiclelab/isaac_ros-dev/src/twist_mux/include/twist_mux/twist_mux_diagnostics_status.hpp:39[m[K,
                 from [01m[K/home/agxorin1/autonomousvehiclelab/isaac_ros-dev/src/twist_mux/include/twist_mux/twist_mux_diagnostics.hpp:38[m[K,
                 from [01m[K/home/agxorin1/autonomousvehiclelab/isaac_ros-dev/src/twist_mux/src/twist_mux_diagnostics.cpp:35[m[K:
[01m[K/home/agxorin1/autonomousvehiclelab/isaac_ros-dev/src/twist_mux/include/twist_mux/topic_handle.hpp:235:28:[m[K [01;36m[Knote: [m[K  deduced conflicting types for parameter â€˜[01m[K_CharT[m[Kâ€™ (â€˜[01m[Kchar[m[Kâ€™ and â€˜[01m[Krclcpp::Time[m[Kâ€™)
  235 |     std::cout << mux_->now([01;36m[K)[m[K << std::endl;
      |                            [01;36m[K^[m[K
In file included from [01m[K/usr/include/c++/11/iostream:39[m[K,
                 from [01m[K/opt/ros/humble/include/rclcpp/rclcpp/executor.hpp:22[m[K,
                 from [01m[K/opt/ros/humble/include/rclcpp/rclcpp/executors/multi_threaded_executor.hpp:25[m[K,
                 from [01m[K/opt/ros/humble/include/rclcpp/rclcpp/executors.hpp:21[m[K,
                 from [01m[K/opt/ros/humble/include/rclcpp/rclcpp/rclcpp.hpp:155[m[K,
                 from [01m[K/home/agxorin1/autonomousvehiclelab/isaac_ros-dev/src/twist_mux/include/twist_mux/twist_mux.hpp:38[m[K,
                 from [01m[K/home/agxorin1/autonomousvehiclelab/isaac_ros-dev/src/twist_mux/include/twist_mux/twist_mux_diagnostics_status.hpp:38[m[K,
                 from [01m[K/home/agxorin1/autonomousvehiclelab/isaac_ros-dev/src/twist_mux/include/twist_mux/twist_mux_diagnostics.hpp:38[m[K,
                 from [01m[K/home/agxorin1/autonomousvehiclelab/isaac_ros-dev/src/twist_mux/src/twist_mux_diagnostics.cpp:35[m[K:
[01m[K/usr/include/c++/11/ostream:518:5:[m[K [01;36m[Knote: [m[Kcandidate: â€˜[01m[Ktemplate<class _CharT, class _Traits> std::basic_ostream<_Ch, _Tr>& std::operator<<(std::basic_ostream<_Ch, _Tr>&, char)[m[Kâ€™
  518 |     [01;36m[Koperator[m[K<<(basic_ostream<_CharT, _Traits>& __out, char __c)
      |     [01;36m[K^~~~~~~~[m[K
[01m[K/usr/include/c++/11/ostream:518:5:[m[K [01;36m[Knote: [m[K  template argument deduction/substitution failed:
In file included from [01m[K/home/agxorin1/autonomousvehiclelab/isaac_ros-dev/src/twist_mux/include/twist_mux/twist_mux_diagnostics_status.hpp:39[m[K,
                 from [01m[K/home/agxorin1/autonomousvehiclelab/isaac_ros-dev/src/twist_mux/include/twist_mux/twist_mux_diagnostics.hpp:38[m[K,
                 from [01m[K/home/agxorin1/autonomousvehiclelab/isaac_ros-dev/src/twist_mux/src/twist_mux_diagnostics.cpp:35[m[K:
[01m[K/home/agxorin1/autonomousvehiclelab/isaac_ros-dev/src/twist_mux/include/twist_mux/topic_handle.hpp:235:27:[m[K [01;36m[Knote: [m[K  cannot convert â€˜[01m[Krclcpp::Node::now() const()[m[Kâ€™ (type â€˜[01m[Krclcpp::Time[m[Kâ€™) to type â€˜[01m[Kchar[m[Kâ€™
  235 |     std::cout << [01;36m[Kmux_->now()[m[K << std::endl;
      |                  [01;36m[K~~~~~~~~~^~[m[K
In file included from [01m[K/usr/include/c++/11/iostream:39[m[K,
                 from [01m[K/opt/ros/humble/include/rclcpp/rclcpp/executor.hpp:22[m[K,
                 from [01m[K/opt/ros/humble/include/rclcpp/rclcpp/executors/multi_threaded_executor.hpp:25[m[K,
                 from [01m[K/opt/ros/humble/include/rclcpp/rclcpp/executors.hpp:21[m[K,
                 from [01m[K/opt/ros/humble/include/rclcpp/rclcpp/rclcpp.hpp:155[m[K,
                 from [01m[K/home/agxorin1/autonomousvehiclelab/isaac_ros-dev/src/twist_mux/include/twist_mux/twist_mux.hpp:38[m[K,
                 from [01m[K/home/agxorin1/autonomousvehiclelab/isaac_ros-dev/src/twist_mux/include/twist_mux/twist_mux_diagnostics_status.hpp:38[m[K,
                 from [01m[K/home/agxorin1/autonomousvehiclelab/isaac_ros-dev/src/twist_mux/include/twist_mux/twist_mux_diagnostics.hpp:38[m[K,
                 from [01m[K/home/agxorin1/autonomousvehiclelab/isaac_ros-dev/src/twist_mux/src/twist_mux_diagnostics.cpp:35[m[K:
[01m[K/usr/include/c++/11/ostream:524:5:[m[K [01;36m[Knote: [m[Kcandidate: â€˜[01m[Ktemplate<class _Traits> std::basic_ostream<char, _Traits>& std::operator<<(std::basic_ostream<char, _Traits>&, char)[m[Kâ€™
  524 |     [01;36m[Koperator[m[K<<(basic_ostream<char, _Traits>& __out, char __c)
      |     [01;36m[K^~~~~~~~[m[K
[01m[K/usr/include/c++/11/ostream:524:5:[m[K [01;36m[Knote: [m[K  template argument deduction/substitution failed:
In file included from [01m[K/home/agxorin1/autonomousvehiclelab/isaac_ros-dev/src/twist_mux/include/twist_mux/twist_mux_diagnostics_status.hpp:39[m[K,
                 from [01m[K/home/agxorin1/autonomousvehiclelab/isaac_ros-dev/src/twist_mux/include/twist_mux/twist_mux_diagnostics.hpp:38[m[K,
                 from [01m[K/home/agxorin1/autonomousvehiclelab/isaac_ros-dev/src/twist_mux/src/twist_mux_diagnostics.cpp:35[m[K:
[01m[K/home/agxorin1/autonomousvehiclelab/isaac_ros-dev/src/twist_mux/include/twist_mux/topic_handle.hpp:235:27:[m[K [01;36m[Knote: [m[K  cannot convert â€˜[01m[Krclcpp::Node::now() const()[m[Kâ€™ (type â€˜[01m[Krclcpp::Time[m[Kâ€™) to type â€˜[01m[Kchar[m[Kâ€™
  235 |     std::cout << [01;36m[Kmux_->now()[m[K << std::endl;
      |                  [01;36m[K~~~~~~~~~^~[m[K
In file included from [01m[K/usr/include/c++/11/iostream:39[m[K,
                 from [01m[K/opt/ros/humble/include/rclcpp/rclcpp/executor.hpp:22[m[K,
                 from [01m[K/opt/ros/humble/include/rclcpp/rclcpp/executors/multi_threaded_executor.hpp:25[m[K,
                 from [01m[K/opt/ros/humble/include/rclcpp/rclcpp/executors.hpp:21[m[K,
                 from [01m[K/opt/ros/humble/include/rclcpp/rclcpp/rclcpp.hpp:155[m[K,
                 from [01m[K/home/agxorin1/autonomousvehiclelab/isaac_ros-dev/src/twist_mux/include/twist_mux/twist_mux.hpp:38[m[K,
                 from [01m[K/home/agxorin1/autonomousvehiclelab/isaac_ros-dev/src/twist_mux/include/twist_mux/twist_mux_diagnostics_status.hpp:38[m[K,
                 from [01m[K/home/agxorin1/autonomousvehiclelab/isaac_ros-dev/src/twist_mux/include/twist_mux/twist_mux_diagnostics.hpp:38[m[K,
                 from [01m[K/home/agxorin1/autonomousvehiclelab/isaac_ros-dev/src/twist_mux/src/twist_mux_diagnostics.cpp:35[m[K:
[01m[K/usr/include/c++/11/ostream:530:5:[m[K [01;36m[Knote: [m[Kcandidate: â€˜[01m[Ktemplate<class _Traits> std::basic_ostream<char, _Traits>& std::operator<<(std::basic_ostream<char, _Traits>&, signed char)[m[Kâ€™
  530 |     [01;36m[Koperator[m[K<<(basic_ostream<char, _Traits>& __out, signed char __c)
      |     [01;36m[K^~~~~~~~[m[K
[01m[K/usr/include/c++/11/ostream:530:5:[m[K [01;36m[Knote: [m[K  template argument deduction/substitution failed:
In file included from [01m[K/home/agxorin1/autonomousvehiclelab/isaac_ros-dev/src/twist_mux/include/twist_mux/twist_mux_diagnostics_status.hpp:39[m[K,
                 from [01m[K/home/agxorin1/autonomousvehiclelab/isaac_ros-dev/src/twist_mux/include/twist_mux/twist_mux_diagnostics.hpp:38[m[K,
                 from [01m[K/home/agxorin1/autonomousvehiclelab/isaac_ros-dev/src/twist_mux/src/twist_mux_diagnostics.cpp:35[m[K:
[01m[K/home/agxorin1/autonomousvehiclelab/isaac_ros-dev/src/twist_mux/include/twist_mux/topic_handle.hpp:235:27:[m[K [01;36m[Knote: [m[K  cannot convert â€˜[01m[Krclcpp::Node::now() const()[m[Kâ€™ (type â€˜[01m[Krclcpp::Time[m[Kâ€™) to type â€˜[01m[Ksigned char[m[Kâ€™
  235 |     std::cout << [01;36m[Kmux_->now()[m[K << std::endl;
      |                  [01;36m[K~~~~~~~~~^~[m[K
In file included from [01m[K/usr/include/c++/11/iostream:39[m[K,
                 from [01m[K/opt/ros/humble/include/rclcpp/rclcpp/executor.hpp:22[m[K,
                 from [01m[K/opt/ros/humble/include/rclcpp/rclcpp/executors/multi_threaded_executor.hpp:25[m[K,
                 from [01m[K/opt/ros/humble/include/rclcpp/rclcpp/executors.hpp:21[m[K,
                 from [01m[K/opt/ros/humble/include/rclcpp/rclcpp/rclcpp.hpp:155[m[K,
                 from [01m[K/home/agxorin1/autonomousvehiclelab/isaac_ros-dev/src/twist_mux/include/twist_mux/twist_mux.hpp:38[m[K,
                 from [01m[K/home/agxorin1/autonomousvehiclelab/isaac_ros-dev/src/twist_mux/include/twist_mux/twist_mux_diagnostics_status.hpp:38[m[K,
                 from [01m[K/home/agxorin1/autonomousvehiclelab/isaac_ros-dev/src/twist_mux/include/twist_mux/twist_mux_diagnostics.hpp:38[m[K,
                 from [01m[K/home/agxorin1/autonomousvehiclelab/isaac_ros-dev/src/twist_mux/src/twist_mux_diagnostics.cpp:35[m[K:
[01m[K/usr/include/c++/11/ostream:535:5:[m[K [01;36m[Knote: [m[Kcandidate: â€˜[01m[Ktemplate<class _Traits> std::basic_ostream<char, _Traits>& std::operator<<(std::basic_ostream<char, _Traits>&, unsigned char)[m[Kâ€™
  535 |     [01;36m[Koperator[m[K<<(basic_ostream<char, _Traits>& __out, unsigned char __c)
      |     [01;36m[K^~~~~~~~[m[K
[01m[K/usr/include/c++/11/ostream:535:5:[m[K [01;36m[Knote: [m[K  template argument deduction/substitution failed:
In file included from [01m[K/home/agxorin1/autonomousvehiclelab/isaac_ros-dev/src/twist_mux/include/twist_mux/twist_mux_diagnostics_status.hpp:39[m[K,
                 from [01m[K/home/agxorin1/autonomousvehiclelab/isaac_ros-dev/src/twist_mux/include/twist_mux/twist_mux_diagnostics.hpp:38[m[K,
                 from [01m[K/home/agxorin1/autonomousvehiclelab/isaac_ros-dev/src/twist_mux/src/twist_mux_diagnostics.cpp:35[m[K:
[01m[K/home/agxorin1/autonomousvehiclelab/isaac_ros-dev/src/twist_mux/include/twist_mux/topic_handle.hpp:235:27:[m[K [01;36m[Knote: [m[K  cannot convert â€˜[01m[Krclcpp::Node::now() const()[m[Kâ€™ (type â€˜[01m[Krclcpp::Time[m[Kâ€™) to type â€˜[01m[Kunsigned char[m[Kâ€™
  235 |     std::cout << [01;36m[Kmux_->now()[m[K << std::endl;
      |                  [01;36m[K~~~~~~~~~^~[m[K
In file included from [01m[K/usr/include/c++/11/iostream:39[m[K,
                 from [01m[K/opt/ros/humble/include/rclcpp/rclcpp/executor.hpp:22[m[K,
                 from [01m[K/opt/ros/humble/include/rclcpp/rclcpp/executors/multi_threaded_executor.hpp:25[m[K,
                 from [01m[K/opt/ros/humble/include/rclcpp/rclcpp/executors.hpp:21[m[K,
                 from [01m[K/opt/ros/humble/include/rclcpp/rclcpp/rclcpp.hpp:155[m[K,
                 from [01m[K/home/agxorin1/autonomousvehiclelab/isaac_ros-dev/src/twist_mux/include/twist_mux/twist_mux.hpp:38[m[K,
                 from [01m[K/home/agxorin1/autonomousvehiclelab/isaac_ros-dev/src/twist_mux/include/twist_mux/twist_mux_diagnostics_status.hpp:38[m[K,
                 from [01m[K/home/agxorin1/autonomousvehiclelab/isaac_ros-dev/src/twist_mux/include/twist_mux/twist_mux_diagnostics.hpp:38[m[K,
                 from [01m[K/home/agxorin1/autonomousvehiclelab/isaac_ros-dev/src/twist_mux/src/twist_mux_diagnostics.cpp:35[m[K:
[01m[K/usr/include/c++/11/ostream:594:5:[m[K [01;36m[Knote: [m[Kcandidate: â€˜[01m[Ktemplate<class _CharT, class _Traits> std::basic_ostream<_Ch, _Tr>& std::operator<<(std::basic_ostream<_Ch, _Tr>&, const _CharT*)[m[Kâ€™
  594 |     [01;36m[Koperator[m[K<<(basic_ostream<_CharT, _Traits>& __out, const _CharT* __s)
      |     [01;36m[K^~~~~~~~[m[K
[01m[K/usr/include/c++/11/ostream:594:5:[m[K [01;36m[Knote: [m[K  template argument deduction/substitution failed:
In file included from [01m[K/home/agxorin1/autonomousvehiclelab/isaac_ros-dev/src/twist_mux/include/twist_mux/twist_mux_diagnostics_status.hpp:39[m[K,
                 from [01m[K/home/agxorin1/autonomousvehiclelab/isaac_ros-dev/src/twist_mux/include/twist_mux/twist_mux_diagnostics.hpp:38[m[K,
                 from [01m[K/home/agxorin1/autonomousvehiclelab/isaac_ros-dev/src/twist_mux/src/twist_mux_diagnostics.cpp:35[m[K:
[01m[K/home/agxorin1/autonomousvehiclelab/isaac_ros-dev/src/twist_mux/include/twist_mux/topic_handle.hpp:235:28:[m[K [01;36m[Knote: [m[K  mismatched types â€˜[01m[Kconst _CharT*[m[Kâ€™ and â€˜[01m[Krclcpp::Time[m[Kâ€™
  235 |     std::cout << mux_->now([01;36m[K)[m[K << std::endl;
      |                            [01;36m[K^[m[K
In file included from [01m[K/usr/include/c++/11/ostream:829[m[K,
                 from [01m[K/usr/include/c++/11/iostream:39[m[K,
                 from [01m[K/opt/ros/humble/include/rclcpp/rclcpp/executor.hpp:22[m[K,
                 from [01m[K/opt/ros/humble/include/rclcpp/rclcpp/executors/multi_threaded_executor.hpp:25[m[K,
                 from [01m[K/opt/ros/humble/include/rclcpp/rclcpp/executors.hpp:21[m[K,
                 from [01m[K/opt/ros/humble/include/rclcpp/rclcpp/rclcpp.hpp:155[m[K,
                 from [01m[K/home/agxorin1/autonomousvehiclelab/isaac_ros-dev/src/twist_mux/include/twist_mux/twist_mux.hpp:38[m[K,
                 from [01m[K/home/agxorin1/autonomousvehiclelab/isaac_ros-dev/src/twist_mux/include/twist_mux/twist_mux_diagnostics_status.hpp:38[m[K,
                 from [01m[K/home/agxorin1/autonomousvehiclelab/isaac_ros-dev/src/twist_mux/include/twist_mux/twist_mux_diagnostics.hpp:38[m[K,
                 from [01m[K/home/agxorin1/autonomousvehiclelab/isaac_ros-dev/src/twist_mux/src/twist_mux_diagnostics.cpp:35[m[K:
[01m[K/usr/include/c++/11/bits/ostream.tcc:321:5:[m[K [01;36m[Knote: [m[Kcandidate: â€˜[01m[Ktemplate<class _CharT, class _Traits> std::basic_ostream<_Ch, _Tr>& std::operator<<(std::basic_ostream<_Ch, _Tr>&, const char*)[m[Kâ€™
  321 |     [01;36m[Koperator[m[K<<(basic_ostream<_CharT, _Traits>& __out, const char* __s)
      |     [01;36m[K^~~~~~~~[m[K
[01m[K/usr/include/c++/11/bits/ostream.tcc:321:5:[m[K [01;36m[Knote: [m[K  template argument deduction/substitution failed:
In file included from [01m[K/home/agxorin1/autonomousvehiclelab/isaac_ros-dev/src/twist_mux/include/twist_mux/twist_mux_diagnostics_status.hpp:39[m[K,
                 from [01m[K/home/agxorin1/autonomousvehiclelab/isaac_ros-dev/src/twist_mux/include/twist_mux/twist_mux_diagnostics.hpp:38[m[K,
                 from [01m[K/home/agxorin1/autonomousvehiclelab/isaac_ros-dev/src/twist_mux/src/twist_mux_diagnostics.cpp:35[m[K:
[01m[K/home/agxorin1/autonomousvehiclelab/isaac_ros-dev/src/twist_mux/include/twist_mux/topic_handle.hpp:235:27:[m[K [01;36m[Knote: [m[K  cannot convert â€˜[01m[Krclcpp::Node::now() const()[m[Kâ€™ (type â€˜[01m[Krclcpp::Time[m[Kâ€™) to type â€˜[01m[Kconst char*[m[Kâ€™
  235 |     std::cout << [01;36m[Kmux_->now()[m[K << std::endl;
      |                  [01;36m[K~~~~~~~~~^~[m[K
In file included from [01m[K/usr/include/c++/11/iostream:39[m[K,
                 from [01m[K/opt/ros/humble/include/rclcpp/rclcpp/executor.hpp:22[m[K,
                 from [01m[K/opt/ros/humble/include/rclcpp/rclcpp/executors/multi_threaded_executor.hpp:25[m[K,
                 from [01m[K/opt/ros/humble/include/rclcpp/rclcpp/executors.hpp:21[m[K,
                 from [01m[K/opt/ros/humble/include/rclcpp/rclcpp/rclcpp.hpp:155[m[K,
                 from [01m[K/home/agxorin1/autonomousvehiclelab/isaac_ros-dev/src/twist_mux/include/twist_mux/twist_mux.hpp:38[m[K,
                 from [01m[K/home/agxorin1/autonomousvehiclelab/isaac_ros-dev/src/twist_mux/include/twist_mux/twist_mux_diagnostics_status.hpp:38[m[K,
                 from [01m[K/home/agxorin1/autonomousvehiclelab/isaac_ros-dev/src/twist_mux/include/twist_mux/twist_mux_diagnostics.hpp:38[m[K,
                 from [01m[K/home/agxorin1/autonomousvehiclelab/isaac_ros-dev/src/twist_mux/src/twist_mux_diagnostics.cpp:35[m[K:
[01m[K/usr/include/c++/11/ostream:611:5:[m[K [01;36m[Knote: [m[Kcandidate: â€˜[01m[Ktemplate<class _Traits> std::basic_ostream<char, _Traits>& std::operator<<(std::basic_ostream<char, _Traits>&, const char*)[m[Kâ€™
  611 |     [01;36m[Koperator[m[K<<(basic_ostream<char, _Traits>& __out, const char* __s)
      |     [01;36m[K^~~~~~~~[m[K
[01m[K/usr/include/c++/11/ostream:611:5:[m[K [01;36m[Knote: [m[K  template argument deduction/substitution failed:
In file included from [01m[K/home/agxorin1/autonomousvehiclelab/isaac_ros-dev/src/twist_mux/include/twist_mux/twist_mux_diagnostics_status.hpp:39[m[K,
                 from [01m[K/home/agxorin1/autonomousvehiclelab/isaac_ros-dev/src/twist_mux/include/twist_mux/twist_mux_diagnostics.hpp:38[m[K,
                 from [01m[K/home/agxorin1/autonomousvehiclelab/isaac_ros-dev/src/twist_mux/src/twist_mux_diagnostics.cpp:35[m[K:
[01m[K/home/agxorin1/autonomousvehiclelab/isaac_ros-dev/src/twist_mux/include/twist_mux/topic_handle.hpp:235:27:[m[K [01;36m[Knote: [m[K  cannot convert â€˜[01m[Krclcpp::Node::now() const()[m[Kâ€™ (type â€˜[01m[Krclcpp::Time[m[Kâ€™) to type â€˜[01m[Kconst char*[m[Kâ€™
  235 |     std::cout << [01;36m[Kmux_->now()[m[K << std::endl;
      |                  [01;36m[K~~~~~~~~~^~[m[K
In file included from [01m[K/usr/include/c++/11/iostream:39[m[K,
                 from [01m[K/opt/ros/humble/include/rclcpp/rclcpp/executor.hpp:22[m[K,
                 from [01m[K/opt/ros/humble/include/rclcpp/rclcpp/executors/multi_threaded_executor.hpp:25[m[K,
                 from [01m[K/opt/ros/humble/include/rclcpp/rclcpp/executors.hpp:21[m[K,
                 from [01m[K/opt/ros/humble/include/rclcpp/rclcpp/rclcpp.hpp:155[m[K,
                 from [01m[K/home/agxorin1/autonomousvehiclelab/isaac_ros-dev/src/twist_mux/include/twist_mux/twist_mux.hpp:38[m[K,
                 from [01m[K/home/agxorin1/autonomousvehiclelab/isaac_ros-dev/src/twist_mux/include/twist_mux/twist_mux_diagnostics_status.hpp:38[m[K,
                 from [01m[K/home/agxorin1/autonomousvehiclelab/isaac_ros-dev/src/twist_mux/include/twist_mux/twist_mux_diagnostics.hpp:38[m[K,
                 from [01m[K/home/agxorin1/autonomousvehiclelab/isaac_ros-dev/src/twist_mux/src/twist_mux_diagnostics.cpp:35[m[K:
[01m[K/usr/include/c++/11/ostream:624:5:[m[K [01;36m[Knote: [m[Kcandidate: â€˜[01m[Ktemplate<class _Traits> std::basic_ostream<char, _Traits>& std::operator<<(std::basic_ostream<char, _Traits>&, const signed char*)[m[Kâ€™
  624 |     [01;36m[Koperator[m[K<<(basic_ostream<char, _Traits>& __out, const signed char* __s)
      |     [01;36m[K^~~~~~~~[m[K
[01m[K/usr/include/c++/11/ostream:624:5:[m[K [01;36m[Knote: [m[K  template argument deduction/substitution failed:
In file included from [01m[K/home/agxorin1/autonomousvehiclelab/isaac_ros-dev/src/twist_mux/include/twist_mux/twist_mux_diagnostics_status.hpp:39[m[K,
                 from [01m[K/home/agxorin1/autonomousvehiclelab/isaac_ros-dev/src/twist_mux/include/twist_mux/twist_mux_diagnostics.hpp:38[m[K,
                 from [01m[K/home/agxorin1/autonomousvehiclelab/isaac_ros-dev/src/twist_mux/src/twist_mux_diagnostics.cpp:35[m[K:
[01m[K/home/agxorin1/autonomousvehiclelab/isaac_ros-dev/src/twist_mux/include/twist_mux/topic_handle.hpp:235:27:[m[K [01;36m[Knote: [m[K  cannot convert â€˜[01m[Krclcpp::Node::now() const()[m[Kâ€™ (type â€˜[01m[Krclcpp::Time[m[Kâ€™) to type â€˜[01m[Kconst signed char*[m[Kâ€™
  235 |     std::cout << [01;36m[Kmux_->now()[m[K << std::endl;
      |                  [01;36m[K~~~~~~~~~^~[m[K
In file included from [01m[K/usr/include/c++/11/iostream:39[m[K,
                 from [01m[K/opt/ros/humble/include/rclcpp/rclcpp/executor.hpp:22[m[K,
                 from [01m[K/opt/ros/humble/include/rclcpp/rclcpp/executors/multi_threaded_executor.hpp:25[m[K,
                 from [01m[K/opt/ros/humble/include/rclcpp/rclcpp/executors.hpp:21[m[K,
                 from [01m[K/opt/ros/humble/include/rclcpp/rclcpp/rclcpp.hpp:155[m[K,
                 from [01m[K/home/agxorin1/autonomousvehiclelab/isaac_ros-dev/src/twist_mux/include/twist_mux/twist_mux.hpp:38[m[K,
                 from [01m[K/home/agxorin1/autonomousvehiclelab/isaac_ros-dev/src/twist_mux/include/twist_mux/twist_mux_diagnostics_status.hpp:38[m[K,
                 from [01m[K/home/agxorin1/autonomousvehiclelab/isaac_ros-dev/src/twist_mux/include/twist_mux/twist_mux_diagnostics.hpp:38[m[K,
                 from [01m[K/home/agxorin1/autonomousvehiclelab/isaac_ros-dev/src/twist_mux/src/twist_mux_diagnostics.cpp:35[m[K:
[01m[K/usr/include/c++/11/ostream:629:5:[m[K [01;36m[Knote: [m[Kcandidate: â€˜[01m[Ktemplate<class _Traits> std::basic_ostream<char, _Traits>& std::operator<<(std::basic_ostream<char, _Traits>&, const unsigned char*)[m[Kâ€™
  629 |     [01;36m[Koperator[m[K<<(basic_ostream<char, _Traits>& __out, const unsigned char* __s)
      |     [01;36m[K^~~~~~~~[m[K
[01m[K/usr/include/c++/11/ostream:629:5:[m[K [01;36m[Knote: [m[K  template argument deduction/substitution failed:
In file included from [01m[K/home/agxorin1/autonomousvehiclelab/isaac_ros-dev/src/twist_mux/include/twist_mux/twist_mux_diagnostics_status.hpp:39[m[K,
                 from [01m[K/home/agxorin1/autonomousvehiclelab/isaac_ros-dev/src/twist_mux/include/twist_mux/twist_mux_diagnostics.hpp:38[m[K,
                 from [01m[K/home/agxorin1/autonomousvehiclelab/isaac_ros-dev/src/twist_mux/src/twist_mux_diagnostics.cpp:35[m[K:
[01m[K/home/agxorin1/autonomousvehiclelab/isaac_ros-dev/src/twist_mux/include/twist_mux/topic_handle.hpp:235:27:[m[K [01;36m[Knote: [m[K  cannot convert â€˜[01m[Krclcpp::Node::now() const()[m[Kâ€™ (type â€˜[01m[Krclcpp::Time[m[Kâ€™) to type â€˜[01m[Kconst unsigned char*[m[Kâ€™
  235 |     std::cout << [01;36m[Kmux_->now()[m[K << std::endl;
      |                  [01;36m[K~~~~~~~~~^~[m[K
In file included from [01m[K/usr/include/c++/11/iostream:39[m[K,
                 from [01m[K/opt/ros/humble/include/rclcpp/rclcpp/executor.hpp:22[m[K,
                 from [01m[K/opt/ros/humble/include/rclcpp/rclcpp/executors/multi_threaded_executor.hpp:25[m[K,
                 from [01m[K/opt/ros/humble/include/rclcpp/rclcpp/executors.hpp:21[m[K,
                 from [01m[K/opt/ros/humble/include/rclcpp/rclcpp/rclcpp.hpp:155[m[K,
                 from [01m[K/home/agxorin1/autonomousvehiclelab/isaac_ros-dev/src/twist_mux/include/twist_mux/twist_mux.hpp:38[m[K,
                 from [01m[K/home/agxorin1/autonomousvehiclelab/isaac_ros-dev/src/twist_mux/include/twist_mux/twist_mux_diagnostics_status.hpp:38[m[K,
                 from [01m[K/home/agxorin1/autonomousvehiclelab/isaac_ros-dev/src/twist_mux/include/twist_mux/twist_mux_diagnostics.hpp:38[m[K,
                 from [01m[K/home/agxorin1/autonomousvehiclelab/isaac_ros-dev/src/twist_mux/src/twist_mux_diagnostics.cpp:35[m[K:
[01m[K/usr/include/c++/11/ostream:750:5:[m[K [01;36m[Knote: [m[Kcandidate: â€˜[01m[Ktemplate<class _Ostream, class _Tp> _Ostream&& std::operator<<(_Ostream&&, const _Tp&)[m[Kâ€™
  750 |     [01;36m[Koperator[m[K<<(_Ostream&& __os, const _Tp& __x)
      |     [01;36m[K^~~~~~~~[m[K
[01m[K/usr/include/c++/11/ostream:750:5:[m[K [01;36m[Knote: [m[K  template argument deduction/substitution failed:
/usr/include/c++/11/ostream: In substitution of â€˜[01m[Ktemplate<class _Ostream, class _Tp> _Ostream&& std::operator<<(_Ostream&&, const _Tp&) [with _Ostream = std::basic_ostream<char>&; _Tp = rclcpp::Time][m[Kâ€™:
[01m[K/home/agxorin1/autonomousvehiclelab/isaac_ros-dev/src/twist_mux/include/twist_mux/topic_handle.hpp:235:28:[m[K   required from here
[01m[K/usr/include/c++/11/ostream:750:5:[m[K [01;31m[Kerror: [m[Kno type named â€˜[01m[Ktype[m[Kâ€™ in â€˜[01m[Kstruct std::enable_if<false, void>[m[Kâ€™
In file included from [01m[K/opt/ros/humble/include/rosidl_runtime_cpp/rosidl_runtime_cpp/traits.hpp:19[m[K,
                 from [01m[K/opt/ros/humble/include/builtin_interfaces/builtin_interfaces/msg/detail/duration__traits.hpp:15[m[K,
                 from [01m[K/opt/ros/humble/include/builtin_interfaces/builtin_interfaces/msg/duration.hpp:9[m[K,
                 from [01m[K/opt/ros/humble/include/rclcpp/rclcpp/duration.hpp:20[m[K,
                 from [01m[K/opt/ros/humble/include/rclcpp/rclcpp/qos.hpp:20[m[K,
                 from [01m[K/opt/ros/humble/include/rclcpp/rclcpp/node_interfaces/node_graph_interface.hpp:32[m[K,
                 from [01m[K/opt/ros/humble/include/rclcpp/rclcpp/client.hpp:42[m[K,
                 from [01m[K/opt/ros/humble/include/rclcpp/rclcpp/callback_group.hpp:24[m[K,
                 from [01m[K/opt/ros/humble/include/rclcpp/rclcpp/any_executable.hpp:20[m[K,
                 from [01m[K/opt/ros/humble/include/rclcpp/rclcpp/memory_strategy.hpp:25[m[K,
                 from [01m[K/opt/ros/humble/include/rclcpp/rclcpp/memory_strategies.hpp:18[m[K,
                 from [01m[K/opt/ros/humble/include/rclcpp/rclcpp/executor_options.hpp:20[m[K,
                 from [01m[K/opt/ros/humble/include/rclcpp/rclcpp/executor.hpp:37[m[K,
                 from [01m[K/opt/ros/humble/include/rclcpp/rclcpp/executors/multi_threaded_executor.hpp:25[m[K,
                 from [01m[K/opt/ros/humble/include/rclcpp/rclcpp/executors.hpp:21[m[K,
                 from [01m[K/opt/ros/humble/include/rclcpp/rclcpp/rclcpp.hpp:155[m[K,
                 from [01m[K/home/agxorin1/autonomousvehiclelab/isaac_ros-dev/src/twist_mux/include/twist_mux/twist_mux.hpp:38[m[K,
                 from [01m[K/home/agxorin1/autonomousvehiclelab/isaac_ros-dev/src/twist_mux/include/twist_mux/twist_mux_diagnostics_status.hpp:38[m[K,
                 from [01m[K/home/agxorin1/autonomousvehiclelab/isaac_ros-dev/src/twist_mux/include/twist_mux/twist_mux_diagnostics.hpp:38[m[K,
                 from [01m[K/home/agxorin1/autonomousvehiclelab/isaac_ros-dev/src/twist_mux/src/twist_mux_diagnostics.cpp:35[m[K:
[01m[K/usr/include/c++/11/iomanip:79:5:[m[K [01;36m[Knote: [m[Kcandidate: â€˜[01m[Ktemplate<class _CharT, class _Traits> std::basic_ostream<_Ch, _Tr>& std::operator<<(std::basic_ostream<_Ch, _Tr>&, std::_Resetiosflags)[m[Kâ€™
   79 |     [01;36m[Koperator[m[K<<(basic_ostream<_CharT, _Traits>& __os, _Resetiosflags __f)
      |     [01;36m[K^~~~~~~~[m[K
[01m[K/usr/include/c++/11/iomanip:79:5:[m[K [01;36m[Knote: [m[K  template argument deduction/substitution failed:
In file included from [01m[K/home/agxorin1/autonomousvehiclelab/isaac_ros-dev/src/twist_mux/include/twist_mux/twist_mux_diagnostics_status.hpp:39[m[K,
                 from [01m[K/home/agxorin1/autonomousvehiclelab/isaac_ros-dev/src/twist_mux/include/twist_mux/twist_mux_diagnostics.hpp:38[m[K,
                 from [01m[K/home/agxorin1/autonomousvehiclelab/isaac_ros-dev/src/twist_mux/src/twist_mux_diagnostics.cpp:35[m[K:
[01m[K/home/agxorin1/autonomousvehiclelab/isaac_ros-dev/src/twist_mux/include/twist_mux/topic_handle.hpp:235:27:[m[K [01;36m[Knote: [m[K  cannot convert â€˜[01m[Krclcpp::Node::now() const()[m[Kâ€™ (type â€˜[01m[Krclcpp::Time[m[Kâ€™) to type â€˜[01m[Kstd::_Resetiosflags[m[Kâ€™
  235 |     std::cout << [01;36m[Kmux_->now()[m[K << std::endl;
      |                  [01;36m[K~~~~~~~~~^~[m[K
In file included from [01m[K/opt/ros/humble/include/rosidl_runtime_cpp/rosidl_runtime_cpp/traits.hpp:19[m[K,
                 from [01m[K/opt/ros/humble/include/builtin_interfaces/builtin_interfaces/msg/detail/duration__traits.hpp:15[m[K,
                 from [01m[K/opt/ros/humble/include/builtin_interfaces/builtin_interfaces/msg/duration.hpp:9[m[K,
                 from [01m[K/opt/ros/humble/include/rclcpp/rclcpp/duration.hpp:20[m[K,
                 from [01m[K/opt/ros/humble/include/rclcpp/rclcpp/qos.hpp:20[m[K,
                 from [01m[K/opt/ros/humble/include/rclcpp/rclcpp/node_interfaces/node_graph_interface.hpp:32[m[K,
                 from [01m[K/opt/ros/humble/include/rclcpp/rclcpp/client.hpp:42[m[K,
                 from [01m[K/opt/ros/humble/include/rclcpp/rclcpp/callback_group.hpp:24[m[K,
                 from [01m[K/opt/ros/humble/include/rclcpp/rclcpp/any_executable.hpp:20[m[K,
                 from [01m[K/opt/ros/humble/include/rclcpp/rclcpp/memory_strategy.hpp:25[m[K,
                 from [01m[K/opt/ros/humble/include/rclcpp/rclcpp/memory_strategies.hpp:18[m[K,
                 from [01m[K/opt/ros/humble/include/rclcpp/rclcpp/executor_options.hpp:20[m[K,
                 from [01m[K/opt/ros/humble/include/rclcpp/rclcpp/executor.hpp:37[m[K,
                 from [01m[K/opt/ros/humble/include/rclcpp/rclcpp/executors/multi_threaded_executor.hpp:25[m[K,
                 from [01m[K/opt/ros/humble/include/rclcpp/rclcpp/executors.hpp:21[m[K,
                 from [01m[K/opt/ros/humble/include/rclcpp/rclcpp/rclcpp.hpp:155[m[K,
                 from [01m[K/home/agxorin1/autonomousvehiclelab/isaac_ros-dev/src/twist_mux/include/twist_mux/twist_mux.hpp:38[m[K,
                 from [01m[K/home/agxorin1/autonomousvehiclelab/isaac_ros-dev/src/twist_mux/include/twist_mux/twist_mux_diagnostics_status.hpp:38[m[K,
                 from [01m[K/home/agxorin1/autonomousvehiclelab/isaac_ros-dev/src/twist_mux/include/twist_mux/twist_mux_diagnostics.hpp:38[m[K,
                 from [01m[K/home/agxorin1/autonomousvehiclelab/isaac_ros-dev/src/twist_mux/src/twist_mux_diagnostics.cpp:35[m[K:
[01m[K/usr/include/c++/11/iomanip:109:5:[m[K [01;36m[Knote: [m[Kcandidate: â€˜[01m[Ktemplate<class _CharT, class _Traits> std::basic_ostream<_Ch, _Tr>& std::operator<<(std::basic_ostream<_Ch, _Tr>&, std::_Setiosflags)[m[Kâ€™
  109 |     [01;36m[Koperator[m[K<<(basic_ostream<_CharT, _Traits>& __os, _Setiosflags __f)
      |     [01;36m[K^~~~~~~~[m[K
[01m[K/usr/include/c++/11/iomanip:109:5:[m[K [01;36m[Knote: [m[K  template argument deduction/substitution failed:
In file included from [01m[K/home/agxorin1/autonomousvehiclelab/isaac_ros-dev/src/twist_mux/include/twist_mux/twist_mux_diagnostics_status.hpp:39[m[K,
                 from [01m[K/home/agxorin1/autonomousvehiclelab/isaac_ros-dev/src/twist_mux/include/twist_mux/twist_mux_diagnostics.hpp:38[m[K,
                 from [01m[K/home/agxorin1/autonomousvehiclelab/isaac_ros-dev/src/twist_mux/src/twist_mux_diagnostics.cpp:35[m[K:
[01m[K/home/agxorin1/autonomousvehiclelab/isaac_ros-dev/src/twist_mux/include/twist_mux/topic_handle.hpp:235:27:[m[K [01;36m[Knote: [m[K  cannot convert â€˜[01m[Krclcpp::Node::now() const()[m[Kâ€™ (type â€˜[01m[Krclcpp::Time[m[Kâ€™) to type â€˜[01m[Kstd::_Setiosflags[m[Kâ€™
  235 |     std::cout << [01;36m[Kmux_->now()[m[K << std::endl;
      |                  [01;36m[K~~~~~~~~~^~[m[K
In file included from [01m[K/opt/ros/humble/include/rosidl_runtime_cpp/rosidl_runtime_cpp/traits.hpp:19[m[K,
                 from [01m[K/opt/ros/humble/include/builtin_interfaces/builtin_interfaces/msg/detail/duration__traits.hpp:15[m[K,
                 from [01m[K/opt/ros/humble/include/builtin_interfaces/builtin_interfaces/msg/duration.hpp:9[m[K,
                 from [01m[K/opt/ros/humble/include/rclcpp/rclcpp/duration.hpp:20[m[K,
                 from [01m[K/opt/ros/humble/include/rclcpp/rclcpp/qos.hpp:20[m[K,
                 from [01m[K/opt/ros/humble/include/rclcpp/rclcpp/node_interfaces/node_graph_interface.hpp:32[m[K,
                 from [01m[K/opt/ros/humble/include/rclcpp/rclcpp/client.hpp:42[m[K,
                 from [01m[K/opt/ros/humble/include/rclcpp/rclcpp/callback_group.hpp:24[m[K,
                 from [01m[K/opt/ros/humble/include/rclcpp/rclcpp/any_executable.hpp:20[m[K,
                 from [01m[K/opt/ros/humble/include/rclcpp/rclcpp/memory_strategy.hpp:25[m[K,
                 from [01m[K/opt/ros/humble/include/rclcpp/rclcpp/memory_strategies.hpp:18[m[K,
                 from [01m[K/opt/ros/humble/include/rclcpp/rclcpp/executor_options.hpp:20[m[K,
                 from [01m[K/opt/ros/humble/include/rclcpp/rclcpp/executor.hpp:37[m[K,
                 from [01m[K/opt/ros/humble/include/rclcpp/rclcpp/executors/multi_threaded_executor.hpp:25[m[K,
                 from [01m[K/opt/ros/humble/include/rclcpp/rclcpp/executors.hpp:21[m[K,
                 from [01m[K/opt/ros/humble/include/rclcpp/rclcpp/rclcpp.hpp:155[m[K,
                 from [01m[K/home/agxorin1/autonomousvehiclelab/isaac_ros-dev/src/twist_mux/include/twist_mux/twist_mux.hpp:38[m[K,
                 from [01m[K/home/agxorin1/autonomousvehiclelab/isaac_ros-dev/src/twist_mux/include/twist_mux/twist_mux_diagnostics_status.hpp:38[m[K,
                 from [01m[K/home/agxorin1/autonomousvehiclelab/isaac_ros-dev/src/twist_mux/include/twist_mux/twist_mux_diagnostics.hpp:38[m[K,
                 from [01m[K/home/agxorin1/autonomousvehiclelab/isaac_ros-dev/src/twist_mux/src/twist_mux_diagnostics.cpp:35[m[K:
[01m[K/usr/include/c++/11/iomanip:143:5:[m[K [01;36m[Knote: [m[Kcandidate: â€˜[01m[Ktemplate<class _CharT, class _Traits> std::basic_ostream<_Ch, _Tr>& std::operator<<(std::basic_ostream<_Ch, _Tr>&, std::_Setbase)[m[Kâ€™
  143 |     [01;36m[Koperator[m[K<<(basic_ostream<_CharT, _Traits>& __os, _Setbase __f)
      |     [01;36m[K^~~~~~~~[m[K
[01m[K/usr/include/c++/11/iomanip:143:5:[m[K [01;36m[Knote: [m[K  template argument deduction/substitution failed:
In file included from [01m[K/home/agxorin1/autonomousvehiclelab/isaac_ros-dev/src/twist_mux/include/twist_mux/twist_mux_diagnostics_status.hpp:39[m[K,
                 from [01m[K/home/agxorin1/autonomousvehiclelab/isaac_ros-dev/src/twist_mux/include/twist_mux/twist_mux_diagnostics.hpp:38[m[K,
                 from [01m[K/home/agxorin1/autonomousvehiclelab/isaac_ros-dev/src/twist_mux/src/twist_mux_diagnostics.cpp:35[m[K:
[01m[K/home/agxorin1/autonomousvehiclelab/isaac_ros-dev/src/twist_mux/include/twist_mux/topic_handle.hpp:235:27:[m[K [01;36m[Knote: [m[K  cannot convert â€˜[01m[Krclcpp::Node::now() const()[m[Kâ€™ (type â€˜[01m[Krclcpp::Time[m[Kâ€™) to type â€˜[01m[Kstd::_Setbase[m[Kâ€™
  235 |     std::cout << [01;36m[Kmux_->now()[m[K << std::endl;
      |                  [01;36m[K~~~~~~~~~^~[m[K
In file included from [01m[K/opt/ros/humble/include/rosidl_runtime_cpp/rosidl_runtime_cpp/traits.hpp:19[m[K,
                 from [01m[K/opt/ros/humble/include/builtin_interfaces/builtin_interfaces/msg/detail/duration__traits.hpp:15[m[K,
                 from [01m[K/opt/ros/humble/include/builtin_interfaces/builtin_interfaces/msg/duration.hpp:9[m[K,
                 from [01m[K/opt/ros/humble/include/rclcpp/rclcpp/duration.hpp:20[m[K,
                 from [01m[K/opt/ros/humble/include/rclcpp/rclcpp/qos.hpp:20[m[K,
                 from [01m[K/opt/ros/humble/include/rclcpp/rclcpp/node_interfaces/node_graph_interface.hpp:32[m[K,
                 from [01m[K/opt/ros/humble/include/rclcpp/rclcpp/client.hpp:42[m[K,
                 from [01m[K/opt/ros/humble/include/rclcpp/rclcpp/callback_group.hpp:24[m[K,
                 from [01m[K/opt/ros/humble/include/rclcpp/rclcpp/any_executable.hpp:20[m[K,
                 from [01m[K/opt/ros/humble/include/rclcpp/rclcpp/memory_strategy.hpp:25[m[K,
                 from [01m[K/opt/ros/humble/include/rclcpp/rclcpp/memory_strategies.hpp:18[m[K,
                 from [01m[K/opt/ros/humble/include/rclcpp/rclcpp/executor_options.hpp:20[m[K,
                 from [01m[K/opt/ros/humble/include/rclcpp/rclcpp/executor.hpp:37[m[K,
                 from [01m[K/opt/ros/humble/include/rclcpp/rclcpp/executors/multi_threaded_executor.hpp:25[m[K,
                 from [01m[K/opt/ros/humble/include/rclcpp/rclcpp/executors.hpp:21[m[K,
                 from [01m[K/opt/ros/humble/include/rclcpp/rclcpp/rclcpp.hpp:155[m[K,
                 from [01m[K/home/agxorin1/autonomousvehiclelab/isaac_ros-dev/src/twist_mux/include/twist_mux/twist_mux.hpp:38[m[K,
                 from [01m[K/home/agxorin1/autonomousvehiclelab/isaac_ros-dev/src/twist_mux/include/twist_mux/twist_mux_diagnostics_status.hpp:38[m[K,
                 from [01m[K/home/agxorin1/autonomousvehiclelab/isaac_ros-dev/src/twist_mux/include/twist_mux/twist_mux_diagnostics.hpp:38[m[K,
                 from [01m[K/home/agxorin1/autonomousvehiclelab/isaac_ros-dev/src/twist_mux/src/twist_mux_diagnostics.cpp:35[m[K:
[01m[K/usr/include/c++/11/iomanip:178:5:[m[K [01;36m[Knote: [m[Kcandidate: â€˜[01m[Ktemplate<class _CharT, class _Traits> std::basic_ostream<_Ch, _Tr>& std::operator<<(std::basic_ostream<_Ch, _Tr>&, std::_Setfill<_CharT>)[m[Kâ€™
  178 |     [01;36m[Koperator[m[K<<(basic_ostream<_CharT, _Traits>& __os, _Setfill<_CharT> __f)
      |     [01;36m[K^~~~~~~~[m[K
[01m[K/usr/include/c++/11/iomanip:178:5:[m[K [01;36m[Knote: [m[K  template argument deduction/substitution failed:
In file included from [01m[K/home/agxorin1/autonomousvehiclelab/isaac_ros-dev/src/twist_mux/include/twist_mux/twist_mux_diagnostics_status.hpp:39[m[K,
                 from [01m[K/home/agxorin1/autonomousvehiclelab/isaac_ros-dev/src/twist_mux/include/twist_mux/twist_mux_diagnostics.hpp:38[m[K,
                 from [01m[K/home/agxorin1/autonomousvehiclelab/isaac_ros-dev/src/twist_mux/src/twist_mux_diagnostics.cpp:35[m[K:
[01m[K/home/agxorin1/autonomousvehiclelab/isaac_ros-dev/src/twist_mux/include/twist_mux/topic_handle.hpp:235:28:[m[K [01;36m[Knote: [m[K  â€˜[01m[Krclcpp::Time[m[Kâ€™ is not derived from â€˜[01m[Kstd::_Setfill<_CharT>[m[Kâ€™
  235 |     std::cout << mux_->now([01;36m[K)[m[K << std::endl;
      |                            [01;36m[K^[m[K
In file included from [01m[K/opt/ros/humble/include/rosidl_runtime_cpp/rosidl_runtime_cpp/traits.hpp:19[m[K,
                 from [01m[K/opt/ros/humble/include/builtin_interfaces/builtin_interfaces/msg/detail/duration__traits.hpp:15[m[K,
                 from [01m[K/opt/ros/humble/include/builtin_interfaces/builtin_interfaces/msg/duration.hpp:9[m[K,
                 from [01m[K/opt/ros/humble/include/rclcpp/rclcpp/duration.hpp:20[m[K,
                 from [01m[K/opt/ros/humble/include/rclcpp/rclcpp/qos.hpp:20[m[K,
                 from [01m[K/opt/ros/humble/include/rclcpp/rclcpp/node_interfaces/node_graph_interface.hpp:32[m[K,
                 from [01m[K/opt/ros/humble/include/rclcpp/rclcpp/client.hpp:42[m[K,
                 from [01m[K/opt/ros/humble/include/rclcpp/rclcpp/callback_group.hpp:24[m[K,
                 from [01m[K/opt/ros/humble/include/rclcpp/rclcpp/any_executable.hpp:20[m[K,
                 from [01m[K/opt/ros/humble/include/rclcpp/rclcpp/memory_strategy.hpp:25[m[K,
                 from [01m[K/opt/ros/humble/include/rclcpp/rclcpp/memory_strategies.hpp:18[m[K,
                 from [01m[K/opt/ros/humble/include/rclcpp/rclcpp/executor_options.hpp:20[m[K,
                 from [01m[K/opt/ros/humble/include/rclcpp/rclcpp/executor.hpp:37[m[K,
                 from [01m[K/opt/ros/humble/include/rclcpp/rclcpp/executors/multi_threaded_executor.hpp:25[m[K,
                 from [01m[K/opt/ros/humble/include/rclcpp/rclcpp/executors.hpp:21[m[K,
                 from [01m[K/opt/ros/humble/include/rclcpp/rclcpp/rclcpp.hpp:155[m[K,
                 from [01m[K/home/agxorin1/autonomousvehiclelab/isaac_ros-dev/src/twist_mux/include/twist_mux/twist_mux.hpp:38[m[K,
                 from [01m[K/home/agxorin1/autonomousvehiclelab/isaac_ros-dev/src/twist_mux/include/twist_mux/twist_mux_diagnostics_status.hpp:38[m[K,
                 from [01m[K/home/agxorin1/autonomousvehiclelab/isaac_ros-dev/src/twist_mux/include/twist_mux/twist_mux_diagnostics.hpp:38[m[K,
                 from [01m[K/home/agxorin1/autonomousvehiclelab/isaac_ros-dev/src/twist_mux/src/twist_mux_diagnostics.cpp:35[m[K:
[01m[K/usr/include/c++/11/iomanip:208:5:[m[K [01;36m[Knote: [m[Kcandidate: â€˜[01m[Ktemplate<class _CharT, class _Traits> std::basic_ostream<_Ch, _Tr>& std::operator<<(std::basic_ostream<_Ch, _Tr>&, std::_Setprecision)[m[Kâ€™
  208 |     [01;36m[Koperator[m[K<<(basic_ostream<_CharT, _Traits>& __os, _Setprecision __f)
      |     [01;36m[K^~~~~~~~[m[K
[01m[K/usr/include/c++/11/iomanip:208:5:[m[K [01;36m[Knote: [m[K  template argument deduction/substitution failed:
In file included from [01m[K/home/agxorin1/autonomousvehiclelab/isaac_ros-dev/src/twist_mux/include/twist_mux/twist_mux_diagnostics_status.hpp:39[m[K,
                 from [01m[K/home/agxorin1/autonomousvehiclelab/isaac_ros-dev/src/twist_mux/include/twist_mux/twist_mux_diagnostics.hpp:38[m[K,
                 from [01m[K/home/agxorin1/autonomousvehiclelab/isaac_ros-dev/src/twist_mux/src/twist_mux_diagnostics.cpp:35[m[K:
[01m[K/home/agxorin1/autonomousvehiclelab/isaac_ros-dev/src/twist_mux/include/twist_mux/topic_handle.hpp:235:27:[m[K [01;36m[Knote: [m[K  cannot convert â€˜[01m[Krclcpp::Node::now() const()[m[Kâ€™ (type â€˜[01m[Krclcpp::Time[m[Kâ€™) to type â€˜[01m[Kstd::_Setprecision[m[Kâ€™
  235 |     std::cout << [01;36m[Kmux_->now()[m[K << std::endl;
      |                  [01;36m[K~~~~~~~~~^~[m[K
In file included from [01m[K/opt/ros/humble/include/rosidl_runtime_cpp/rosidl_runtime_cpp/traits.hpp:19[m[K,
                 from [01m[K/opt/ros/humble/include/builtin_interfaces/builtin_interfaces/msg/detail/duration__traits.hpp:15[m[K,
                 from [01m[K/opt/ros/humble/include/builtin_interfaces/builtin_interfaces/msg/duration.hpp:9[m[K,
                 from [01m[K/opt/ros/humble/include/rclcpp/rclcpp/duration.hpp:20[m[K,
                 from [01m[K/opt/ros/humble/include/rclcpp/rclcpp/qos.hpp:20[m[K,
                 from [01m[K/opt/ros/humble/include/rclcpp/rclcpp/node_interfaces/node_graph_interface.hpp:32[m[K,
                 from [01m[K/opt/ros/humble/include/rclcpp/rclcpp/client.hpp:42[m[K,
                 from [01m[K/opt/ros/humble/include/rclcpp/rclcpp/callback_group.hpp:24[m[K,
                 from [01m[K/opt/ros/humble/include/rclcpp/rclcpp/any_executable.hpp:20[m[K,
                 from [01m[K/opt/ros/humble/include/rclcpp/rclcpp/memory_strategy.hpp:25[m[K,
                 from [01m[K/opt/ros/humble/include/rclcpp/rclcpp/memory_strategies.hpp:18[m[K,
                 from [01m[K/opt/ros/humble/include/rclcpp/rclcpp/executor_options.hpp:20[m[K,
                 from [01m[K/opt/ros/humble/include/rclcpp/rclcpp/executor.hpp:37[m[K,
                 from [01m[K/opt/ros/humble/include/rclcpp/rclcpp/executors/multi_threaded_executor.hpp:25[m[K,
                 from [01m[K/opt/ros/humble/include/rclcpp/rclcpp/executors.hpp:21[m[K,
                 from [01m[K/opt/ros/humble/include/rclcpp/rclcpp/rclcpp.hpp:155[m[K,
                 from [01m[K/home/agxorin1/autonomousvehiclelab/isaac_ros-dev/src/twist_mux/include/twist_mux/twist_mux.hpp:38[m[K,
                 from [01m[K/home/agxorin1/autonomousvehiclelab/isaac_ros-dev/src/twist_mux/include/twist_mux/twist_mux_diagnostics_status.hpp:38[m[K,
                 from [01m[K/home/agxorin1/autonomousvehiclelab/isaac_ros-dev/src/twist_mux/include/twist_mux/twist_mux_diagnostics.hpp:38[m[K,
                 from [01m[K/home/agxorin1/autonomousvehiclelab/isaac_ros-dev/src/twist_mux/src/twist_mux_diagnostics.cpp:35[m[K:
[01m[K/usr/include/c++/11/iomanip:238:5:[m[K [01;36m[Knote: [m[Kcandidate: â€˜[01m[Ktemplate<class _CharT, class _Traits> std::basic_ostream<_Ch, _Tr>& std::operator<<(std::basic_ostream<_Ch, _Tr>&, std::_Setw)[m[Kâ€™
  238 |     [01;36m[Koperator[m[K<<(basic_ostream<_CharT, _Traits>& __os, _Setw __f)
      |     [01;36m[K^~~~~~~~[m[K
[01m[K/usr/include/c++/11/iomanip:238:5:[m[K [01;36m[Knote: [m[K  template argument deduction/substitution failed:
In file included from [01m[K/home/agxorin1/autonomousvehiclelab/isaac_ros-dev/src/twist_mux/include/twist_mux/twist_mux_diagnostics_status.hpp:39[m[K,
                 from [01m[K/home/agxorin1/autonomousvehiclelab/isaac_ros-dev/src/twist_mux/include/twist_mux/twist_mux_diagnostics.hpp:38[m[K,
                 from [01m[K/home/agxorin1/autonomousvehiclelab/isaac_ros-dev/src/twist_mux/src/twist_mux_diagnostics.cpp:35[m[K:
[01m[K/home/agxorin1/autonomousvehiclelab/isaac_ros-dev/src/twist_mux/include/twist_mux/topic_handle.hpp:235:27:[m[K [01;36m[Knote: [m[K  cannot convert â€˜[01m[Krclcpp::Node::now() const()[m[Kâ€™ (type â€˜[01m[Krclcpp::Time[m[Kâ€™) to type â€˜[01m[Kstd::_Setw[m[Kâ€™
  235 |     std::cout << [01;36m[Kmux_->now()[m[K << std::endl;
      |                  [01;36m[K~~~~~~~~~^~[m[K
In file included from [01m[K/opt/ros/humble/include/rosidl_runtime_cpp/rosidl_runtime_cpp/traits.hpp:19[m[K,
                 from [01m[K/opt/ros/humble/include/builtin_interfaces/builtin_interfaces/msg/detail/duration__traits.hpp:15[m[K,
                 from [01m[K/opt/ros/humble/include/builtin_interfaces/builtin_interfaces/msg/duration.hpp:9[m[K,
                 from [01m[K/opt/ros/humble/include/rclcpp/rclcpp/duration.hpp:20[m[K,
                 from [01m[K/opt/ros/humble/include/rclcpp/rclcpp/qos.hpp:20[m[K,
                 from [01m[K/opt/ros/humble/include/rclcpp/rclcpp/node_interfaces/node_graph_interface.hpp:32[m[K,
                 from [01m[K/opt/ros/humble/include/rclcpp/rclcpp/client.hpp:42[m[K,
                 from [01m[K/opt/ros/humble/include/rclcpp/rclcpp/callback_group.hpp:24[m[K,
                 from [01m[K/opt/ros/humble/include/rclcpp/rclcpp/any_executable.hpp:20[m[K,
                 from [01m[K/opt/ros/humble/include/rclcpp/rclcpp/memory_strategy.hpp:25[m[K,
                 from [01m[K/opt/ros/humble/include/rclcpp/rclcpp/memory_strategies.hpp:18[m[K,
                 from [01m[K/opt/ros/humble/include/rclcpp/rclcpp/executor_options.hpp:20[m[K,
                 from [01m[K/opt/ros/humble/include/rclcpp/rclcpp/executor.hpp:37[m[K,
                 from [01m[K/opt/ros/humble/include/rclcpp/rclcpp/executors/multi_threaded_executor.hpp:25[m[K,
                 from [01m[K/opt/ros/humble/include/rclcpp/rclcpp/executors.hpp:21[m[K,
                 from [01m[K/opt/ros/humble/include/rclcpp/rclcpp/rclcpp.hpp:155[m[K,
                 from [01m[K/home/agxorin1/autonomousvehiclelab/isaac_ros-dev/src/twist_mux/include/twist_mux/twist_mux.hpp:38[m[K,
                 from [01m[K/home/agxorin1/autonomousvehiclelab/isaac_ros-dev/src/twist_mux/include/twist_mux/twist_mux_diagnostics_status.hpp:38[m[K,
                 from [01m[K/home/agxorin1/autonomousvehiclelab/isaac_ros-dev/src/twist_mux/include/twist_mux/twist_mux_diagnostics.hpp:38[m[K,
                 from [01m[K/home/agxorin1/autonomousvehiclelab/isaac_ros-dev/src/twist_mux/src/twist_mux_diagnostics.cpp:35[m[K:
[01m[K/usr/include/c++/11/iomanip:311:5:[m[K [01;36m[Knote: [m[Kcandidate: â€˜[01m[Ktemplate<class _CharT, class _Traits, class _MoneyT> std::basic_ostream<_Ch, _Tr>& std::operator<<(std::basic_ostream<_Ch, _Tr>&, std::_Put_money<_MoneyT>)[m[Kâ€™
  311 |     [01;36m[Koperator[m[K<<(basic_ostream<_CharT, _Traits>& __os, _Put_money<_MoneyT> __f)
      |     [01;36m[K^~~~~~~~[m[K
[01m[K/usr/include/c++/11/iomanip:311:5:[m[K [01;36m[Knote: [m[K  template argument deduction/substitution failed:
In file included from [01m[K/home/agxorin1/autonomousvehiclelab/isaac_ros-dev/src/twist_mux/include/twist_mux/twist_mux_diagnostics_status.hpp:39[m[K,
                 from [01m[K/home/agxorin1/autonomousvehiclelab/isaac_ros-dev/src/twist_mux/include/twist_mux/twist_mux_diagnostics.hpp:38[m[K,
                 from [01m[K/home/agxorin1/autonomousvehiclelab/isaac_ros-dev/src/twist_mux/src/twist_mux_diagnostics.cpp:35[m[K:
[01m[K/home/agxorin1/autonomousvehiclelab/isaac_ros-dev/src/twist_mux/include/twist_mux/topic_handle.hpp:235:28:[m[K [01;36m[Knote: [m[K  â€˜[01m[Krclcpp::Time[m[Kâ€™ is not derived from â€˜[01m[Kstd::_Put_money<_MoneyT>[m[Kâ€™
  235 |     std::cout << mux_->now([01;36m[K)[m[K << std::endl;
      |                            [01;36m[K^[m[K
In file included from [01m[K/opt/ros/humble/include/rosidl_runtime_cpp/rosidl_runtime_cpp/traits.hpp:19[m[K,
                 from [01m[K/opt/ros/humble/include/builtin_interfaces/builtin_interfaces/msg/detail/duration__traits.hpp:15[m[K,
                 from [01m[K/opt/ros/humble/include/builtin_interfaces/builtin_interfaces/msg/duration.hpp:9[m[K,
                 from [01m[K/opt/ros/humble/include/rclcpp/rclcpp/duration.hpp:20[m[K,
                 from [01m[K/opt/ros/humble/include/rclcpp/rclcpp/qos.hpp:20[m[K,
                 from [01m[K/opt/ros/humble/include/rclcpp/rclcpp/node_interfaces/node_graph_interface.hpp:32[m[K,
                 from [01m[K/opt/ros/humble/include/rclcpp/rclcpp/client.hpp:42[m[K,
                 from [01m[K/opt/ros/humble/include/rclcpp/rclcpp/callback_group.hpp:24[m[K,
                 from [01m[K/opt/ros/humble/include/rclcpp/rclcpp/any_executable.hpp:20[m[K,
                 from [01m[K/opt/ros/humble/include/rclcpp/rclcpp/memory_strategy.hpp:25[m[K,
                 from [01m[K/opt/ros/humble/include/rclcpp/rclcpp/memory_strategies.hpp:18[m[K,
                 from [01m[K/opt/ros/humble/include/rclcpp/rclcpp/executor_options.hpp:20[m[K,
                 from [01m[K/opt/ros/humble/include/rclcpp/rclcpp/executor.hpp:37[m[K,
                 from [01m[K/opt/ros/humble/include/rclcpp/rclcpp/executors/multi_threaded_executor.hpp:25[m[K,
                 from [01m[K/opt/ros/humble/include/rclcpp/rclcpp/executors.hpp:21[m[K,
                 from [01m[K/opt/ros/humble/include/rclcpp/rclcpp/rclcpp.hpp:155[m[K,
                 from [01m[K/home/agxorin1/autonomousvehiclelab/isaac_ros-dev/src/twist_mux/include/twist_mux/twist_mux.hpp:38[m[K,
                 from [01m[K/home/agxorin1/autonomousvehiclelab/isaac_ros-dev/src/twist_mux/include/twist_mux/twist_mux_diagnostics_status.hpp:38[m[K,
                 from [01m[K/home/agxorin1/autonomousvehiclelab/isaac_ros-dev/src/twist_mux/include/twist_mux/twist_mux_diagnostics.hpp:38[m[K,
                 from [01m[K/home/agxorin1/autonomousvehiclelab/isaac_ros-dev/src/twist_mux/src/twist_mux_diagnostics.cpp:35[m[K:
[01m[K/usr/include/c++/11/iomanip:363:5:[m[K [01;36m[Knote: [m[Kcandidate: â€˜[01m[Ktemplate<class _CharT, class _Traits> std::basic_ostream<_Ch, _Tr>& std::operator<<(std::basic_ostream<_Ch, _Tr>&, std::_Put_time<_CharT>)[m[Kâ€™
  363 |     [01;36m[Koperator[m[K<<(basic_ostream<_CharT, _Traits>& __os, _Put_time<_CharT> __f)
      |     [01;36m[K^~~~~~~~[m[K
[01m[K/usr/include/c++/11/iomanip:363:5:[m[K [01;36m[Knote: [m[K  template argument deduction/substitution failed:
In file included from [01m[K/home/agxorin1/autonomousvehiclelab/isaac_ros-dev/src/twist_mux/include/twist_mux/twist_mux_diagnostics_status.hpp:39[m[K,
                 from [01m[K/home/agxorin1/autonomousvehiclelab/isaac_ros-dev/src/twist_mux/include/twist_mux/twist_mux_diagnostics.hpp:38[m[K,
                 from [01m[K/home/agxorin1/autonomousvehiclelab/isaac_ros-dev/src/twist_mux/src/twist_mux_diagnostics.cpp:35[m[K:
[01m[K/home/agxorin1/autonomousvehiclelab/isaac_ros-dev/src/twist_mux/include/twist_mux/topic_handle.hpp:235:28:[m[K [01;36m[Knote: [m[K  â€˜[01m[Krclcpp::Time[m[Kâ€™ is not derived from â€˜[01m[Kstd::_Put_time<_CharT>[m[Kâ€™
  235 |     std::cout << mux_->now([01;36m[K)[m[K << std::endl;
      |                            [01;36m[K^[m[K
In file included from [01m[K/opt/ros/humble/include/rclcpp/rclcpp/publisher_base.hpp:34[m[K,
                 from [01m[K/opt/ros/humble/include/rclcpp/rclcpp/callback_group.hpp:27[m[K,
                 from [01m[K/opt/ros/humble/include/rclcpp/rclcpp/any_executable.hpp:20[m[K,
                 from [01m[K/opt/ros/humble/include/rclcpp/rclcpp/memory_strategy.hpp:25[m[K,
                 from [01m[K/opt/ros/humble/include/rclcpp/rclcpp/memory_strategies.hpp:18[m[K,
                 from [01m[K/opt/ros/humble/include/rclcpp/rclcpp/executor_options.hpp:20[m[K,
                 from [01m[K/opt/ros/humble/include/rclcpp/rclcpp/executor.hpp:37[m[K,
                 from [01m[K/opt/ros/humble/include/rclcpp/rclcpp/executors/multi_threaded_executor.hpp:25[m[K,
                 from [01m[K/opt/ros/humble/include/rclcpp/rclcpp/executors.hpp:21[m[K,
                 from [01m[K/opt/ros/humble/include/rclcpp/rclcpp/rclcpp.hpp:155[m[K,
                 from [01m[K/home/agxorin1/autonomousvehiclelab/isaac_ros-dev/src/twist_mux/include/twist_mux/twist_mux.hpp:38[m[K,
                 from [01m[K/home/agxorin1/autonomousvehiclelab/isaac_ros-dev/src/twist_mux/include/twist_mux/twist_mux_diagnostics_status.hpp:38[m[K,
                 from [01m[K/home/agxorin1/autonomousvehiclelab/isaac_ros-dev/src/twist_mux/include/twist_mux/twist_mux_diagnostics.hpp:38[m[K,
                 from [01m[K/home/agxorin1/autonomousvehiclelab/isaac_ros-dev/src/twist_mux/src/twist_mux_diagnostics.cpp:35[m[K:
[01m[K/opt/ros/humble/include/rclcpp/rclcpp/network_flow_endpoint.hpp:100:25:[m[K [01;36m[Knote: [m[Kcandidate: â€˜[01m[Kstd::ostream& rclcpp::operator<<(std::ostream&, const rclcpp::NetworkFlowEndpoint&)[m[Kâ€™
  100 |   friend std::ostream & [01;36m[Krclcpp[m[K::operator<<(
      |                         [01;36m[K^~~~~~[m[K
[01m[K/opt/ros/humble/include/rclcpp/rclcpp/network_flow_endpoint.hpp:42:74:[m[K [01;36m[Knote: [m[K  no known conversion for argument 2 from â€˜[01m[Krclcpp::Time[m[Kâ€™ to â€˜[01m[Kconst rclcpp::NetworkFlowEndpoint&[m[Kâ€™
   42 | std::ostream & operator<<(std::ostream & os, [01;36m[Kconst NetworkFlowEndpoint & network_flow_endpoint[m[K);
      |                                              [01;36m[K~~~~~~~~~~~~~~~~~~~~~~~~~~~~^~~~~~~~~~~~~~~~~~~~~[m[K
In file included from [01m[K/opt/ros/humble/include/rclcpp/rclcpp/subscription_options.hpp:30[m[K,
                 from [01m[K/opt/ros/humble/include/rclcpp/rclcpp/subscription.hpp:45[m[K,
                 from [01m[K/opt/ros/humble/include/rclcpp/rclcpp/any_executable.hpp:25[m[K,
                 from [01m[K/opt/ros/humble/include/rclcpp/rclcpp/memory_strategy.hpp:25[m[K,
                 from [01m[K/opt/ros/humble/include/rclcpp/rclcpp/memory_strategies.hpp:18[m[K,
                 from [01m[K/opt/ros/humble/include/rclcpp/rclcpp/executor_options.hpp:20[m[K,
                 from [01m[K/opt/ros/humble/include/rclcpp/rclcpp/executor.hpp:37[m[K,
                 from [01m[K/opt/ros/humble/include/rclcpp/rclcpp/executors/multi_threaded_executor.hpp:25[m[K,
                 from [01m[K/opt/ros/humble/include/rclcpp/rclcpp/executors.hpp:21[m[K,
                 from [01m[K/opt/ros/humble/include/rclcpp/rclcpp/rclcpp.hpp:155[m[K,
                 from [01m[K/home/agxorin1/autonomousvehiclelab/isaac_ros-dev/src/twist_mux/include/twist_mux/twist_mux.hpp:38[m[K,
                 from [01m[K/home/agxorin1/autonomousvehiclelab/isaac_ros-dev/src/twist_mux/include/twist_mux/twist_mux_diagnostics_status.hpp:38[m[K,
                 from [01m[K/home/agxorin1/autonomousvehiclelab/isaac_ros-dev/src/twist_mux/include/twist_mux/twist_mux_diagnostics.hpp:38[m[K,
                 from [01m[K/home/agxorin1/autonomousvehiclelab/isaac_ros-dev/src/twist_mux/src/twist_mux_diagnostics.cpp:35[m[K:
[01m[K/opt/ros/humble/include/rclcpp/rclcpp/qos_overriding_options.hpp:54:1:[m[K [01;36m[Knote: [m[Kcandidate: â€˜[01m[Kstd::ostream& rclcpp::operator<<(std::ostream&, const rclcpp::QosPolicyKind&)[m[Kâ€™
   54 | [01;36m[Koperator[m[K<<(std::ostream & os, const QosPolicyKind & qpk);
      | [01;36m[K^~~~~~~~[m[K
[01m[K/opt/ros/humble/include/rclcpp/rclcpp/qos_overriding_options.hpp:54:53:[m[K [01;36m[Knote: [m[K  no known conversion for argument 2 from â€˜[01m[Krclcpp::Time[m[Kâ€™ to â€˜[01m[Kconst rclcpp::QosPolicyKind&[m[Kâ€™
   54 | operator<<(std::ostream & os, [01;36m[Kconst QosPolicyKind & qpk[m[K);
      |                               [01;36m[K~~~~~~~~~~~~~~~~~~~~~~^~~[m[K
In file included from [01m[K/opt/ros/humble/include/rclcpp/rclcpp/executor.hpp:38[m[K,
                 from [01m[K/opt/ros/humble/include/rclcpp/rclcpp/executors/multi_threaded_executor.hpp:25[m[K,
                 from [01m[K/opt/ros/humble/include/rclcpp/rclcpp/executors.hpp:21[m[K,
                 from [01m[K/opt/ros/humble/include/rclcpp/rclcpp/rclcpp.hpp:155[m[K,
                 from [01m[K/home/agxorin1/autonomousvehiclelab/isaac_ros-dev/src/twist_mux/include/twist_mux/twist_mux.hpp:38[m[K,
                 from [01m[K/home/agxorin1/autonomousvehiclelab/isaac_ros-dev/src/twist_mux/include/twist_mux/twist_mux_diagnostics_status.hpp:38[m[K,
                 from [01m[K/home/agxorin1/autonomousvehiclelab/isaac_ros-dev/src/twist_mux/include/twist_mux/twist_mux_diagnostics.hpp:38[m[K,
                 from [01m[K/home/agxorin1/autonomousvehiclelab/isaac_ros-dev/src/twist_mux/src/twist_mux_diagnostics.cpp:35[m[K:
[01m[K/opt/ros/humble/include/rclcpp/rclcpp/future_return_code.hpp:38:1:[m[K [01;36m[Knote: [m[Kcandidate: â€˜[01m[Kstd::ostream& rclcpp::operator<<(std::ostream&, const rclcpp::FutureReturnCode&)[m[Kâ€™
   38 | [01;36m[Koperator[m[K<<(std::ostream & os, const FutureReturnCode & future_return_code);
      | [01;36m[K^~~~~~~~[m[K
[01m[K/opt/ros/humble/include/rclcpp/rclcpp/future_return_code.hpp:38:56:[m[K [01;36m[Knote: [m[K  no known conversion for argument 2 from â€˜[01m[Krclcpp::Time[m[Kâ€™ to â€˜[01m[Kconst rclcpp::FutureReturnCode&[m[Kâ€™
   38 | operator<<(std::ostream & os, [01;36m[Kconst FutureReturnCode & future_return_code[m[K);
      |                               [01;36m[K~~~~~~~~~~~~~~~~~~~~~~~~~^~~~~~~~~~~~~~~~~~[m[K
In file included from [01m[K/opt/ros/humble/include/rclcpp/rclcpp/parameter.hpp:26[m[K,
                 from [01m[K/opt/ros/humble/include/rclcpp/rclcpp/node_interfaces/node_parameters_interface.hpp:28[m[K,
                 from [01m[K/opt/ros/humble/include/rclcpp/rclcpp/node.hpp:54[m[K,
                 from [01m[K/opt/ros/humble/include/rclcpp/rclcpp/executors/single_threaded_executor.hpp:28[m[K,
                 from [01m[K/opt/ros/humble/include/rclcpp/rclcpp/executors.hpp:22[m[K,
                 from [01m[K/opt/ros/humble/include/rclcpp/rclcpp/rclcpp.hpp:155[m[K,
                 from [01m[K/home/agxorin1/autonomousvehiclelab/isaac_ros-dev/src/twist_mux/include/twist_mux/twist_mux.hpp:38[m[K,
                 from [01m[K/home/agxorin1/autonomousvehiclelab/isaac_ros-dev/src/twist_mux/include/twist_mux/twist_mux_diagnostics_status.hpp:38[m[K,
                 from [01m[K/home/agxorin1/autonomousvehiclelab/isaac_ros-dev/src/twist_mux/include/twist_mux/twist_mux_diagnostics.hpp:38[m[K,
                 from [01m[K/home/agxorin1/autonomousvehiclelab/isaac_ros-dev/src/twist_mux/src/twist_mux_diagnostics.cpp:35[m[K:
[01m[K/opt/ros/humble/include/rclcpp/rclcpp/parameter_value.hpp:53:1:[m[K [01;36m[Knote: [m[Kcandidate: â€˜[01m[Kstd::ostream& rclcpp::operator<<(std::ostream&, rclcpp::ParameterType)[m[Kâ€™
   53 | [01;36m[Koperator[m[K<<(std::ostream & os, ParameterType type);
      | [01;36m[K^~~~~~~~[m[K
[01m[K/opt/ros/humble/include/rclcpp/rclcpp/parameter_value.hpp:53:45:[m[K [01;36m[Knote: [m[K  no known conversion for argument 2 from â€˜[01m[Krclcpp::Time[m[Kâ€™ to â€˜[01m[Krclcpp::ParameterType[m[Kâ€™
   53 | operator<<(std::ostream & os, [01;36m[KParameterType type[m[K);
      |                               [01;36m[K~~~~~~~~~~~~~~^~~~[m[K
In file included from [01m[K/opt/ros/humble/include/rclcpp/rclcpp/node_interfaces/node_parameters_interface.hpp:28[m[K,
                 from [01m[K/opt/ros/humble/include/rclcpp/rclcpp/node.hpp:54[m[K,
                 from [01m[K/opt/ros/humble/include/rclcpp/rclcpp/executors/single_threaded_executor.hpp:28[m[K,
                 from [01m[K/opt/ros/humble/include/rclcpp/rclcpp/executors.hpp:22[m[K,
                 from [01m[K/opt/ros/humble/include/rclcpp/rclcpp/rclcpp.hpp:155[m[K,
                 from [01m[K/home/agxorin1/autonomousvehiclelab/isaac_ros-dev/src/twist_mux/include/twist_mux/twist_mux.hpp:38[m[K,
                 from [01m[K/home/agxorin1/autonomousvehiclelab/isaac_ros-dev/src/twist_mux/include/twist_mux/twist_mux_diagnostics_status.hpp:38[m[K,
                 from [01m[K/home/agxorin1/autonomousvehiclelab/isaac_ros-dev/src/twist_mux/include/twist_mux/twist_mux_diagnostics.hpp:38[m[K,
                 from [01m[K/home/agxorin1/autonomousvehiclelab/isaac_ros-dev/src/twist_mux/src/twist_mux_diagnostics.cpp:35[m[K:
[01m[K/opt/ros/humble/include/rclcpp/rclcpp/parameter.hpp:226:1:[m[K [01;36m[Knote: [m[Kcandidate: â€˜[01m[Kstd::ostream& rclcpp::operator<<(std::ostream&, const rclcpp::Parameter&)[m[Kâ€™
  226 | [01;36m[Koperator[m[K<<(std::ostream & os, const rclcpp::Parameter & pv);
      | [01;36m[K^~~~~~~~[m[K
[01m[K/opt/ros/humble/include/rclcpp/rclcpp/parameter.hpp:226:57:[m[K [01;36m[Knote: [m[K  no known conversion for argument 2 from â€˜[01m[Krclcpp::Time[m[Kâ€™ to â€˜[01m[Kconst rclcpp::Parameter&[m[Kâ€™
  226 | operator<<(std::ostream & os, [01;36m[Kconst rclcpp::Parameter & pv[m[K);
      |                               [01;36m[K~~~~~~~~~~~~~~~~~~~~~~~~~~^~[m[K
[01m[K/opt/ros/humble/include/rclcpp/rclcpp/parameter.hpp:230:1:[m[K [01;36m[Knote: [m[Kcandidate: â€˜[01m[Kstd::ostream& rclcpp::operator<<(std::ostream&, const std::vector<rclcpp::Parameter>&)[m[Kâ€™
  230 | [01;36m[Koperator[m[K<<(std::ostream & os, const std::vector<Parameter> & parameters);
      | [01;36m[K^~~~~~~~[m[K
[01m[K/opt/ros/humble/include/rclcpp/rclcpp/parameter.hpp:230:62:[m[K [01;36m[Knote: [m[K  no known conversion for argument 2 from â€˜[01m[Krclcpp::Time[m[Kâ€™ to â€˜[01m[Kconst std::vector<rclcpp::Parameter>&[m[Kâ€™
  230 | operator<<(std::ostream & os, [01;36m[Kconst std::vector<Parameter> & parameters[m[K);
      |                               [01;36m[K~~~~~~~~~~~~~~~~~~~~~~~~~~~~~~~^~~~~~~~~~[m[K
In file included from [01m[K/home/agxorin1/autonomousvehiclelab/isaac_ros-dev/src/twist_mux/src/twist_mux.cpp:36[m[K:
[01m[K/home/agxorin1/autonomousvehiclelab/isaac_ros-dev/src/twist_mux/include/twist_mux/topic_handle.hpp:[m[K In member function â€˜[01m[Kvoid twist_mux::LockTopicHandle::callback(std_msgs::msg::Bool_<std::allocator<void> >::ConstSharedPtr)[m[Kâ€™:
[01m[K/home/agxorin1/autonomousvehiclelab/isaac_ros-dev/src/twist_mux/include/twist_mux/topic_handle.hpp:235:15:[m[K [01;31m[Kerror: [m[Kno match for â€˜[01m[Koperator<<[m[Kâ€™ (operand types are â€˜[01m[Kstd::ostream[m[Kâ€™ {aka â€˜[01m[Kstd::basic_ostream<char>[m[Kâ€™} and â€˜[01m[Krclcpp::Time[m[Kâ€™)
  235 |     [32m[Kstd::cout[m[K [01;31m[K<<[m[K [34m[Kmux_->now()[m[K << std::endl;
      |     [32m[K~~~~~~~~~[m[K [01;31m[K^~[m[K [34m[K~~~~~~~~~~~[m[K
      |          [32m[K|[m[K                [34m[K|[m[K
      |          [32m[K|[m[K                [34m[Krclcpp::Time[m[K
      |          [32m[Kstd::ostream {aka std::basic_ostream<char>}[m[K
In file included from [01m[K/usr/include/c++/11/iostream:39[m[K,
                 from [01m[K/opt/ros/humble/include/rclcpp/rclcpp/executor.hpp:22[m[K,
                 from [01m[K/opt/ros/humble/include/rclcpp/rclcpp/executors/multi_threaded_executor.hpp:25[m[K,
                 from [01m[K/opt/ros/humble/include/rclcpp/rclcpp/executors.hpp:21[m[K,
                 from [01m[K/opt/ros/humble/include/rclcpp/rclcpp/rclcpp.hpp:155[m[K,
                 from [01m[K/home/agxorin1/autonomousvehiclelab/isaac_ros-dev/src/twist_mux/include/twist_mux/twist_mux.hpp:38[m[K,
                 from [01m[K/home/agxorin1/autonomousvehiclelab/isaac_ros-dev/src/twist_mux/src/twist_mux.cpp:35[m[K:
[01m[K/usr/include/c++/11/ostream:108:7:[m[K [01;36m[Knote: [m[Kcandidate: â€˜[01m[Kstd::basic_ostream<_CharT, _Traits>::__ostream_type& std::basic_ostream<_CharT, _Traits>::operator<<(std::basic_ostream<_CharT, _Traits>::__ostream_type& (*)(std::basic_ostream<_CharT, _Traits>::__ostream_type&)) [with _CharT = char; _Traits = std::char_traits<char>; std::basic_ostream<_CharT, _Traits>::__ostream_type = std::basic_ostream<char>][m[Kâ€™
  108 |       [01;36m[Koperator[m[K<<(__ostream_type& (*__pf)(__ostream_type&))
      |       [01;36m[K^~~~~~~~[m[K
[01m[K/usr/include/c++/11/ostream:108:36:[m[K [01;36m[Knote: [m[K  no known conversion for argument 1 from â€˜[01m[Krclcpp::Time[m[Kâ€™ to â€˜[01m[Kstd::basic_ostream<char>::__ostream_type& (*)(std::basic_ostream<char>::__ostream_type&)[m[Kâ€™ {aka â€˜[01m[Kstd::basic_ostream<char>& (*)(std::basic_ostream<char>&)[m[Kâ€™}
  108 |       operator<<([01;36m[K__ostream_type& (*__pf)(__ostream_type&)[m[K)
      |                  [01;36m[K~~~~~~~~~~~~~~~~~~^~~~~~~~~~~~~~~~~~~~~~[m[K
[01m[K/usr/include/c++/11/ostream:117:7:[m[K [01;36m[Knote: [m[Kcandidate: â€˜[01m[Kstd::basic_ostream<_CharT, _Traits>::__ostream_type& std::basic_ostream<_CharT, _Traits>::operator<<(std::basic_ostream<_CharT, _Traits>::__ios_type& (*)(std::basic_ostream<_CharT, _Traits>::__ios_type&)) [with _CharT = char; _Traits = std::char_traits<char>; std::basic_ostream<_CharT, _Traits>::__ostream_type = std::basic_ostream<char>; std::basic_ostream<_CharT, _Traits>::__ios_type = std::basic_ios<char>][m[Kâ€™
  117 |       [01;36m[Koperator[m[K<<(__ios_type& (*__pf)(__ios_type&))
      |       [01;36m[K^~~~~~~~[m[K
[01m[K/usr/include/c++/11/ostream:117:32:[m[K [01;36m[Knote: [m[K  no known conversion for argument 1 from â€˜[01m[Krclcpp::Time[m[Kâ€™ to â€˜[01m[Kstd::basic_ostream<char>::__ios_type& (*)(std::basic_ostream<char>::__ios_type&)[m[Kâ€™ {aka â€˜[01m[Kstd::basic_ios<char>& (*)(std::basic_ios<char>&)[m[Kâ€™}
  117 |       operator<<([01;36m[K__ios_type& (*__pf)(__ios_type&)[m[K)
      |                  [01;36m[K~~~~~~~~~~~~~~^~~~~~~~~~~~~~~~~~[m[K
[01m[K/usr/include/c++/11/ostream:127:7:[m[K [01;36m[Knote: [m[Kcandidate: â€˜[01m[Kstd::basic_ostream<_CharT, _Traits>::__ostream_type& std::basic_ostream<_CharT, _Traits>::operator<<(std::ios_base& (*)(std::ios_base&)) [with _CharT = char; _Traits = std::char_traits<char>; std::basic_ostream<_CharT, _Traits>::__ostream_type = std::basic_ostream<char>][m[Kâ€™
  127 |       [01;36m[Koperator[m[K<<(ios_base& (*__pf) (ios_base&))
      |       [01;36m[K^~~~~~~~[m[K
[01m[K/usr/include/c++/11/ostream:127:30:[m[K [01;36m[Knote: [m[K  no known conversion for argument 1 from â€˜[01m[Krclcpp::Time[m[Kâ€™ to â€˜[01m[Kstd::ios_base& (*)(std::ios_base&)[m[Kâ€™
  127 |       operator<<([01;36m[Kios_base& (*__pf) (ios_base&)[m[K)
      |                  [01;36m[K~~~~~~~~~~~~^~~~~~~~~~~~~~~~~[m[K
[01m[K/usr/include/c++/11/ostream:166:7:[m[K [01;36m[Knote: [m[Kcandidate: â€˜[01m[Kstd::basic_ostream<_CharT, _Traits>::__ostream_type& std::basic_ostream<_CharT, _Traits>::operator<<(long int) [with _CharT = char; _Traits = std::char_traits<char>; std::basic_ostream<_CharT, _Traits>::__ostream_type = std::basic_ostream<char>][m[Kâ€™
  166 |       [01;36m[Koperator[m[K<<(long __n)
      |       [01;36m[K^~~~~~~~[m[K
[01m[K/usr/include/c++/11/ostream:166:23:[m[K [01;36m[Knote: [m[K  no known conversion for argument 1 from â€˜[01m[Krclcpp::Time[m[Kâ€™ to â€˜[01m[Klong int[m[Kâ€™
  166 |       operator<<([01;36m[Klong __n[m[K)
      |                  [01;36m[K~~~~~^~~[m[K
[01m[K/usr/include/c++/11/ostream:170:7:[m[K [01;36m[Knote: [m[Kcandidate: â€˜[01m[Kstd::basic_ostream<_CharT, _Traits>::__ostream_type& std::basic_ostream<_CharT, _Traits>::operator<<(long unsigned int) [with _CharT = char; _Traits = std::char_traits<char>; std::basic_ostream<_CharT, _Traits>::__ostream_type = std::basic_ostream<char>][m[Kâ€™
  170 |       [01;36m[Koperator[m[K<<(unsigned long __n)
      |       [01;36m[K^~~~~~~~[m[K
[01m[K/usr/include/c++/11/ostream:170:32:[m[K [01;36m[Knote: [m[K  no known conversion for argument 1 from â€˜[01m[Krclcpp::Time[m[Kâ€™ to â€˜[01m[Klong unsigned int[m[Kâ€™
  170 |       operator<<([01;36m[Kunsigned long __n[m[K)
      |                  [01;36m[K~~~~~~~~~~~~~~^~~[m[K
[01m[K/usr/include/c++/11/ostream:174:7:[m[K [01;36m[Knote: [m[Kcandidate: â€˜[01m[Kstd::basic_ostream<_CharT, _Traits>::__ostream_type& std::basic_ostream<_CharT, _Traits>::operator<<(bool) [with _CharT = char; _Traits = std::char_traits<char>; std::basic_ostream<_CharT, _Traits>::__ostream_type = std::basic_ostream<char>][m[Kâ€™
  174 |       [01;36m[Koperator[m[K<<(bool __n)
      |       [01;36m[K^~~~~~~~[m[K
[01m[K/usr/include/c++/11/ostream:174:23:[m[K [01;36m[Knote: [m[K  no known conversion for argument 1 from â€˜[01m[Krclcpp::Time[m[Kâ€™ to â€˜[01m[Kbool[m[Kâ€™
  174 |       operator<<([01;36m[Kbool __n[m[K)
      |                  [01;36m[K~~~~~^~~[m[K
In file included from [01m[K/usr/include/c++/11/ostream:829[m[K,
                 from [01m[K/usr/include/c++/11/iostream:39[m[K,
                 from [01m[K/opt/ros/humble/include/rclcpp/rclcpp/executor.hpp:22[m[K,
                 from [01m[K/opt/ros/humble/include/rclcpp/rclcpp/executors/multi_threaded_executor.hpp:25[m[K,
                 from [01m[K/opt/ros/humble/include/rclcpp/rclcpp/executors.hpp:21[m[K,
                 from [01m[K/opt/ros/humble/include/rclcpp/rclcpp/rclcpp.hpp:155[m[K,
                 from [01m[K/home/agxorin1/autonomousvehiclelab/isaac_ros-dev/src/twist_mux/include/twist_mux/twist_mux.hpp:38[m[K,
                 from [01m[K/home/agxorin1/autonomousvehiclelab/isaac_ros-dev/src/twist_mux/src/twist_mux.cpp:35[m[K:
[01m[K/usr/include/c++/11/bits/ostream.tcc:91:5:[m[K [01;36m[Knote: [m[Kcandidate: â€˜[01m[Kstd::basic_ostream<_Ch, _Tr>& std::basic_ostream<_CharT, _Traits>::operator<<(short int) [with _CharT = char; _Traits = std::char_traits<char>][m[Kâ€™
   91 |     [01;36m[Kbasic_ostream<_CharT, _Traits>[m[K::
      |     [01;36m[K^~~~~~~~~~~~~~~~~~~~~~~~~~~~~~[m[K
[01m[K/usr/include/c++/11/bits/ostream.tcc:92:22:[m[K [01;36m[Knote: [m[K  no known conversion for argument 1 from â€˜[01m[Krclcpp::Time[m[Kâ€™ to â€˜[01m[Kshort int[m[Kâ€™
   92 |     operator<<([01;36m[Kshort __n[m[K)
      |                [01;36m[K~~~~~~^~~[m[K
In file included from [01m[K/usr/include/c++/11/iostream:39[m[K,
                 from [01m[K/opt/ros/humble/include/rclcpp/rclcpp/executor.hpp:22[m[K,
                 from [01m[K/opt/ros/humble/include/rclcpp/rclcpp/executors/multi_threaded_executor.hpp:25[m[K,
                 from [01m[K/opt/ros/humble/include/rclcpp/rclcpp/executors.hpp:21[m[K,
                 from [01m[K/opt/ros/humble/include/rclcpp/rclcpp/rclcpp.hpp:155[m[K,
                 from [01m[K/home/agxorin1/autonomousvehiclelab/isaac_ros-dev/src/twist_mux/include/twist_mux/twist_mux.hpp:38[m[K,
                 from [01m[K/home/agxorin1/autonomousvehiclelab/isaac_ros-dev/src/twist_mux/src/twist_mux.cpp:35[m[K:
[01m[K/usr/include/c++/11/ostream:181:7:[m[K [01;36m[Knote: [m[Kcandidate: â€˜[01m[Kstd::basic_ostream<_CharT, _Traits>::__ostream_type& std::basic_ostream<_CharT, _Traits>::operator<<(short unsigned int) [with _CharT = char; _Traits = std::char_traits<char>; std::basic_ostream<_CharT, _Traits>::__ostream_type = std::basic_ostream<char>][m[Kâ€™
  181 |       [01;36m[Koperator[m[K<<(unsigned short __n)
      |       [01;36m[K^~~~~~~~[m[K
[01m[K/usr/include/c++/11/ostream:181:33:[m[K [01;36m[Knote: [m[K  no known conversion for argument 1 from â€˜[01m[Krclcpp::Time[m[Kâ€™ to â€˜[01m[Kshort unsigned int[m[Kâ€™
  181 |       operator<<([01;36m[Kunsigned short __n[m[K)
      |                  [01;36m[K~~~~~~~~~~~~~~~^~~[m[K
In file included from [01m[K/usr/include/c++/11/ostream:829[m[K,
                 from [01m[K/usr/include/c++/11/iostream:39[m[K,
                 from [01m[K/opt/ros/humble/include/rclcpp/rclcpp/executor.hpp:22[m[K,
                 from [01m[K/opt/ros/humble/include/rclcpp/rclcpp/executors/multi_threaded_executor.hpp:25[m[K,
                 from [01m[K/opt/ros/humble/include/rclcpp/rclcpp/executors.hpp:21[m[K,
                 from [01m[K/opt/ros/humble/include/rclcpp/rclcpp/rclcpp.hpp:155[m[K,
                 from [01m[K/home/agxorin1/autonomousvehiclelab/isaac_ros-dev/src/twist_mux/include/twist_mux/twist_mux.hpp:38[m[K,
                 from [01m[K/home/agxorin1/autonomousvehiclelab/isaac_ros-dev/src/twist_mux/src/twist_mux.cpp:35[m[K:
[01m[K/usr/include/c++/11/bits/ostream.tcc:105:5:[m[K [01;36m[Knote: [m[Kcandidate: â€˜[01m[Kstd::basic_ostream<_Ch, _Tr>& std::basic_ostream<_CharT, _Traits>::operator<<(int) [with _CharT = char; _Traits = std::char_traits<char>][m[Kâ€™
  105 |     [01;36m[Kbasic_ostream<_CharT, _Traits>[m[K::
      |     [01;36m[K^~~~~~~~~~~~~~~~~~~~~~~~~~~~~~[m[K
[01m[K/usr/include/c++/11/bits/ostream.tcc:106:20:[m[K [01;36m[Knote: [m[K  no known conversion for argument 1 from â€˜[01m[Krclcpp::Time[m[Kâ€™ to â€˜[01m[Kint[m[Kâ€™
  106 |     operator<<([01;36m[Kint __n[m[K)
      |                [01;36m[K~~~~^~~[m[K
In file included from [01m[K/usr/include/c++/11/iostream:39[m[K,
                 from [01m[K/opt/ros/humble/include/rclcpp/rclcpp/executor.hpp:22[m[K,
                 from [01m[K/opt/ros/humble/include/rclcpp/rclcpp/executors/multi_threaded_executor.hpp:25[m[K,
                 from [01m[K/opt/ros/humble/include/rclcpp/rclcpp/executors.hpp:21[m[K,
                 from [01m[K/opt/ros/humble/include/rclcpp/rclcpp/rclcpp.hpp:155[m[K,
                 from [01m[K/home/agxorin1/autonomousvehiclelab/isaac_ros-dev/src/twist_mux/include/twist_mux/twist_mux.hpp:38[m[K,
                 from [01m[K/home/agxorin1/autonomousvehiclelab/isaac_ros-dev/src/twist_mux/src/twist_mux.cpp:35[m[K:
[01m[K/usr/include/c++/11/ostream:192:7:[m[K [01;36m[Knote: [m[Kcandidate: â€˜[01m[Kstd::basic_ostream<_CharT, _Traits>::__ostream_type& std::basic_ostream<_CharT, _Traits>::operator<<(unsigned int) [with _CharT = char; _Traits = std::char_traits<char>; std::basic_ostream<_CharT, _Traits>::__ostream_type = std::basic_ostream<char>][m[Kâ€™
  192 |       [01;36m[Koperator[m[K<<(unsigned int __n)
      |       [01;36m[K^~~~~~~~[m[K
[01m[K/usr/include/c++/11/ostream:192:31:[m[K [01;36m[Knote: [m[K  no known conversion for argument 1 from â€˜[01m[Krclcpp::Time[m[Kâ€™ to â€˜[01m[Kunsigned int[m[Kâ€™
  192 |       operator<<([01;36m[Kunsigned int __n[m[K)
      |                  [01;36m[K~~~~~~~~~~~~~^~~[m[K
[01m[K/usr/include/c++/11/ostream:201:7:[m[K [01;36m[Knote: [m[Kcandidate: â€˜[01m[Kstd::basic_ostream<_CharT, _Traits>::__ostream_type& std::basic_ostream<_CharT, _Traits>::operator<<(long long int) [with _CharT = char; _Traits = std::char_traits<char>; std::basic_ostream<_CharT, _Traits>::__ostream_type = std::basic_ostream<char>][m[Kâ€™
  201 |       [01;36m[Koperator[m[K<<(long long __n)
      |       [01;36m[K^~~~~~~~[m[K
[01m[K/usr/include/c++/11/ostream:201:28:[m[K [01;36m[Knote: [m[K  no known conversion for argument 1 from â€˜[01m[Krclcpp::Time[m[Kâ€™ to â€˜[01m[Klong long int[m[Kâ€™
  201 |       operator<<([01;36m[Klong long __n[m[K)
      |                  [01;36m[K~~~~~~~~~~^~~[m[K
[01m[K/usr/include/c++/11/ostream:205:7:[m[K [01;36m[Knote: [m[Kcandidate: â€˜[01m[Kstd::basic_ostream<_CharT, _Traits>::__ostream_type& std::basic_ostream<_CharT, _Traits>::operator<<(long long unsigned int) [with _CharT = char; _Traits = std::char_traits<char>; std::basic_ostream<_CharT, _Traits>::__ostream_type = std::basic_ostream<char>][m[Kâ€™
  205 |       [01;36m[Koperator[m[K<<(unsigned long long __n)
      |       [01;36m[K^~~~~~~~[m[K
[01m[K/usr/include/c++/11/ostream:205:37:[m[K [01;36m[Knote: [m[K  no known conversion for argument 1 from â€˜[01m[Krclcpp::Time[m[Kâ€™ to â€˜[01m[Klong long unsigned int[m[Kâ€™
  205 |       operator<<([01;36m[Kunsigned long long __n[m[K)
      |                  [01;36m[K~~~~~~~~~~~~~~~~~~~^~~[m[K
[01m[K/usr/include/c++/11/ostream:220:7:[m[K [01;36m[Knote: [m[Kcandidate: â€˜[01m[Kstd::basic_ostream<_CharT, _Traits>::__ostream_type& std::basic_ostream<_CharT, _Traits>::operator<<(double) [with _CharT = char; _Traits = std::char_traits<char>; std::basic_ostream<_CharT, _Traits>::__ostream_type = std::basic_ostream<char>][m[Kâ€™
  220 |       [01;36m[Koperator[m[K<<(double __f)
      |       [01;36m[K^~~~~~~~[m[K
[01m[K/usr/include/c++/11/ostream:220:25:[m[K [01;36m[Knote: [m[K  no known conversion for argument 1 from â€˜[01m[Krclcpp::Time[m[Kâ€™ to â€˜[01m[Kdouble[m[Kâ€™
  220 |       operator<<([01;36m[Kdouble __f[m[K)
      |                  [01;36m[K~~~~~~~^~~[m[K
[01m[K/usr/include/c++/11/ostream:224:7:[m[K [01;36m[Knote: [m[Kcandidate: â€˜[01m[Kstd::basic_ostream<_CharT, _Traits>::__ostream_type& std::basic_ostream<_CharT, _Traits>::operator<<(float) [with _CharT = char; _Traits = std::char_traits<char>; std::basic_ostream<_CharT, _Traits>::__ostream_type = std::basic_ostream<char>][m[Kâ€™
  224 |       [01;36m[Koperator[m[K<<(float __f)
      |       [01;36m[K^~~~~~~~[m[K
[01m[K/usr/include/c++/11/ostream:224:24:[m[K [01;36m[Knote: [m[K  no known conversion for argument 1 from â€˜[01m[Krclcpp::Time[m[Kâ€™ to â€˜[01m[Kfloat[m[Kâ€™
  224 |       operator<<([01;36m[Kfloat __f[m[K)
      |                  [01;36m[K~~~~~~^~~[m[K
[01m[K/usr/include/c++/11/ostream:232:7:[m[K [01;36m[Knote: [m[Kcandidate: â€˜[01m[Kstd::basic_ostream<_CharT, _Traits>::__ostream_type& std::basic_ostream<_CharT, _Traits>::operator<<(long double) [with _CharT = char; _Traits = std::char_traits<char>; std::basic_ostream<_CharT, _Traits>::__ostream_type = std::basic_ostream<char>][m[Kâ€™
  232 |       [01;36m[Koperator[m[K<<(long double __f)
      |       [01;36m[K^~~~~~~~[m[K
[01m[K/usr/include/c++/11/ostream:232:30:[m[K [01;36m[Knote: [m[K  no known conversion for argument 1 from â€˜[01m[Krclcpp::Time[m[Kâ€™ to â€˜[01m[Klong double[m[Kâ€™
  232 |       operator<<([01;36m[Klong double __f[m[K)
      |                  [01;36m[K~~~~~~~~~~~~^~~[m[K
[01m[K/usr/include/c++/11/ostream:245:7:[m[K [01;36m[Knote: [m[Kcandidate: â€˜[01m[Kstd::basic_ostream<_CharT, _Traits>::__ostream_type& std::basic_ostream<_CharT, _Traits>::operator<<(const void*) [with _CharT = char; _Traits = std::char_traits<char>; std::basic_ostream<_CharT, _Traits>::__ostream_type = std::basic_ostream<char>][m[Kâ€™
  245 |       [01;36m[Koperator[m[K<<(const void* __p)
      |       [01;36m[K^~~~~~~~[m[K
[01m[K/usr/include/c++/11/ostream:245:30:[m[K [01;36m[Knote: [m[K  no known conversion for argument 1 from â€˜[01m[Krclcpp::Time[m[Kâ€™ to â€˜[01m[Kconst void*[m[Kâ€™
  245 |       operator<<([01;36m[Kconst void* __p[m[K)
      |                  [01;36m[K~~~~~~~~~~~~^~~[m[K
[01m[K/usr/include/c++/11/ostream:250:7:[m[K [01;36m[Knote: [m[Kcandidate: â€˜[01m[Kstd::basic_ostream<_CharT, _Traits>::__ostream_type& std::basic_ostream<_CharT, _Traits>::operator<<(std::nullptr_t) [with _CharT = char; _Traits = std::char_traits<char>; std::basic_ostream<_CharT, _Traits>::__ostream_type = std::basic_ostream<char>; std::nullptr_t = std::nullptr_t][m[Kâ€™
  250 |       [01;36m[Koperator[m[K<<(nullptr_t)
      |       [01;36m[K^~~~~~~~[m[K
[01m[K/usr/include/c++/11/ostream:250:18:[m[K [01;36m[Knote: [m[K  no known conversion for argument 1 from â€˜[01m[Krclcpp::Time[m[Kâ€™ to â€˜[01m[Kstd::nullptr_t[m[Kâ€™
  250 |       operator<<([01;36m[Knullptr_t[m[K)
      |                  [01;36m[K^~~~~~~~~[m[K
In file included from [01m[K/usr/include/c++/11/ostream:829[m[K,
                 from [01m[K/usr/include/c++/11/iostream:39[m[K,
                 from [01m[K/opt/ros/humble/include/rclcpp/rclcpp/executor.hpp:22[m[K,
                 from [01m[K/opt/ros/humble/include/rclcpp/rclcpp/executors/multi_threaded_executor.hpp:25[m[K,
                 from [01m[K/opt/ros/humble/include/rclcpp/rclcpp/executors.hpp:21[m[K,
                 from [01m[K/opt/ros/humble/include/rclcpp/rclcpp/rclcpp.hpp:155[m[K,
                 from [01m[K/home/agxorin1/autonomousvehiclelab/isaac_ros-dev/src/twist_mux/include/twist_mux/twist_mux.hpp:38[m[K,
                 from [01m[K/home/agxorin1/autonomousvehiclelab/isaac_ros-dev/src/twist_mux/src/twist_mux.cpp:35[m[K:
[01m[K/usr/include/c++/11/bits/ostream.tcc:119:5:[m[K [01;36m[Knote: [m[Kcandidate: â€˜[01m[Kstd::basic_ostream<_Ch, _Tr>& std::basic_ostream<_CharT, _Traits>::operator<<(std::basic_ostream<_CharT, _Traits>::__streambuf_type*) [with _CharT = char; _Traits = std::char_traits<char>; std::basic_ostream<_CharT, _Traits>::__streambuf_type = std::basic_streambuf<char>][m[Kâ€™
  119 |     [01;36m[Kbasic_ostream<_CharT, _Traits>[m[K::
      |     [01;36m[K^~~~~~~~~~~~~~~~~~~~~~~~~~~~~~[m[K
[01m[K/usr/include/c++/11/bits/ostream.tcc:120:34:[m[K [01;36m[Knote: [m[K  no known conversion for argument 1 from â€˜[01m[Krclcpp::Time[m[Kâ€™ to â€˜[01m[Kstd::basic_ostream<char>::__streambuf_type*[m[Kâ€™ {aka â€˜[01m[Kstd::basic_streambuf<char>*[m[Kâ€™}
  120 |     operator<<([01;36m[K__streambuf_type* __sbin[m[K)
      |                [01;36m[K~~~~~~~~~~~~~~~~~~^~~~~~[m[K
In file included from [01m[K/usr/include/c++/11/memory:77[m[K,
                 from [01m[K/opt/ros/humble/include/rclcpp/rclcpp/rclcpp.hpp:153[m[K,
                 from [01m[K/home/agxorin1/autonomousvehiclelab/isaac_ros-dev/src/twist_mux/include/twist_mux/twist_mux.hpp:38[m[K,
                 from [01m[K/home/agxorin1/autonomousvehiclelab/isaac_ros-dev/src/twist_mux/src/twist_mux.cpp:35[m[K:
[01m[K/usr/include/c++/11/bits/shared_ptr.h:70:5:[m[K [01;36m[Knote: [m[Kcandidate: â€˜[01m[Ktemplate<class _Ch, class _Tr, class _Tp, __gnu_cxx::_Lock_policy _Lp> std::basic_ostream<_Ch, _Tr>& std::operator<<(std::basic_ostream<_Ch, _Tr>&, const std::__shared_ptr<_Tp, _Lp>&)[m[Kâ€™
   70 |     [01;36m[Koperator[m[K<<(std::basic_ostream<_Ch, _Tr>& __os,
      |     [01;36m[K^~~~~~~~[m[K
[01m[K/usr/include/c++/11/bits/shared_ptr.h:70:5:[m[K [01;36m[Knote: [m[K  template argument deduction/substitution failed:
In file included from [01m[K/home/agxorin1/autonomousvehiclelab/isaac_ros-dev/src/twist_mux/src/twist_mux.cpp:36[m[K:
[01m[K/home/agxorin1/autonomousvehiclelab/isaac_ros-dev/src/twist_mux/include/twist_mux/topic_handle.hpp:235:28:[m[K [01;36m[Knote: [m[K  â€˜[01m[Krclcpp::Time[m[Kâ€™ is not derived from â€˜[01m[Kconst std::__shared_ptr<_Tp, _Lp>[m[Kâ€™
  235 |     std::cout << mux_->now([01;36m[K)[m[K << std::endl;
      |                            [01;36m[K^[m[K
In file included from [01m[K/usr/include/c++/11/bits/basic_string.h:48[m[K,
                 from [01m[K/usr/include/c++/11/string:55[m[K,
                 from [01m[K/usr/include/c++/11/stdexcept:39[m[K,
                 from [01m[K/usr/include/c++/11/system_error:41[m[K,
                 from [01m[K/usr/include/c++/11/mutex:42[m[K,
                 from [01m[K/usr/include/c++/11/future:38[m[K,
                 from [01m[K/opt/ros/humble/include/rclcpp/rclcpp/executors.hpp:18[m[K,
                 from [01m[K/opt/ros/humble/include/rclcpp/rclcpp/rclcpp.hpp:155[m[K,
                 from [01m[K/home/agxorin1/autonomousvehiclelab/isaac_ros-dev/src/twist_mux/include/twist_mux/twist_mux.hpp:38[m[K,
                 from [01m[K/home/agxorin1/autonomousvehiclelab/isaac_ros-dev/src/twist_mux/src/twist_mux.cpp:35[m[K:
[01m[K/usr/include/c++/11/string_view:667:5:[m[K [01;36m[Knote: [m[Kcandidate: â€˜[01m[Ktemplate<class _CharT, class _Traits> std::basic_ostream<_Ch, _Tr>& std::operator<<(std::basic_ostream<_Ch, _Tr>&, std::basic_string_view<_CharT, _Traits>)[m[Kâ€™
  667 |     [01;36m[Koperator[m[K<<(basic_ostream<_CharT, _Traits>& __os,
      |     [01;36m[K^~~~~~~~[m[K
[01m[K/usr/include/c++/11/string_view:667:5:[m[K [01;36m[Knote: [m[K  template argument deduction/substitution failed:
In file included from [01m[K/home/agxorin1/autonomousvehiclelab/isaac_ros-dev/src/twist_mux/src/twist_mux.cpp:36[m[K:
[01m[K/home/agxorin1/autonomousvehiclelab/isaac_ros-dev/src/twist_mux/include/twist_mux/topic_handle.hpp:235:28:[m[K [01;36m[Knote: [m[K  â€˜[01m[Krclcpp::Time[m[Kâ€™ is not derived from â€˜[01m[Kstd::basic_string_view<_CharT, _Traits>[m[Kâ€™
  235 |     std::cout << mux_->now([01;36m[K)[m[K << std::endl;
      |                            [01;36m[K^[m[K
In file included from [01m[K/usr/include/c++/11/string:55[m[K,
                 from [01m[K/usr/include/c++/11/stdexcept:39[m[K,
                 from [01m[K/usr/include/c++/11/system_error:41[m[K,
                 from [01m[K/usr/include/c++/11/mutex:42[m[K,
                 from [01m[K/usr/include/c++/11/future:38[m[K,
                 from [01m[K/opt/ros/humble/include/rclcpp/rclcpp/executors.hpp:18[m[K,
                 from [01m[K/opt/ros/humble/include/rclcpp/rclcpp/rclcpp.hpp:155[m[K,
                 from [01m[K/home/agxorin1/autonomousvehiclelab/isaac_ros-dev/src/twist_mux/include/twist_mux/twist_mux.hpp:38[m[K,
                 from [01m[K/home/agxorin1/autonomousvehiclelab/isaac_ros-dev/src/twist_mux/src/twist_mux.cpp:35[m[K:
[01m[K/usr/include/c++/11/bits/basic_string.h:6531:5:[m[K [01;36m[Knote: [m[Kcandidate: â€˜[01m[Ktemplate<class _CharT, class _Traits, class _Alloc> std::basic_ostream<_Ch, _Tr>& std::operator<<(std::basic_ostream<_Ch, _Tr>&, const std::__cxx11::basic_string<_CharT, _Traits, _Allocator>&)[m[Kâ€™
 6531 |     [01;36m[Koperator[m[K<<(basic_ostream<_CharT, _Traits>& __os,
      |     [01;36m[K^~~~~~~~[m[K
[01m[K/usr/include/c++/11/bits/basic_string.h:6531:5:[m[K [01;36m[Knote: [m[K  template argument deduction/substitution failed:
In file included from [01m[K/home/agxorin1/autonomousvehiclelab/isaac_ros-dev/src/twist_mux/src/twist_mux.cpp:36[m[K:
[01m[K/home/agxorin1/autonomousvehiclelab/isaac_ros-dev/src/twist_mux/include/twist_mux/topic_handle.hpp:235:28:[m[K [01;36m[Knote: [m[K  â€˜[01m[Krclcpp::Time[m[Kâ€™ is not derived from â€˜[01m[Kconst std::__cxx11::basic_string<_CharT, _Traits, _Allocator>[m[Kâ€™
  235 |     std::cout << mux_->now([01;36m[K)[m[K << std::endl;
      |                            [01;36m[K^[m[K
In file included from [01m[K/usr/include/c++/11/mutex:42[m[K,
                 from [01m[K/usr/include/c++/11/future:38[m[K,
                 from [01m[K/opt/ros/humble/include/rclcpp/rclcpp/executors.hpp:18[m[K,
                 from [01m[K/opt/ros/humble/include/rclcpp/rclcpp/rclcpp.hpp:155[m[K,
                 from [01m[K/home/agxorin1/autonomousvehiclelab/isaac_ros-dev/src/twist_mux/include/twist_mux/twist_mux.hpp:38[m[K,
                 from [01m[K/home/agxorin1/autonomousvehiclelab/isaac_ros-dev/src/twist_mux/src/twist_mux.cpp:35[m[K:
[01m[K/usr/include/c++/11/system_error:279:5:[m[K [01;36m[Knote: [m[Kcandidate: â€˜[01m[Ktemplate<class _CharT, class _Traits> std::basic_ostream<_Ch, _Tr>& std::operator<<(std::basic_ostream<_Ch, _Tr>&, const std::error_code&)[m[Kâ€™
  279 |     [01;36m[Koperator[m[K<<(basic_ostream<_CharT, _Traits>& __os, const error_code& __e)
      |     [01;36m[K^~~~~~~~[m[K
[01m[K/usr/include/c++/11/system_error:279:5:[m[K [01;36m[Knote: [m[K  template argument deduction/substitution failed:
In file included from [01m[K/home/agxorin1/autonomousvehiclelab/isaac_ros-dev/src/twist_mux/src/twist_mux.cpp:36[m[K:
[01m[K/home/agxorin1/autonomousvehiclelab/isaac_ros-dev/src/twist_mux/include/twist_mux/topic_handle.hpp:235:27:[m[K [01;36m[Knote: [m[K  cannot convert â€˜[01m[Krclcpp::Node::now() const()[m[Kâ€™ (type â€˜[01m[Krclcpp::Time[m[Kâ€™) to type â€˜[01m[Kconst std::error_code&[m[Kâ€™
  235 |     std::cout << [01;36m[Kmux_->now()[m[K << std::endl;
      |                  [01;36m[K~~~~~~~~~^~[m[K
In file included from [01m[K/opt/ros/humble/include/rclcpp/rclcpp/executors/multi_threaded_executor.hpp:22[m[K,
                 from [01m[K/opt/ros/humble/include/rclcpp/rclcpp/executors.hpp:21[m[K,
                 from [01m[K/opt/ros/humble/include/rclcpp/rclcpp/rclcpp.hpp:155[m[K,
                 from [01m[K/home/agxorin1/autonomousvehiclelab/isaac_ros-dev/src/twist_mux/include/twist_mux/twist_mux.hpp:38[m[K,
                 from [01m[K/home/agxorin1/autonomousvehiclelab/isaac_ros-dev/src/twist_mux/src/twist_mux.cpp:35[m[K:
[01m[K/usr/include/c++/11/thread:92:5:[m[K [01;36m[Knote: [m[Kcandidate: â€˜[01m[Ktemplate<class _CharT, class _Traits> std::basic_ostream<_Ch, _Tr>& std::operator<<(std::basic_ostream<_Ch, _Tr>&, std::thread::id)[m[Kâ€™
   92 |     [01;36m[Koperator[m[K<<(basic_ostream<_CharT, _Traits>& __out, thread::id __id)
      |     [01;36m[K^~~~~~~~[m[K
[01m[K/usr/include/c++/11/thread:92:5:[m[K [01;36m[Knote: [m[K  template argument deduction/substitution failed:
In file included from [01m[K/home/agxorin1/autonomousvehiclelab/isaac_ros-dev/src/twist_mux/src/twist_mux.cpp:36[m[K:
[01m[K/home/agxorin1/autonomousvehiclelab/isaac_ros-dev/src/twist_mux/include/twist_mux/topic_handle.hpp:235:27:[m[K [01;36m[Knote: [m[K  cannot convert â€˜[01m[Krclcpp::Node::now() const()[m[Kâ€™ (type â€˜[01m[Krclcpp::Time[m[Kâ€™) to type â€˜[01m[Kstd::thread::id[m[Kâ€™
  235 |     std::cout << [01;36m[Kmux_->now()[m[K << std::endl;
      |                  [01;36m[K~~~~~~~~~^~[m[K
In file included from [01m[K/usr/include/c++/11/iostream:39[m[K,
                 from [01m[K/opt/ros/humble/include/rclcpp/rclcpp/executor.hpp:22[m[K,
                 from [01m[K/opt/ros/humble/include/rclcpp/rclcpp/executors/multi_threaded_executor.hpp:25[m[K,
                 from [01m[K/opt/ros/humble/include/rclcpp/rclcpp/executors.hpp:21[m[K,
                 from [01m[K/opt/ros/humble/include/rclcpp/rclcpp/rclcpp.hpp:155[m[K,
                 from [01m[K/home/agxorin1/autonomousvehiclelab/isaac_ros-dev/src/twist_mux/include/twist_mux/twist_mux.hpp:38[m[K,
                 from [01m[K/home/agxorin1/autonomousvehiclelab/isaac_ros-dev/src/twist_mux/src/twist_mux.cpp:35[m[K:
[01m[K/usr/include/c++/11/ostream:513:5:[m[K [01;36m[Knote: [m[Kcandidate: â€˜[01m[Ktemplate<class _CharT, class _Traits> std::basic_ostream<_Ch, _Tr>& std::operator<<(std::basic_ostream<_Ch, _Tr>&, _CharT)[m[Kâ€™
  513 |     [01;36m[Koperator[m[K<<(basic_ostream<_CharT, _Traits>& __out, _CharT __c)
      |     [01;36m[K^~~~~~~~[m[K
[01m[K/usr/include/c++/11/ostream:513:5:[m[K [01;36m[Knote: [m[K  template argument deduction/substitution failed:
In file included from [01m[K/home/agxorin1/autonomousvehiclelab/isaac_ros-dev/src/twist_mux/src/twist_mux.cpp:36[m[K:
[01m[K/home/agxorin1/autonomousvehiclelab/isaac_ros-dev/src/twist_mux/include/twist_mux/topic_handle.hpp:235:28:[m[K [01;36m[Knote: [m[K  deduced conflicting types for parameter â€˜[01m[K_CharT[m[Kâ€™ (â€˜[01m[Kchar[m[Kâ€™ and â€˜[01m[Krclcpp::Time[m[Kâ€™)
  235 |     std::cout << mux_->now([01;36m[K)[m[K << std::endl;
      |                            [01;36m[K^[m[K
In file included from [01m[K/usr/include/c++/11/iostream:39[m[K,
                 from [01m[K/opt/ros/humble/include/rclcpp/rclcpp/executor.hpp:22[m[K,
                 from [01m[K/opt/ros/humble/include/rclcpp/rclcpp/executors/multi_threaded_executor.hpp:25[m[K,
                 from [01m[K/opt/ros/humble/include/rclcpp/rclcpp/executors.hpp:21[m[K,
                 from [01m[K/opt/ros/humble/include/rclcpp/rclcpp/rclcpp.hpp:155[m[K,
                 from [01m[K/home/agxorin1/autonomousvehiclelab/isaac_ros-dev/src/twist_mux/include/twist_mux/twist_mux.hpp:38[m[K,
                 from [01m[K/home/agxorin1/autonomousvehiclelab/isaac_ros-dev/src/twist_mux/src/twist_mux.cpp:35[m[K:
[01m[K/usr/include/c++/11/ostream:518:5:[m[K [01;36m[Knote: [m[Kcandidate: â€˜[01m[Ktemplate<class _CharT, class _Traits> std::basic_ostream<_Ch, _Tr>& std::operator<<(std::basic_ostream<_Ch, _Tr>&, char)[m[Kâ€™
  518 |     [01;36m[Koperator[m[K<<(basic_ostream<_CharT, _Traits>& __out, char __c)
      |     [01;36m[K^~~~~~~~[m[K
[01m[K/usr/include/c++/11/ostream:518:5:[m[K [01;36m[Knote: [m[K  template argument deduction/substitution failed:
In file included from [01m[K/home/agxorin1/autonomousvehiclelab/isaac_ros-dev/src/twist_mux/src/twist_mux.cpp:36[m[K:
[01m[K/home/agxorin1/autonomousvehiclelab/isaac_ros-dev/src/twist_mux/include/twist_mux/topic_handle.hpp:235:27:[m[K [01;36m[Knote: [m[K  cannot convert â€˜[01m[Krclcpp::Node::now() const()[m[Kâ€™ (type â€˜[01m[Krclcpp::Time[m[Kâ€™) to type â€˜[01m[Kchar[m[Kâ€™
  235 |     std::cout << [01;36m[Kmux_->now()[m[K << std::endl;
      |                  [01;36m[K~~~~~~~~~^~[m[K
In file included from [01m[K/usr/include/c++/11/iostream:39[m[K,
                 from [01m[K/opt/ros/humble/include/rclcpp/rclcpp/executor.hpp:22[m[K,
                 from [01m[K/opt/ros/humble/include/rclcpp/rclcpp/executors/multi_threaded_executor.hpp:25[m[K,
                 from [01m[K/opt/ros/humble/include/rclcpp/rclcpp/executors.hpp:21[m[K,
                 from [01m[K/opt/ros/humble/include/rclcpp/rclcpp/rclcpp.hpp:155[m[K,
                 from [01m[K/home/agxorin1/autonomousvehiclelab/isaac_ros-dev/src/twist_mux/include/twist_mux/twist_mux.hpp:38[m[K,
                 from [01m[K/home/agxorin1/autonomousvehiclelab/isaac_ros-dev/src/twist_mux/src/twist_mux.cpp:35[m[K:
[01m[K/usr/include/c++/11/ostream:524:5:[m[K [01;36m[Knote: [m[Kcandidate: â€˜[01m[Ktemplate<class _Traits> std::basic_ostream<char, _Traits>& std::operator<<(std::basic_ostream<char, _Traits>&, char)[m[Kâ€™
  524 |     [01;36m[Koperator[m[K<<(basic_ostream<char, _Traits>& __out, char __c)
      |     [01;36m[K^~~~~~~~[m[K
[01m[K/usr/include/c++/11/ostream:524:5:[m[K [01;36m[Knote: [m[K  template argument deduction/substitution failed:
In file included from [01m[K/home/agxorin1/autonomousvehiclelab/isaac_ros-dev/src/twist_mux/src/twist_mux.cpp:36[m[K:
[01m[K/home/agxorin1/autonomousvehiclelab/isaac_ros-dev/src/twist_mux/include/twist_mux/topic_handle.hpp:235:27:[m[K [01;36m[Knote: [m[K  cannot convert â€˜[01m[Krclcpp::Node::now() const()[m[Kâ€™ (type â€˜[01m[Krclcpp::Time[m[Kâ€™) to type â€˜[01m[Kchar[m[Kâ€™
  235 |     std::cout << [01;36m[Kmux_->now()[m[K << std::endl;
      |                  [01;36m[K~~~~~~~~~^~[m[K
In file included from [01m[K/usr/include/c++/11/iostream:39[m[K,
                 from [01m[K/opt/ros/humble/include/rclcpp/rclcpp/executor.hpp:22[m[K,
                 from [01m[K/opt/ros/humble/include/rclcpp/rclcpp/executors/multi_threaded_executor.hpp:25[m[K,
                 from [01m[K/opt/ros/humble/include/rclcpp/rclcpp/executors.hpp:21[m[K,
                 from [01m[K/opt/ros/humble/include/rclcpp/rclcpp/rclcpp.hpp:155[m[K,
                 from [01m[K/home/agxorin1/autonomousvehiclelab/isaac_ros-dev/src/twist_mux/include/twist_mux/twist_mux.hpp:38[m[K,
                 from [01m[K/home/agxorin1/autonomousvehiclelab/isaac_ros-dev/src/twist_mux/src/twist_mux.cpp:35[m[K:
[01m[K/usr/include/c++/11/ostream:530:5:[m[K [01;36m[Knote: [m[Kcandidate: â€˜[01m[Ktemplate<class _Traits> std::basic_ostream<char, _Traits>& std::operator<<(std::basic_ostream<char, _Traits>&, signed char)[m[Kâ€™
  530 |     [01;36m[Koperator[m[K<<(basic_ostream<char, _Traits>& __out, signed char __c)
      |     [01;36m[K^~~~~~~~[m[K
[01m[K/usr/include/c++/11/ostream:530:5:[m[K [01;36m[Knote: [m[K  template argument deduction/substitution failed:
In file included from [01m[K/home/agxorin1/autonomousvehiclelab/isaac_ros-dev/src/twist_mux/src/twist_mux.cpp:36[m[K:
[01m[K/home/agxorin1/autonomousvehiclelab/isaac_ros-dev/src/twist_mux/include/twist_mux/topic_handle.hpp:235:27:[m[K [01;36m[Knote: [m[K  cannot convert â€˜[01m[Krclcpp::Node::now() const()[m[Kâ€™ (type â€˜[01m[Krclcpp::Time[m[Kâ€™) to type â€˜[01m[Ksigned char[m[Kâ€™
  235 |     std::cout << [01;36m[Kmux_->now()[m[K << std::endl;
      |                  [01;36m[K~~~~~~~~~^~[m[K
In file included from [01m[K/usr/include/c++/11/iostream:39[m[K,
                 from [01m[K/opt/ros/humble/include/rclcpp/rclcpp/executor.hpp:22[m[K,
                 from [01m[K/opt/ros/humble/include/rclcpp/rclcpp/executors/multi_threaded_executor.hpp:25[m[K,
                 from [01m[K/opt/ros/humble/include/rclcpp/rclcpp/executors.hpp:21[m[K,
                 from [01m[K/opt/ros/humble/include/rclcpp/rclcpp/rclcpp.hpp:155[m[K,
                 from [01m[K/home/agxorin1/autonomousvehiclelab/isaac_ros-dev/src/twist_mux/include/twist_mux/twist_mux.hpp:38[m[K,
                 from [01m[K/home/agxorin1/autonomousvehiclelab/isaac_ros-dev/src/twist_mux/src/twist_mux.cpp:35[m[K:
[01m[K/usr/include/c++/11/ostream:535:5:[m[K [01;36m[Knote: [m[Kcandidate: â€˜[01m[Ktemplate<class _Traits> std::basic_ostream<char, _Traits>& std::operator<<(std::basic_ostream<char, _Traits>&, unsigned char)[m[Kâ€™
  535 |     [01;36m[Koperator[m[K<<(basic_ostream<char, _Traits>& __out, unsigned char __c)
      |     [01;36m[K^~~~~~~~[m[K
[01m[K/usr/include/c++/11/ostream:535:5:[m[K [01;36m[Knote: [m[K  template argument deduction/substitution failed:
In file included from [01m[K/home/agxorin1/autonomousvehiclelab/isaac_ros-dev/src/twist_mux/src/twist_mux.cpp:36[m[K:
[01m[K/home/agxorin1/autonomousvehiclelab/isaac_ros-dev/src/twist_mux/include/twist_mux/topic_handle.hpp:235:27:[m[K [01;36m[Knote: [m[K  cannot convert â€˜[01m[Krclcpp::Node::now() const()[m[Kâ€™ (type â€˜[01m[Krclcpp::Time[m[Kâ€™) to type â€˜[01m[Kunsigned char[m[Kâ€™
  235 |     std::cout << [01;36m[Kmux_->now()[m[K << std::endl;
      |                  [01;36m[K~~~~~~~~~^~[m[K
In file included from [01m[K/usr/include/c++/11/iostream:39[m[K,
                 from [01m[K/opt/ros/humble/include/rclcpp/rclcpp/executor.hpp:22[m[K,
                 from [01m[K/opt/ros/humble/include/rclcpp/rclcpp/executors/multi_threaded_executor.hpp:25[m[K,
                 from [01m[K/opt/ros/humble/include/rclcpp/rclcpp/executors.hpp:21[m[K,
                 from [01m[K/opt/ros/humble/include/rclcpp/rclcpp/rclcpp.hpp:155[m[K,
                 from [01m[K/home/agxorin1/autonomousvehiclelab/isaac_ros-dev/src/twist_mux/include/twist_mux/twist_mux.hpp:38[m[K,
                 from [01m[K/home/agxorin1/autonomousvehiclelab/isaac_ros-dev/src/twist_mux/src/twist_mux.cpp:35[m[K:
[01m[K/usr/include/c++/11/ostream:594:5:[m[K [01;36m[Knote: [m[Kcandidate: â€˜[01m[Ktemplate<class _CharT, class _Traits> std::basic_ostream<_Ch, _Tr>& std::operator<<(std::basic_ostream<_Ch, _Tr>&, const _CharT*)[m[Kâ€™
  594 |     [01;36m[Koperator[m[K<<(basic_ostream<_CharT, _Traits>& __out, const _CharT* __s)
      |     [01;36m[K^~~~~~~~[m[K
[01m[K/usr/include/c++/11/ostream:594:5:[m[K [01;36m[Knote: [m[K  template argument deduction/substitution failed:
In file included from [01m[K/home/agxorin1/autonomousvehiclelab/isaac_ros-dev/src/twist_mux/src/twist_mux.cpp:36[m[K:
[01m[K/home/agxorin1/autonomousvehiclelab/isaac_ros-dev/src/twist_mux/include/twist_mux/topic_handle.hpp:235:28:[m[K [01;36m[Knote: [m[K  mismatched types â€˜[01m[Kconst _CharT*[m[Kâ€™ and â€˜[01m[Krclcpp::Time[m[Kâ€™
  235 |     std::cout << mux_->now([01;36m[K)[m[K << std::endl;
      |                            [01;36m[K^[m[K
In file included from [01m[K/usr/include/c++/11/ostream:829[m[K,
                 from [01m[K/usr/include/c++/11/iostream:39[m[K,
                 from [01m[K/opt/ros/humble/include/rclcpp/rclcpp/executor.hpp:22[m[K,
                 from [01m[K/opt/ros/humble/include/rclcpp/rclcpp/executors/multi_threaded_executor.hpp:25[m[K,
                 from [01m[K/opt/ros/humble/include/rclcpp/rclcpp/executors.hpp:21[m[K,
                 from [01m[K/opt/ros/humble/include/rclcpp/rclcpp/rclcpp.hpp:155[m[K,
                 from [01m[K/home/agxorin1/autonomousvehiclelab/isaac_ros-dev/src/twist_mux/include/twist_mux/twist_mux.hpp:38[m[K,
                 from [01m[K/home/agxorin1/autonomousvehiclelab/isaac_ros-dev/src/twist_mux/src/twist_mux.cpp:35[m[K:
[01m[K/usr/include/c++/11/bits/ostream.tcc:321:5:[m[K [01;36m[Knote: [m[Kcandidate: â€˜[01m[Ktemplate<class _CharT, class _Traits> std::basic_ostream<_Ch, _Tr>& std::operator<<(std::basic_ostream<_Ch, _Tr>&, const char*)[m[Kâ€™
  321 |     [01;36m[Koperator[m[K<<(basic_ostream<_CharT, _Traits>& __out, const char* __s)
      |     [01;36m[K^~~~~~~~[m[K
[01m[K/usr/include/c++/11/bits/ostream.tcc:321:5:[m[K [01;36m[Knote: [m[K  template argument deduction/substitution failed:
In file included from [01m[K/home/agxorin1/autonomousvehiclelab/isaac_ros-dev/src/twist_mux/src/twist_mux.cpp:36[m[K:
[01m[K/home/agxorin1/autonomousvehiclelab/isaac_ros-dev/src/twist_mux/include/twist_mux/topic_handle.hpp:235:27:[m[K [01;36m[Knote: [m[K  cannot convert â€˜[01m[Krclcpp::Node::now() const()[m[Kâ€™ (type â€˜[01m[Krclcpp::Time[m[Kâ€™) to type â€˜[01m[Kconst char*[m[Kâ€™
  235 |     std::cout << [01;36m[Kmux_->now()[m[K << std::endl;
      |                  [01;36m[K~~~~~~~~~^~[m[K
In file included from [01m[K/usr/include/c++/11/iostream:39[m[K,
                 from [01m[K/opt/ros/humble/include/rclcpp/rclcpp/executor.hpp:22[m[K,
                 from [01m[K/opt/ros/humble/include/rclcpp/rclcpp/executors/multi_threaded_executor.hpp:25[m[K,
                 from [01m[K/opt/ros/humble/include/rclcpp/rclcpp/executors.hpp:21[m[K,
                 from [01m[K/opt/ros/humble/include/rclcpp/rclcpp/rclcpp.hpp:155[m[K,
                 from [01m[K/home/agxorin1/autonomousvehiclelab/isaac_ros-dev/src/twist_mux/include/twist_mux/twist_mux.hpp:38[m[K,
                 from [01m[K/home/agxorin1/autonomousvehiclelab/isaac_ros-dev/src/twist_mux/src/twist_mux.cpp:35[m[K:
[01m[K/usr/include/c++/11/ostream:611:5:[m[K [01;36m[Knote: [m[Kcandidate: â€˜[01m[Ktemplate<class _Traits> std::basic_ostream<char, _Traits>& std::operator<<(std::basic_ostream<char, _Traits>&, const char*)[m[Kâ€™
  611 |     [01;36m[Koperator[m[K<<(basic_ostream<char, _Traits>& __out, const char* __s)
      |     [01;36m[K^~~~~~~~[m[K
[01m[K/usr/include/c++/11/ostream:611:5:[m[K [01;36m[Knote: [m[K  template argument deduction/substitution failed:
In file included from [01m[K/home/agxorin1/autonomousvehiclelab/isaac_ros-dev/src/twist_mux/src/twist_mux.cpp:36[m[K:
[01m[K/home/agxorin1/autonomousvehiclelab/isaac_ros-dev/src/twist_mux/include/twist_mux/topic_handle.hpp:235:27:[m[K [01;36m[Knote: [m[K  cannot convert â€˜[01m[Krclcpp::Node::now() const()[m[Kâ€™ (type â€˜[01m[Krclcpp::Time[m[Kâ€™) to type â€˜[01m[Kconst char*[m[Kâ€™
  235 |     std::cout << [01;36m[Kmux_->now()[m[K << std::endl;
      |                  [01;36m[K~~~~~~~~~^~[m[K
In file included from [01m[K/usr/include/c++/11/iostream:39[m[K,
                 from [01m[K/opt/ros/humble/include/rclcpp/rclcpp/executor.hpp:22[m[K,
                 from [01m[K/opt/ros/humble/include/rclcpp/rclcpp/executors/multi_threaded_executor.hpp:25[m[K,
                 from [01m[K/opt/ros/humble/include/rclcpp/rclcpp/executors.hpp:21[m[K,
                 from [01m[K/opt/ros/humble/include/rclcpp/rclcpp/rclcpp.hpp:155[m[K,
                 from [01m[K/home/agxorin1/autonomousvehiclelab/isaac_ros-dev/src/twist_mux/include/twist_mux/twist_mux.hpp:38[m[K,
                 from [01m[K/home/agxorin1/autonomousvehiclelab/isaac_ros-dev/src/twist_mux/src/twist_mux.cpp:35[m[K:
[01m[K/usr/include/c++/11/ostream:624:5:[m[K [01;36m[Knote: [m[Kcandidate: â€˜[01m[Ktemplate<class _Traits> std::basic_ostream<char, _Traits>& std::operator<<(std::basic_ostream<char, _Traits>&, const signed char*)[m[Kâ€™
  624 |     [01;36m[Koperator[m[K<<(basic_ostream<char, _Traits>& __out, const signed char* __s)
      |     [01;36m[K^~~~~~~~[m[K
[01m[K/usr/include/c++/11/ostream:624:5:[m[K [01;36m[Knote: [m[K  template argument deduction/substitution failed:
In file included from [01m[K/home/agxorin1/autonomousvehiclelab/isaac_ros-dev/src/twist_mux/src/twist_mux.cpp:36[m[K:
[01m[K/home/agxorin1/autonomousvehiclelab/isaac_ros-dev/src/twist_mux/include/twist_mux/topic_handle.hpp:235:27:[m[K [01;36m[Knote: [m[K  cannot convert â€˜[01m[Krclcpp::Node::now() const()[m[Kâ€™ (type â€˜[01m[Krclcpp::Time[m[Kâ€™) to type â€˜[01m[Kconst signed char*[m[Kâ€™
  235 |     std::cout << [01;36m[Kmux_->now()[m[K << std::endl;
      |                  [01;36m[K~~~~~~~~~^~[m[K
In file included from [01m[K/usr/include/c++/11/iostream:39[m[K,
                 from [01m[K/opt/ros/humble/include/rclcpp/rclcpp/executor.hpp:22[m[K,
                 from [01m[K/opt/ros/humble/include/rclcpp/rclcpp/executors/multi_threaded_executor.hpp:25[m[K,
                 from [01m[K/opt/ros/humble/include/rclcpp/rclcpp/executors.hpp:21[m[K,
                 from [01m[K/opt/ros/humble/include/rclcpp/rclcpp/rclcpp.hpp:155[m[K,
                 from [01m[K/home/agxorin1/autonomousvehiclelab/isaac_ros-dev/src/twist_mux/include/twist_mux/twist_mux.hpp:38[m[K,
                 from [01m[K/home/agxorin1/autonomousvehiclelab/isaac_ros-dev/src/twist_mux/src/twist_mux.cpp:35[m[K:
[01m[K/usr/include/c++/11/ostream:629:5:[m[K [01;36m[Knote: [m[Kcandidate: â€˜[01m[Ktemplate<class _Traits> std::basic_ostream<char, _Traits>& std::operator<<(std::basic_ostream<char, _Traits>&, const unsigned char*)[m[Kâ€™
  629 |     [01;36m[Koperator[m[K<<(basic_ostream<char, _Traits>& __out, const unsigned char* __s)
      |     [01;36m[K^~~~~~~~[m[K
[01m[K/usr/include/c++/11/ostream:629:5:[m[K [01;36m[Knote: [m[K  template argument deduction/substitution failed:
In file included from [01m[K/home/agxorin1/autonomousvehiclelab/isaac_ros-dev/src/twist_mux/src/twist_mux.cpp:36[m[K:
[01m[K/home/agxorin1/autonomousvehiclelab/isaac_ros-dev/src/twist_mux/include/twist_mux/topic_handle.hpp:235:27:[m[K [01;36m[Knote: [m[K  cannot convert â€˜[01m[Krclcpp::Node::now() const()[m[Kâ€™ (type â€˜[01m[Krclcpp::Time[m[Kâ€™) to type â€˜[01m[Kconst unsigned char*[m[Kâ€™
  235 |     std::cout << [01;36m[Kmux_->now()[m[K << std::endl;
      |                  [01;36m[K~~~~~~~~~^~[m[K
In file included from [01m[K/usr/include/c++/11/iostream:39[m[K,
                 from [01m[K/opt/ros/humble/include/rclcpp/rclcpp/executor.hpp:22[m[K,
                 from [01m[K/opt/ros/humble/include/rclcpp/rclcpp/executors/multi_threaded_executor.hpp:25[m[K,
                 from [01m[K/opt/ros/humble/include/rclcpp/rclcpp/executors.hpp:21[m[K,
                 from [01m[K/opt/ros/humble/include/rclcpp/rclcpp/rclcpp.hpp:155[m[K,
                 from [01m[K/home/agxorin1/autonomousvehiclelab/isaac_ros-dev/src/twist_mux/include/twist_mux/twist_mux.hpp:38[m[K,
                 from [01m[K/home/agxorin1/autonomousvehiclelab/isaac_ros-dev/src/twist_mux/src/twist_mux.cpp:35[m[K:
[01m[K/usr/include/c++/11/ostream:750:5:[m[K [01;36m[Knote: [m[Kcandidate: â€˜[01m[Ktemplate<class _Ostream, class _Tp> _Ostream&& std::operator<<(_Ostream&&, const _Tp&)[m[Kâ€™
  750 |     [01;36m[Koperator[m[K<<(_Ostream&& __os, const _Tp& __x)
      |     [01;36m[K^~~~~~~~[m[K
[01m[K/usr/include/c++/11/ostream:750:5:[m[K [01;36m[Knote: [m[K  template argument deduction/substitution failed:
/usr/include/c++/11/ostream: In substitution of â€˜[01m[Ktemplate<class _Ostream, class _Tp> _Ostream&& std::operator<<(_Ostream&&, const _Tp&) [with _Ostream = std::basic_ostream<char>&; _Tp = rclcpp::Time][m[Kâ€™:
[01m[K/home/agxorin1/autonomousvehiclelab/isaac_ros-dev/src/twist_mux/include/twist_mux/topic_handle.hpp:235:28:[m[K   required from here
[01m[K/usr/include/c++/11/ostream:750:5:[m[K [01;31m[Kerror: [m[Kno type named â€˜[01m[Ktype[m[Kâ€™ in â€˜[01m[Kstruct std::enable_if<false, void>[m[Kâ€™
In file included from [01m[K/opt/ros/humble/include/rosidl_runtime_cpp/rosidl_runtime_cpp/traits.hpp:19[m[K,
                 from [01m[K/opt/ros/humble/include/builtin_interfaces/builtin_interfaces/msg/detail/duration__traits.hpp:15[m[K,
                 from [01m[K/opt/ros/humble/include/builtin_interfaces/builtin_interfaces/msg/duration.hpp:9[m[K,
                 from [01m[K/opt/ros/humble/include/rclcpp/rclcpp/duration.hpp:20[m[K,
                 from [01m[K/opt/ros/humble/include/rclcpp/rclcpp/qos.hpp:20[m[K,
                 from [01m[K/opt/ros/humble/include/rclcpp/rclcpp/node_interfaces/node_graph_interface.hpp:32[m[K,
                 from [01m[K/opt/ros/humble/include/rclcpp/rclcpp/client.hpp:42[m[K,
                 from [01m[K/opt/ros/humble/include/rclcpp/rclcpp/callback_group.hpp:24[m[K,
                 from [01m[K/opt/ros/humble/include/rclcpp/rclcpp/any_executable.hpp:20[m[K,
                 from [01m[K/opt/ros/humble/include/rclcpp/rclcpp/memory_strategy.hpp:25[m[K,
                 from [01m[K/opt/ros/humble/include/rclcpp/rclcpp/memory_strategies.hpp:18[m[K,
                 from [01m[K/opt/ros/humble/include/rclcpp/rclcpp/executor_options.hpp:20[m[K,
                 from [01m[K/opt/ros/humble/include/rclcpp/rclcpp/executor.hpp:37[m[K,
                 from [01m[K/opt/ros/humble/include/rclcpp/rclcpp/executors/multi_threaded_executor.hpp:25[m[K,
                 from [01m[K/opt/ros/humble/include/rclcpp/rclcpp/executors.hpp:21[m[K,
                 from [01m[K/opt/ros/humble/include/rclcpp/rclcpp/rclcpp.hpp:155[m[K,
                 from [01m[K/home/agxorin1/autonomousvehiclelab/isaac_ros-dev/src/twist_mux/include/twist_mux/twist_mux.hpp:38[m[K,
                 from [01m[K/home/agxorin1/autonomousvehiclelab/isaac_ros-dev/src/twist_mux/src/twist_mux.cpp:35[m[K:
[01m[K/usr/include/c++/11/iomanip:79:5:[m[K [01;36m[Knote: [m[Kcandidate: â€˜[01m[Ktemplate<class _CharT, class _Traits> std::basic_ostream<_Ch, _Tr>& std::operator<<(std::basic_ostream<_Ch, _Tr>&, std::_Resetiosflags)[m[Kâ€™
   79 |     [01;36m[Koperator[m[K<<(basic_ostream<_CharT, _Traits>& __os, _Resetiosflags __f)
      |     [01;36m[K^~~~~~~~[m[K
[01m[K/usr/include/c++/11/iomanip:79:5:[m[K [01;36m[Knote: [m[K  template argument deduction/substitution failed:
In file included from [01m[K/home/agxorin1/autonomousvehiclelab/isaac_ros-dev/src/twist_mux/src/twist_mux.cpp:36[m[K:
[01m[K/home/agxorin1/autonomousvehiclelab/isaac_ros-dev/src/twist_mux/include/twist_mux/topic_handle.hpp:235:27:[m[K [01;36m[Knote: [m[K  cannot convert â€˜[01m[Krclcpp::Node::now() const()[m[Kâ€™ (type â€˜[01m[Krclcpp::Time[m[Kâ€™) to type â€˜[01m[Kstd::_Resetiosflags[m[Kâ€™
  235 |     std::cout << [01;36m[Kmux_->now()[m[K << std::endl;
      |                  [01;36m[K~~~~~~~~~^~[m[K
In file included from [01m[K/opt/ros/humble/include/rosidl_runtime_cpp/rosidl_runtime_cpp/traits.hpp:19[m[K,
                 from [01m[K/opt/ros/humble/include/builtin_interfaces/builtin_interfaces/msg/detail/duration__traits.hpp:15[m[K,
                 from [01m[K/opt/ros/humble/include/builtin_interfaces/builtin_interfaces/msg/duration.hpp:9[m[K,
                 from [01m[K/opt/ros/humble/include/rclcpp/rclcpp/duration.hpp:20[m[K,
                 from [01m[K/opt/ros/humble/include/rclcpp/rclcpp/qos.hpp:20[m[K,
                 from [01m[K/opt/ros/humble/include/rclcpp/rclcpp/node_interfaces/node_graph_interface.hpp:32[m[K,
                 from [01m[K/opt/ros/humble/include/rclcpp/rclcpp/client.hpp:42[m[K,
                 from [01m[K/opt/ros/humble/include/rclcpp/rclcpp/callback_group.hpp:24[m[K,
                 from [01m[K/opt/ros/humble/include/rclcpp/rclcpp/any_executable.hpp:20[m[K,
                 from [01m[K/opt/ros/humble/include/rclcpp/rclcpp/memory_strategy.hpp:25[m[K,
                 from [01m[K/opt/ros/humble/include/rclcpp/rclcpp/memory_strategies.hpp:18[m[K,
                 from [01m[K/opt/ros/humble/include/rclcpp/rclcpp/executor_options.hpp:20[m[K,
                 from [01m[K/opt/ros/humble/include/rclcpp/rclcpp/executor.hpp:37[m[K,
                 from [01m[K/opt/ros/humble/include/rclcpp/rclcpp/executors/multi_threaded_executor.hpp:25[m[K,
                 from [01m[K/opt/ros/humble/include/rclcpp/rclcpp/executors.hpp:21[m[K,
                 from [01m[K/opt/ros/humble/include/rclcpp/rclcpp/rclcpp.hpp:155[m[K,
                 from [01m[K/home/agxorin1/autonomousvehiclelab/isaac_ros-dev/src/twist_mux/include/twist_mux/twist_mux.hpp:38[m[K,
                 from [01m[K/home/agxorin1/autonomousvehiclelab/isaac_ros-dev/src/twist_mux/src/twist_mux.cpp:35[m[K:
[01m[K/usr/include/c++/11/iomanip:109:5:[m[K [01;36m[Knote: [m[Kcandidate: â€˜[01m[Ktemplate<class _CharT, class _Traits> std::basic_ostream<_Ch, _Tr>& std::operator<<(std::basic_ostream<_Ch, _Tr>&, std::_Setiosflags)[m[Kâ€™
  109 |     [01;36m[Koperator[m[K<<(basic_ostream<_CharT, _Traits>& __os, _Setiosflags __f)
      |     [01;36m[K^~~~~~~~[m[K
[01m[K/usr/include/c++/11/iomanip:109:5:[m[K [01;36m[Knote: [m[K  template argument deduction/substitution failed:
In file included from [01m[K/home/agxorin1/autonomousvehiclelab/isaac_ros-dev/src/twist_mux/src/twist_mux.cpp:36[m[K:
[01m[K/home/agxorin1/autonomousvehiclelab/isaac_ros-dev/src/twist_mux/include/twist_mux/topic_handle.hpp:235:27:[m[K [01;36m[Knote: [m[K  cannot convert â€˜[01m[Krclcpp::Node::now() const()[m[Kâ€™ (type â€˜[01m[Krclcpp::Time[m[Kâ€™) to type â€˜[01m[Kstd::_Setiosflags[m[Kâ€™
  235 |     std::cout << [01;36m[Kmux_->now()[m[K << std::endl;
      |                  [01;36m[K~~~~~~~~~^~[m[K
In file included from [01m[K/opt/ros/humble/include/rosidl_runtime_cpp/rosidl_runtime_cpp/traits.hpp:19[m[K,
                 from [01m[K/opt/ros/humble/include/builtin_interfaces/builtin_interfaces/msg/detail/duration__traits.hpp:15[m[K,
                 from [01m[K/opt/ros/humble/include/builtin_interfaces/builtin_interfaces/msg/duration.hpp:9[m[K,
                 from [01m[K/opt/ros/humble/include/rclcpp/rclcpp/duration.hpp:20[m[K,
                 from [01m[K/opt/ros/humble/include/rclcpp/rclcpp/qos.hpp:20[m[K,
                 from [01m[K/opt/ros/humble/include/rclcpp/rclcpp/node_interfaces/node_graph_interface.hpp:32[m[K,
                 from [01m[K/opt/ros/humble/include/rclcpp/rclcpp/client.hpp:42[m[K,
                 from [01m[K/opt/ros/humble/include/rclcpp/rclcpp/callback_group.hpp:24[m[K,
                 from [01m[K/opt/ros/humble/include/rclcpp/rclcpp/any_executable.hpp:20[m[K,
                 from [01m[K/opt/ros/humble/include/rclcpp/rclcpp/memory_strategy.hpp:25[m[K,
                 from [01m[K/opt/ros/humble/include/rclcpp/rclcpp/memory_strategies.hpp:18[m[K,
                 from [01m[K/opt/ros/humble/include/rclcpp/rclcpp/executor_options.hpp:20[m[K,
                 from [01m[K/opt/ros/humble/include/rclcpp/rclcpp/executor.hpp:37[m[K,
                 from [01m[K/opt/ros/humble/include/rclcpp/rclcpp/executors/multi_threaded_executor.hpp:25[m[K,
                 from [01m[K/opt/ros/humble/include/rclcpp/rclcpp/executors.hpp:21[m[K,
                 from [01m[K/opt/ros/humble/include/rclcpp/rclcpp/rclcpp.hpp:155[m[K,
                 from [01m[K/home/agxorin1/autonomousvehiclelab/isaac_ros-dev/src/twist_mux/include/twist_mux/twist_mux.hpp:38[m[K,
                 from [01m[K/home/agxorin1/autonomousvehiclelab/isaac_ros-dev/src/twist_mux/src/twist_mux.cpp:35[m[K:
[01m[K/usr/include/c++/11/iomanip:143:5:[m[K [01;36m[Knote: [m[Kcandidate: â€˜[01m[Ktemplate<class _CharT, class _Traits> std::basic_ostream<_Ch, _Tr>& std::operator<<(std::basic_ostream<_Ch, _Tr>&, std::_Setbase)[m[Kâ€™
  143 |     [01;36m[Koperator[m[K<<(basic_ostream<_CharT, _Traits>& __os, _Setbase __f)
      |     [01;36m[K^~~~~~~~[m[K
[01m[K/usr/include/c++/11/iomanip:143:5:[m[K [01;36m[Knote: [m[K  template argument deduction/substitution failed:
In file included from [01m[K/home/agxorin1/autonomousvehiclelab/isaac_ros-dev/src/twist_mux/src/twist_mux.cpp:36[m[K:
[01m[K/home/agxorin1/autonomousvehiclelab/isaac_ros-dev/src/twist_mux/include/twist_mux/topic_handle.hpp:235:27:[m[K [01;36m[Knote: [m[K  cannot convert â€˜[01m[Krclcpp::Node::now() const()[m[Kâ€™ (type â€˜[01m[Krclcpp::Time[m[Kâ€™) to type â€˜[01m[Kstd::_Setbase[m[Kâ€™
  235 |     std::cout << [01;36m[Kmux_->now()[m[K << std::endl;
      |                  [01;36m[K~~~~~~~~~^~[m[K
In file included from [01m[K/opt/ros/humble/include/rosidl_runtime_cpp/rosidl_runtime_cpp/traits.hpp:19[m[K,
                 from [01m[K/opt/ros/humble/include/builtin_interfaces/builtin_interfaces/msg/detail/duration__traits.hpp:15[m[K,
                 from [01m[K/opt/ros/humble/include/builtin_interfaces/builtin_interfaces/msg/duration.hpp:9[m[K,
                 from [01m[K/opt/ros/humble/include/rclcpp/rclcpp/duration.hpp:20[m[K,
                 from [01m[K/opt/ros/humble/include/rclcpp/rclcpp/qos.hpp:20[m[K,
                 from [01m[K/opt/ros/humble/include/rclcpp/rclcpp/node_interfaces/node_graph_interface.hpp:32[m[K,
                 from [01m[K/opt/ros/humble/include/rclcpp/rclcpp/client.hpp:42[m[K,
                 from [01m[K/opt/ros/humble/include/rclcpp/rclcpp/callback_group.hpp:24[m[K,
                 from [01m[K/opt/ros/humble/include/rclcpp/rclcpp/any_executable.hpp:20[m[K,
                 from [01m[K/opt/ros/humble/include/rclcpp/rclcpp/memory_strategy.hpp:25[m[K,
                 from [01m[K/opt/ros/humble/include/rclcpp/rclcpp/memory_strategies.hpp:18[m[K,
                 from [01m[K/opt/ros/humble/include/rclcpp/rclcpp/executor_options.hpp:20[m[K,
                 from [01m[K/opt/ros/humble/include/rclcpp/rclcpp/executor.hpp:37[m[K,
                 from [01m[K/opt/ros/humble/include/rclcpp/rclcpp/executors/multi_threaded_executor.hpp:25[m[K,
                 from [01m[K/opt/ros/humble/include/rclcpp/rclcpp/executors.hpp:21[m[K,
                 from [01m[K/opt/ros/humble/include/rclcpp/rclcpp/rclcpp.hpp:155[m[K,
                 from [01m[K/home/agxorin1/autonomousvehiclelab/isaac_ros-dev/src/twist_mux/include/twist_mux/twist_mux.hpp:38[m[K,
                 from [01m[K/home/agxorin1/autonomousvehiclelab/isaac_ros-dev/src/twist_mux/src/twist_mux.cpp:35[m[K:
[01m[K/usr/include/c++/11/iomanip:178:5:[m[K [01;36m[Knote: [m[Kcandidate: â€˜[01m[Ktemplate<class _CharT, class _Traits> std::basic_ostream<_Ch, _Tr>& std::operator<<(std::basic_ostream<_Ch, _Tr>&, std::_Setfill<_CharT>)[m[Kâ€™
  178 |     [01;36m[Koperator[m[K<<(basic_ostream<_CharT, _Traits>& __os, _Setfill<_CharT> __f)
      |     [01;36m[K^~~~~~~~[m[K
[01m[K/usr/include/c++/11/iomanip:178:5:[m[K [01;36m[Knote: [m[K  template argument deduction/substitution failed:
In file included from [01m[K/home/agxorin1/autonomousvehiclelab/isaac_ros-dev/src/twist_mux/src/twist_mux.cpp:36[m[K:
[01m[K/home/agxorin1/autonomousvehiclelab/isaac_ros-dev/src/twist_mux/include/twist_mux/topic_handle.hpp:235:28:[m[K [01;36m[Knote: [m[K  â€˜[01m[Krclcpp::Time[m[Kâ€™ is not derived from â€˜[01m[Kstd::_Setfill<_CharT>[m[Kâ€™
  235 |     std::cout << mux_->now([01;36m[K)[m[K << std::endl;
      |                            [01;36m[K^[m[K
In file included from [01m[K/opt/ros/humble/include/rosidl_runtime_cpp/rosidl_runtime_cpp/traits.hpp:19[m[K,
                 from [01m[K/opt/ros/humble/include/builtin_interfaces/builtin_interfaces/msg/detail/duration__traits.hpp:15[m[K,
                 from [01m[K/opt/ros/humble/include/builtin_interfaces/builtin_interfaces/msg/duration.hpp:9[m[K,
                 from [01m[K/opt/ros/humble/include/rclcpp/rclcpp/duration.hpp:20[m[K,
                 from [01m[K/opt/ros/humble/include/rclcpp/rclcpp/qos.hpp:20[m[K,
                 from [01m[K/opt/ros/humble/include/rclcpp/rclcpp/node_interfaces/node_graph_interface.hpp:32[m[K,
                 from [01m[K/opt/ros/humble/include/rclcpp/rclcpp/client.hpp:42[m[K,
                 from [01m[K/opt/ros/humble/include/rclcpp/rclcpp/callback_group.hpp:24[m[K,
                 from [01m[K/opt/ros/humble/include/rclcpp/rclcpp/any_executable.hpp:20[m[K,
                 from [01m[K/opt/ros/humble/include/rclcpp/rclcpp/memory_strategy.hpp:25[m[K,
                 from [01m[K/opt/ros/humble/include/rclcpp/rclcpp/memory_strategies.hpp:18[m[K,
                 from [01m[K/opt/ros/humble/include/rclcpp/rclcpp/executor_options.hpp:20[m[K,
                 from [01m[K/opt/ros/humble/include/rclcpp/rclcpp/executor.hpp:37[m[K,
                 from [01m[K/opt/ros/humble/include/rclcpp/rclcpp/executors/multi_threaded_executor.hpp:25[m[K,
                 from [01m[K/opt/ros/humble/include/rclcpp/rclcpp/executors.hpp:21[m[K,
                 from [01m[K/opt/ros/humble/include/rclcpp/rclcpp/rclcpp.hpp:155[m[K,
                 from [01m[K/home/agxorin1/autonomousvehiclelab/isaac_ros-dev/src/twist_mux/include/twist_mux/twist_mux.hpp:38[m[K,
                 from [01m[K/home/agxorin1/autonomousvehiclelab/isaac_ros-dev/src/twist_mux/src/twist_mux.cpp:35[m[K:
[01m[K/usr/include/c++/11/iomanip:208:5:[m[K [01;36m[Knote: [m[Kcandidate: â€˜[01m[Ktemplate<class _CharT, class _Traits> std::basic_ostream<_Ch, _Tr>& std::operator<<(std::basic_ostream<_Ch, _Tr>&, std::_Setprecision)[m[Kâ€™
  208 |     [01;36m[Koperator[m[K<<(basic_ostream<_CharT, _Traits>& __os, _Setprecision __f)
      |     [01;36m[K^~~~~~~~[m[K
[01m[K/usr/include/c++/11/iomanip:208:5:[m[K [01;36m[Knote: [m[K  template argument deduction/substitution failed:
In file included from [01m[K/home/agxorin1/autonomousvehiclelab/isaac_ros-dev/src/twist_mux/src/twist_mux.cpp:36[m[K:
[01m[K/home/agxorin1/autonomousvehiclelab/isaac_ros-dev/src/twist_mux/include/twist_mux/topic_handle.hpp:235:27:[m[K [01;36m[Knote: [m[K  cannot convert â€˜[01m[Krclcpp::Node::now() const()[m[Kâ€™ (type â€˜[01m[Krclcpp::Time[m[Kâ€™) to type â€˜[01m[Kstd::_Setprecision[m[Kâ€™
  235 |     std::cout << [01;36m[Kmux_->now()[m[K << std::endl;
      |                  [01;36m[K~~~~~~~~~^~[m[K
In file included from [01m[K/opt/ros/humble/include/rosidl_runtime_cpp/rosidl_runtime_cpp/traits.hpp:19[m[K,
                 from [01m[K/opt/ros/humble/include/builtin_interfaces/builtin_interfaces/msg/detail/duration__traits.hpp:15[m[K,
                 from [01m[K/opt/ros/humble/include/builtin_interfaces/builtin_interfaces/msg/duration.hpp:9[m[K,
                 from [01m[K/opt/ros/humble/include/rclcpp/rclcpp/duration.hpp:20[m[K,
                 from [01m[K/opt/ros/humble/include/rclcpp/rclcpp/qos.hpp:20[m[K,
                 from [01m[K/opt/ros/humble/include/rclcpp/rclcpp/node_interfaces/node_graph_interface.hpp:32[m[K,
                 from [01m[K/opt/ros/humble/include/rclcpp/rclcpp/client.hpp:42[m[K,
                 from [01m[K/opt/ros/humble/include/rclcpp/rclcpp/callback_group.hpp:24[m[K,
                 from [01m[K/opt/ros/humble/include/rclcpp/rclcpp/any_executable.hpp:20[m[K,
                 from [01m[K/opt/ros/humble/include/rclcpp/rclcpp/memory_strategy.hpp:25[m[K,
                 from [01m[K/opt/ros/humble/include/rclcpp/rclcpp/memory_strategies.hpp:18[m[K,
                 from [01m[K/opt/ros/humble/include/rclcpp/rclcpp/executor_options.hpp:20[m[K,
                 from [01m[K/opt/ros/humble/include/rclcpp/rclcpp/executor.hpp:37[m[K,
                 from [01m[K/opt/ros/humble/include/rclcpp/rclcpp/executors/multi_threaded_executor.hpp:25[m[K,
                 from [01m[K/opt/ros/humble/include/rclcpp/rclcpp/executors.hpp:21[m[K,
                 from [01m[K/opt/ros/humble/include/rclcpp/rclcpp/rclcpp.hpp:155[m[K,
                 from [01m[K/home/agxorin1/autonomousvehiclelab/isaac_ros-dev/src/twist_mux/include/twist_mux/twist_mux.hpp:38[m[K,
                 from [01m[K/home/agxorin1/autonomousvehiclelab/isaac_ros-dev/src/twist_mux/src/twist_mux.cpp:35[m[K:
[01m[K/usr/include/c++/11/iomanip:238:5:[m[K [01;36m[Knote: [m[Kcandidate: â€˜[01m[Ktemplate<class _CharT, class _Traits> std::basic_ostream<_Ch, _Tr>& std::operator<<(std::basic_ostream<_Ch, _Tr>&, std::_Setw)[m[Kâ€™
  238 |     [01;36m[Koperator[m[K<<(basic_ostream<_CharT, _Traits>& __os, _Setw __f)
      |     [01;36m[K^~~~~~~~[m[K
[01m[K/usr/include/c++/11/iomanip:238:5:[m[K [01;36m[Knote: [m[K  template argument deduction/substitution failed:
In file included from [01m[K/home/agxorin1/autonomousvehiclelab/isaac_ros-dev/src/twist_mux/src/twist_mux.cpp:36[m[K:
[01m[K/home/agxorin1/autonomousvehiclelab/isaac_ros-dev/src/twist_mux/include/twist_mux/topic_handle.hpp:235:27:[m[K [01;36m[Knote: [m[K  cannot convert â€˜[01m[Krclcpp::Node::now() const()[m[Kâ€™ (type â€˜[01m[Krclcpp::Time[m[Kâ€™) to type â€˜[01m[Kstd::_Setw[m[Kâ€™
  235 |     std::cout << [01;36m[Kmux_->now()[m[K << std::endl;
      |                  [01;36m[K~~~~~~~~~^~[m[K
In file included from [01m[K/opt/ros/humble/include/rosidl_runtime_cpp/rosidl_runtime_cpp/traits.hpp:19[m[K,
                 from [01m[K/opt/ros/humble/include/builtin_interfaces/builtin_interfaces/msg/detail/duration__traits.hpp:15[m[K,
                 from [01m[K/opt/ros/humble/include/builtin_interfaces/builtin_interfaces/msg/duration.hpp:9[m[K,
                 from [01m[K/opt/ros/humble/include/rclcpp/rclcpp/duration.hpp:20[m[K,
                 from [01m[K/opt/ros/humble/include/rclcpp/rclcpp/qos.hpp:20[m[K,
                 from [01m[K/opt/ros/humble/include/rclcpp/rclcpp/node_interfaces/node_graph_interface.hpp:32[m[K,
                 from [01m[K/opt/ros/humble/include/rclcpp/rclcpp/client.hpp:42[m[K,
                 from [01m[K/opt/ros/humble/include/rclcpp/rclcpp/callback_group.hpp:24[m[K,
                 from [01m[K/opt/ros/humble/include/rclcpp/rclcpp/any_executable.hpp:20[m[K,
                 from [01m[K/opt/ros/humble/include/rclcpp/rclcpp/memory_strategy.hpp:25[m[K,
                 from [01m[K/opt/ros/humble/include/rclcpp/rclcpp/memory_strategies.hpp:18[m[K,
                 from [01m[K/opt/ros/humble/include/rclcpp/rclcpp/executor_options.hpp:20[m[K,
                 from [01m[K/opt/ros/humble/include/rclcpp/rclcpp/executor.hpp:37[m[K,
                 from [01m[K/opt/ros/humble/include/rclcpp/rclcpp/executors/multi_threaded_executor.hpp:25[m[K,
                 from [01m[K/opt/ros/humble/include/rclcpp/rclcpp/executors.hpp:21[m[K,
                 from [01m[K/opt/ros/humble/include/rclcpp/rclcpp/rclcpp.hpp:155[m[K,
                 from [01m[K/home/agxorin1/autonomousvehiclelab/isaac_ros-dev/src/twist_mux/include/twist_mux/twist_mux.hpp:38[m[K,
                 from [01m[K/home/agxorin1/autonomousvehiclelab/isaac_ros-dev/src/twist_mux/src/twist_mux.cpp:35[m[K:
[01m[K/usr/include/c++/11/iomanip:311:5:[m[K [01;36m[Knote: [m[Kcandidate: â€˜[01m[Ktemplate<class _CharT, class _Traits, class _MoneyT> std::basic_ostream<_Ch, _Tr>& std::operator<<(std::basic_ostream<_Ch, _Tr>&, std::_Put_money<_MoneyT>)[m[Kâ€™
  311 |     [01;36m[Koperator[m[K<<(basic_ostream<_CharT, _Traits>& __os, _Put_money<_MoneyT> __f)
      |     [01;36m[K^~~~~~~~[m[K
[01m[K/usr/include/c++/11/iomanip:311:5:[m[K [01;36m[Knote: [m[K  template argument deduction/substitution failed:
In file included from [01m[K/home/agxorin1/autonomousvehiclelab/isaac_ros-dev/src/twist_mux/src/twist_mux.cpp:36[m[K:
[01m[K/home/agxorin1/autonomousvehiclelab/isaac_ros-dev/src/twist_mux/include/twist_mux/topic_handle.hpp:235:28:[m[K [01;36m[Knote: [m[K  â€˜[01m[Krclcpp::Time[m[Kâ€™ is not derived from â€˜[01m[Kstd::_Put_money<_MoneyT>[m[Kâ€™
  235 |     std::cout << mux_->now([01;36m[K)[m[K << std::endl;
      |                            [01;36m[K^[m[K
In file included from [01m[K/opt/ros/humble/include/rosidl_runtime_cpp/rosidl_runtime_cpp/traits.hpp:19[m[K,
                 from [01m[K/opt/ros/humble/include/builtin_interfaces/builtin_interfaces/msg/detail/duration__traits.hpp:15[m[K,
                 from [01m[K/opt/ros/humble/include/builtin_interfaces/builtin_interfaces/msg/duration.hpp:9[m[K,
                 from [01m[K/opt/ros/humble/include/rclcpp/rclcpp/duration.hpp:20[m[K,
                 from [01m[K/opt/ros/humble/include/rclcpp/rclcpp/qos.hpp:20[m[K,
                 from [01m[K/opt/ros/humble/include/rclcpp/rclcpp/node_interfaces/node_graph_interface.hpp:32[m[K,
                 from [01m[K/opt/ros/humble/include/rclcpp/rclcpp/client.hpp:42[m[K,
                 from [01m[K/opt/ros/humble/include/rclcpp/rclcpp/callback_group.hpp:24[m[K,
                 from [01m[K/opt/ros/humble/include/rclcpp/rclcpp/any_executable.hpp:20[m[K,
                 from [01m[K/opt/ros/humble/include/rclcpp/rclcpp/memory_strategy.hpp:25[m[K,
                 from [01m[K/opt/ros/humble/include/rclcpp/rclcpp/memory_strategies.hpp:18[m[K,
                 from [01m[K/opt/ros/humble/include/rclcpp/rclcpp/executor_options.hpp:20[m[K,
                 from [01m[K/opt/ros/humble/include/rclcpp/rclcpp/executor.hpp:37[m[K,
                 from [01m[K/opt/ros/humble/include/rclcpp/rclcpp/executors/multi_threaded_executor.hpp:25[m[K,
                 from [01m[K/opt/ros/humble/include/rclcpp/rclcpp/executors.hpp:21[m[K,
                 from [01m[K/opt/ros/humble/include/rclcpp/rclcpp/rclcpp.hpp:155[m[K,
                 from [01m[K/home/agxorin1/autonomousvehiclelab/isaac_ros-dev/src/twist_mux/include/twist_mux/twist_mux.hpp:38[m[K,
                 from [01m[K/home/agxorin1/autonomousvehiclelab/isaac_ros-dev/src/twist_mux/src/twist_mux.cpp:35[m[K:
[01m[K/usr/include/c++/11/iomanip:363:5:[m[K [01;36m[Knote: [m[Kcandidate: â€˜[01m[Ktemplate<class _CharT, class _Traits> std::basic_ostream<_Ch, _Tr>& std::operator<<(std::basic_ostream<_Ch, _Tr>&, std::_Put_time<_CharT>)[m[Kâ€™
  363 |     [01;36m[Koperator[m[K<<(basic_ostream<_CharT, _Traits>& __os, _Put_time<_CharT> __f)
      |     [01;36m[K^~~~~~~~[m[K
[01m[K/usr/include/c++/11/iomanip:363:5:[m[K [01;36m[Knote: [m[K  template argument deduction/substitution failed:
In file included from [01m[K/home/agxorin1/autonomousvehiclelab/isaac_ros-dev/src/twist_mux/src/twist_mux.cpp:36[m[K:
[01m[K/home/agxorin1/autonomousvehiclelab/isaac_ros-dev/src/twist_mux/include/twist_mux/topic_handle.hpp:235:28:[m[K [01;36m[Knote: [m[K  â€˜[01m[Krclcpp::Time[m[Kâ€™ is not derived from â€˜[01m[Kstd::_Put_time<_CharT>[m[Kâ€™
  235 |     std::cout << mux_->now([01;36m[K)[m[K << std::endl;
      |                            [01;36m[K^[m[K
In file included from [01m[K/opt/ros/humble/include/rclcpp/rclcpp/publisher_base.hpp:34[m[K,
                 from [01m[K/opt/ros/humble/include/rclcpp/rclcpp/callback_group.hpp:27[m[K,
                 from [01m[K/opt/ros/humble/include/rclcpp/rclcpp/any_executable.hpp:20[m[K,
                 from [01m[K/opt/ros/humble/include/rclcpp/rclcpp/memory_strategy.hpp:25[m[K,
                 from [01m[K/opt/ros/humble/include/rclcpp/rclcpp/memory_strategies.hpp:18[m[K,
                 from [01m[K/opt/ros/humble/include/rclcpp/rclcpp/executor_options.hpp:20[m[K,
                 from [01m[K/opt/ros/humble/include/rclcpp/rclcpp/executor.hpp:37[m[K,
                 from [01m[K/opt/ros/humble/include/rclcpp/rclcpp/executors/multi_threaded_executor.hpp:25[m[K,
                 from [01m[K/opt/ros/humble/include/rclcpp/rclcpp/executors.hpp:21[m[K,
                 from [01m[K/opt/ros/humble/include/rclcpp/rclcpp/rclcpp.hpp:155[m[K,
                 from [01m[K/home/agxorin1/autonomousvehiclelab/isaac_ros-dev/src/twist_mux/include/twist_mux/twist_mux.hpp:38[m[K,
                 from [01m[K/home/agxorin1/autonomousvehiclelab/isaac_ros-dev/src/twist_mux/src/twist_mux.cpp:35[m[K:
[01m[K/opt/ros/humble/include/rclcpp/rclcpp/network_flow_endpoint.hpp:100:25:[m[K [01;36m[Knote: [m[Kcandidate: â€˜[01m[Kstd::ostream& rclcpp::operator<<(std::ostream&, const rclcpp::NetworkFlowEndpoint&)[m[Kâ€™
  100 |   friend std::ostream & [01;36m[Krclcpp[m[K::operator<<(
      |                         [01;36m[K^~~~~~[m[K
[01m[K/opt/ros/humble/include/rclcpp/rclcpp/network_flow_endpoint.hpp:42:74:[m[K [01;36m[Knote: [m[K  no known conversion for argument 2 from â€˜[01m[Krclcpp::Time[m[Kâ€™ to â€˜[01m[Kconst rclcpp::NetworkFlowEndpoint&[m[Kâ€™
   42 | std::ostream & operator<<(std::ostream & os, [01;36m[Kconst NetworkFlowEndpoint & network_flow_endpoint[m[K);
      |                                              [01;36m[K~~~~~~~~~~~~~~~~~~~~~~~~~~~~^~~~~~~~~~~~~~~~~~~~~[m[K
In file included from [01m[K/opt/ros/humble/include/rclcpp/rclcpp/subscription_options.hpp:30[m[K,
                 from [01m[K/opt/ros/humble/include/rclcpp/rclcpp/subscription.hpp:45[m[K,
                 from [01m[K/opt/ros/humble/include/rclcpp/rclcpp/any_executable.hpp:25[m[K,
                 from [01m[K/opt/ros/humble/include/rclcpp/rclcpp/memory_strategy.hpp:25[m[K,
                 from [01m[K/opt/ros/humble/include/rclcpp/rclcpp/memory_strategies.hpp:18[m[K,
                 from [01m[K/opt/ros/humble/include/rclcpp/rclcpp/executor_options.hpp:20[m[K,
                 from [01m[K/opt/ros/humble/include/rclcpp/rclcpp/executor.hpp:37[m[K,
                 from [01m[K/opt/ros/humble/include/rclcpp/rclcpp/executors/multi_threaded_executor.hpp:25[m[K,
                 from [01m[K/opt/ros/humble/include/rclcpp/rclcpp/executors.hpp:21[m[K,
                 from [01m[K/opt/ros/humble/include/rclcpp/rclcpp/rclcpp.hpp:155[m[K,
                 from [01m[K/home/agxorin1/autonomousvehiclelab/isaac_ros-dev/src/twist_mux/include/twist_mux/twist_mux.hpp:38[m[K,
                 from [01m[K/home/agxorin1/autonomousvehiclelab/isaac_ros-dev/src/twist_mux/src/twist_mux.cpp:35[m[K:
[01m[K/opt/ros/humble/include/rclcpp/rclcpp/qos_overriding_options.hpp:54:1:[m[K [01;36m[Knote: [m[Kcandidate: â€˜[01m[Kstd::ostream& rclcpp::operator<<(std::ostream&, const rclcpp::QosPolicyKind&)[m[Kâ€™
   54 | [01;36m[Koperator[m[K<<(std::ostream & os, const QosPolicyKind & qpk);
      | [01;36m[K^~~~~~~~[m[K
[01m[K/opt/ros/humble/include/rclcpp/rclcpp/qos_overriding_options.hpp:54:53:[m[K [01;36m[Knote: [m[K  no known conversion for argument 2 from â€˜[01m[Krclcpp::Time[m[Kâ€™ to â€˜[01m[Kconst rclcpp::QosPolicyKind&[m[Kâ€™
   54 | operator<<(std::ostream & os, [01;36m[Kconst QosPolicyKind & qpk[m[K);
      |                               [01;36m[K~~~~~~~~~~~~~~~~~~~~~~^~~[m[K
In file included from [01m[K/opt/ros/humble/include/rclcpp/rclcpp/executor.hpp:38[m[K,
                 from [01m[K/opt/ros/humble/include/rclcpp/rclcpp/executors/multi_threaded_executor.hpp:25[m[K,
                 from [01m[K/opt/ros/humble/include/rclcpp/rclcpp/executors.hpp:21[m[K,
                 from [01m[K/opt/ros/humble/include/rclcpp/rclcpp/rclcpp.hpp:155[m[K,
                 from [01m[K/home/agxorin1/autonomousvehiclelab/isaac_ros-dev/src/twist_mux/include/twist_mux/twist_mux.hpp:38[m[K,
                 from [01m[K/home/agxorin1/autonomousvehiclelab/isaac_ros-dev/src/twist_mux/src/twist_mux.cpp:35[m[K:
[01m[K/opt/ros/humble/include/rclcpp/rclcpp/future_return_code.hpp:38:1:[m[K [01;36m[Knote: [m[Kcandidate: â€˜[01m[Kstd::ostream& rclcpp::operator<<(std::ostream&, const rclcpp::FutureReturnCode&)[m[Kâ€™
   38 | [01;36m[Koperator[m[K<<(std::ostream & os, const FutureReturnCode & future_return_code);
      | [01;36m[K^~~~~~~~[m[K
[01m[K/opt/ros/humble/include/rclcpp/rclcpp/future_return_code.hpp:38:56:[m[K [01;36m[Knote: [m[K  no known conversion for argument 2 from â€˜[01m[Krclcpp::Time[m[Kâ€™ to â€˜[01m[Kconst rclcpp::FutureReturnCode&[m[Kâ€™
   38 | operator<<(std::ostream & os, [01;36m[Kconst FutureReturnCode & future_return_code[m[K);
      |                               [01;36m[K~~~~~~~~~~~~~~~~~~~~~~~~~^~~~~~~~~~~~~~~~~~[m[K
In file included from [01m[K/opt/ros/humble/include/rclcpp/rclcpp/parameter.hpp:26[m[K,
                 from [01m[K/opt/ros/humble/include/rclcpp/rclcpp/node_interfaces/node_parameters_interface.hpp:28[m[K,
                 from [01m[K/opt/ros/humble/include/rclcpp/rclcpp/node.hpp:54[m[K,
                 from [01m[K/opt/ros/humble/include/rclcpp/rclcpp/executors/single_threaded_executor.hpp:28[m[K,
                 from [01m[K/opt/ros/humble/include/rclcpp/rclcpp/executors.hpp:22[m[K,
                 from [01m[K/opt/ros/humble/include/rclcpp/rclcpp/rclcpp.hpp:155[m[K,
                 from [01m[K/home/agxorin1/autonomousvehiclelab/isaac_ros-dev/src/twist_mux/include/twist_mux/twist_mux.hpp:38[m[K,
                 from [01m[K/home/agxorin1/autonomousvehiclelab/isaac_ros-dev/src/twist_mux/src/twist_mux.cpp:35[m[K:
[01m[K/opt/ros/humble/include/rclcpp/rclcpp/parameter_value.hpp:53:1:[m[K [01;36m[Knote: [m[Kcandidate: â€˜[01m[Kstd::ostream& rclcpp::operator<<(std::ostream&, rclcpp::ParameterType)[m[Kâ€™
   53 | [01;36m[Koperator[m[K<<(std::ostream & os, ParameterType type);
      | [01;36m[K^~~~~~~~[m[K
[01m[K/opt/ros/humble/include/rclcpp/rclcpp/parameter_value.hpp:53:45:[m[K [01;36m[Knote: [m[K  no known conversion for argument 2 from â€˜[01m[Krclcpp::Time[m[Kâ€™ to â€˜[01m[Krclcpp::ParameterType[m[Kâ€™
   53 | operator<<(std::ostream & os, [01;36m[KParameterType type[m[K);
      |                               [01;36m[K~~~~~~~~~~~~~~^~~~[m[K
In file included from [01m[K/opt/ros/humble/include/rclcpp/rclcpp/node_interfaces/node_parameters_interface.hpp:28[m[K,
                 from [01m[K/opt/ros/humble/include/rclcpp/rclcpp/node.hpp:54[m[K,
                 from [01m[K/opt/ros/humble/include/rclcpp/rclcpp/executors/single_threaded_executor.hpp:28[m[K,
                 from [01m[K/opt/ros/humble/include/rclcpp/rclcpp/executors.hpp:22[m[K,
                 from [01m[K/opt/ros/humble/include/rclcpp/rclcpp/rclcpp.hpp:155[m[K,
                 from [01m[K/home/agxorin1/autonomousvehiclelab/isaac_ros-dev/src/twist_mux/include/twist_mux/twist_mux.hpp:38[m[K,
                 from [01m[K/home/agxorin1/autonomousvehiclelab/isaac_ros-dev/src/twist_mux/src/twist_mux.cpp:35[m[K:
[01m[K/opt/ros/humble/include/rclcpp/rclcpp/parameter.hpp:226:1:[m[K [01;36m[Knote: [m[Kcandidate: â€˜[01m[Kstd::ostream& rclcpp::operator<<(std::ostream&, const rclcpp::Parameter&)[m[Kâ€™
  226 | [01;36m[Koperator[m[K<<(std::ostream & os, const rclcpp::Parameter & pv);
      | [01;36m[K^~~~~~~~[m[K
[01m[K/opt/ros/humble/include/rclcpp/rclcpp/parameter.hpp:226:57:[m[K [01;36m[Knote: [m[K  no known conversion for argument 2 from â€˜[01m[Krclcpp::Time[m[Kâ€™ to â€˜[01m[Kconst rclcpp::Parameter&[m[Kâ€™
  226 | operator<<(std::ostream & os, [01;36m[Kconst rclcpp::Parameter & pv[m[K);
      |                               [01;36m[K~~~~~~~~~~~~~~~~~~~~~~~~~~^~[m[K
[01m[K/opt/ros/humble/include/rclcpp/rclcpp/parameter.hpp:230:1:[m[K [01;36m[Knote: [m[Kcandidate: â€˜[01m[Kstd::ostream& rclcpp::operator<<(std::ostream&, const std::vector<rclcpp::Parameter>&)[m[Kâ€™
  230 | [01;36m[Koperator[m[K<<(std::ostream & os, const std::vector<Parameter> & parameters);
      | [01;36m[K^~~~~~~~[m[K
[01m[K/opt/ros/humble/include/rclcpp/rclcpp/parameter.hpp:230:62:[m[K [01;36m[Knote: [m[K  no known conversion for argument 2 from â€˜[01m[Krclcpp::Time[m[Kâ€™ to â€˜[01m[Kconst std::vector<rclcpp::Parameter>&[m[Kâ€™
  230 | operator<<(std::ostream & os, [01;36m[Kconst std::vector<Parameter> & parameters[m[K);
      |                               [01;36m[K~~~~~~~~~~~~~~~~~~~~~~~~~~~~~~~^~~~~~~~~~[m[K
gmake[2]: *** [CMakeFiles/twist_mux.dir/build.make:104: CMakeFiles/twist_mux.dir/src/twist_mux_diagnostics.cpp.o] Error 1
gmake[2]: *** Waiting for unfinished jobs....
gmake[2]: *** [CMakeFiles/twist_mux.dir/build.make:76: CMakeFiles/twist_mux.dir/src/twist_mux.cpp.o] Error 1
gmake[1]: *** [CMakeFiles/Makefile2:139: CMakeFiles/twist_mux.dir/all] Error 2
gmake: *** [Makefile:146: all] Error 2
