[0.006s] Invoking command in '/media/snow/Heavy_Duty/ros2_package/src/camera_mananger/build/camera_mananger': CMAKE_PREFIX_PATH=/opt/ros/humble /usr/bin/cmake --build /media/snow/Heavy_Duty/ros2_package/src/camera_mananger/build/camera_mananger -- -j4 -l4
[0.040s] [35m[1mConsolidate compiler generated dependencies of target listener[0m
[0.050s] [ 50%] Built target publisher
[0.050s] [ 75%] [32mBuilding CXX object CMakeFiles/listener.dir/src/camera_simulator.cpp.o[0m
[0.380s] In file included from [01m[K/media/snow/Heavy_Duty/ros2_package/src/camera_mananger/src/camera_simulator.cpp:7[m[K:
[0.380s] [01m[K/opt/ros/humble/include/image_transport/image_transport/image_transport.h:32:89:[m[K [01;36m[Knote: [m[Kâ€˜[01m[K#pragma message: Warning: This header is deprecated. Use 'image_transport.hpp' instead[m[Kâ€™
[0.380s]    32 | #pragma message ("Warning: This header is deprecated. Use 'image_transport.hpp' instead"[01;36m[K)[m[K
[0.380s]       |                                                                                         [01;36m[K^[m[K
[1.609s] [01m[K/media/snow/Heavy_Duty/ros2_package/src/camera_mananger/src/camera_simulator.cpp:[m[K In constructor â€˜[01m[KFrameMangSub::FrameMangSub()[m[Kâ€™:
[1.610s] [01m[K/media/snow/Heavy_Duty/ros2_package/src/camera_mananger/src/camera_simulator.cpp:34:42:[m[K [01;35m[Kwarning: [m[Kunused variable â€˜[01m[Kentry[m[Kâ€™ [[01;35m[K]8;;https://gcc.gnu.org/onlinedocs/gcc/Warning-Options.html#index-Wunused-variable-Wunused-variable]8;;[m[K]
[1.610s]    34 |                         for (const auto &[01;35m[Kentry[m[K : fs::directory_iterator(drive)){
[1.610s]       |                                          [01;35m[K^~~~~[m[K
[1.616s] [01m[K/media/snow/Heavy_Duty/ros2_package/src/camera_mananger/src/camera_simulator.cpp:[m[K In member function â€˜[01m[Kvoid FrameMangSub::topic_callback(const Image&)[m[Kâ€™:
[1.616s] [01m[K/media/snow/Heavy_Duty/ros2_package/src/camera_mananger/src/camera_simulator.cpp:85:78:[m[K [01;31m[Kerror: [m[Kâ€˜[01m[Kfile_type[m[Kâ€™ was not declared in this scope; did you mean â€˜[01m[Kstd::filesystem::file_type[m[Kâ€™?
[1.616s]    85 |                         int mb = fs::file_size(drive + "/" + logging_files + [01;31m[Kfile_type[m[K) / 1024 / 1024;
[1.616s]       |                                                                              [01;31m[K^~~~~~~~~[m[K
[1.616s]       |                                                                              [32m[Kstd::filesystem::file_type[m[K
[1.616s] In file included from [01m[K/usr/include/c++/11/filesystem:44[m[K,
[1.616s]                  from [01m[K/media/snow/Heavy_Duty/ros2_package/src/camera_mananger/src/camera_simulator.cpp:4[m[K:
[1.616s] [01m[K/usr/include/c++/11/bits/fs_fwd.h:78:14:[m[K [01;36m[Knote: [m[Kâ€˜[01m[Kstd::filesystem::file_type[m[Kâ€™ declared here
[1.616s]    78 |   enum class [01;36m[Kfile_type[m[K : signed char {
[1.616s]       |              [01;36m[K^~~~~~~~~[m[K
[1.617s] In file included from [01m[K/opt/ros/humble/include/rclcpp/rclcpp/logging.hpp:24[m[K,
[1.617s]                  from [01m[K/opt/ros/humble/include/rclcpp/rclcpp/client.hpp:40[m[K,
[1.617s]                  from [01m[K/opt/ros/humble/include/rclcpp/rclcpp/callback_group.hpp:24[m[K,
[1.617s]                  from [01m[K/opt/ros/humble/include/rclcpp/rclcpp/node.hpp:40[m[K,
[1.617s]                  from [01m[K/opt/ros/humble/include/image_transport/image_transport/image_transport.hpp:37[m[K,
[1.617s]                  from [01m[K/opt/ros/humble/include/image_transport/image_transport/image_transport.h:34[m[K,
[1.617s]                  from [01m[K/media/snow/Heavy_Duty/ros2_package/src/camera_mananger/src/camera_simulator.cpp:7[m[K:
[1.617s] [01m[K/media/snow/Heavy_Duty/ros2_package/src/camera_mananger/src/camera_simulator.cpp:102:58:[m[K [01;35m[Kwarning: [m[Kformat â€˜[01m[K%s[m[Kâ€™ expects argument of type â€˜[01m[Kchar*[m[Kâ€™, but argument 5 has type â€˜[01m[Kstd::string[m[Kâ€™ {aka â€˜[01m[Kstd::__cxx11::basic_string<char>[m[Kâ€™} [[01;35m[K]8;;https://gcc.gnu.org/onlinedocs/gcc/Warning-Options.html#index-Wformat=-Wformat=]8;;[m[K]
[1.617s]   102 |                         RCLCPP_DEBUG(this->get_logger(), [01;35m[K"%s"[m[K, result);
[1.617s]       |                                                          [01;35m[K^~~~[m[K
[1.617s] [01m[K/media/snow/Heavy_Duty/ros2_package/src/camera_mananger/src/camera_simulator.cpp:102:60:[m[K [01;36m[Knote: [m[Kformat string is defined here
[1.617s]   102 |                         RCLCPP_DEBUG(this->get_logger(), "[01;36m[K%s[m[K", result);
[1.617s]       |                                                           [01;36m[K~^[m[K
[1.617s]       |                                                            [01;36m[K|[m[K
[1.617s]       |                                                            [01;36m[Kchar*[m[K
[2.635s] gmake[2]: *** [CMakeFiles/listener.dir/build.make:76: CMakeFiles/listener.dir/src/camera_simulator.cpp.o] Error 1
[2.635s] gmake[1]: *** [CMakeFiles/Makefile2:139: CMakeFiles/listener.dir/all] Error 2
[2.635s] gmake: *** [Makefile:146: all] Error 2
[2.637s] Invoked command in '/media/snow/Heavy_Duty/ros2_package/src/camera_mananger/build/camera_mananger' returned '2': CMAKE_PREFIX_PATH=/opt/ros/humble /usr/bin/cmake --build /media/snow/Heavy_Duty/ros2_package/src/camera_mananger/build/camera_mananger -- -j4 -l4
